#
# A fatal error has been detected by the Java Runtime Environment:
#
#  SIGSEGV (0xb) at pc=0x00007fafe1edcb44, pid=22082, tid=22109
#
# JRE version: OpenJDK Runtime Environment (13.0.7+5) (build 13.0.7+5-Ubuntu-0ubuntu120.04)
# Java VM: OpenJDK 64-Bit Server VM (13.0.7+5-Ubuntu-0ubuntu120.04, mixed mode, tiered, compressed oops, g1 gc, linux-amd64)
# Problematic frame:
# C  [libX11.so.6+0x23b44]  XGetInputFocus+0x64
#
# Core dump will be written. Default location: Core dumps may be processed with "/usr/share/apport/apport %p %s %c %d %P %E" (or dumping to /home/miguel/NetBeansProjects/TurkeyDesktop/core.22082)
#
# If you would like to submit a bug report, please visit:
#   Unknown
# The crash happened outside the Java Virtual Machine in native code.
# See problematic frame for where to report the bug.
#

---------------  S U M M A R Y ------------

Command Line: devs.mrp.turkeydesktop.Runner

Host: Intel(R) Core(TM) i5-2450M CPU @ 2.50GHz, 4 cores, 7G, Ubuntu 20.04.3 LTS
Time: Mon Nov  8 20:19:40 2021 CET elapsed time: 4.140101 seconds (0d 0h 0m 4s)

---------------  T H R E A D  ---------------

Current thread (0x00007fb01445a000):  JavaThread "AWT-EventQueue-0" [_thread_in_native, id=22109, stack(0x00007fafe0391000,0x00007fafe0492000)]

Stack: [0x00007fafe0391000,0x00007fafe0492000],  sp=0x00007fafe048ef60,  free space=1015k
Native frames: (J=compiled Java code, A=aot compiled Java code, j=interpreted, Vv=VM code, C=native code)
C  [libX11.so.6+0x23b44]  XGetInputFocus+0x64

Java frames: (J=compiled Java code, j=interpreted, Vv=VM code)
j  com.sun.jna.Native.invokeInt(Lcom/sun/jna/Function;JI[Ljava/lang/Object;)I+0
j  com.sun.jna.Function.invoke([Ljava/lang/Object;Ljava/lang/Class;ZI)Ljava/lang/Object;+211
j  com.sun.jna.Function.invoke(Ljava/lang/reflect/Method;[Ljava/lang/Class;Ljava/lang/Class;[Ljava/lang/Object;Ljava/util/Map;)Ljava/lang/Object;+271
j  com.sun.jna.Library$Handler.invoke(Ljava/lang/Object;Ljava/lang/reflect/Method;[Ljava/lang/Object;)Ljava/lang/Object;+390
j  com.sun.proxy.$Proxy1.XGetInputFocus(Lcom/sun/jna/platform/unix/X11$Display;Lcom/sun/jna/platform/unix/X11$WindowByReference;Lcom/sun/jna/Pointer;)I+24
j  devs.mrp.turkeydesktop.service.processchecker.CheckerChainHandlerLinux.handle(Ldevs/mrp/turkeydesktop/common/Dupla;)V+34
j  devs.mrp.turkeydesktop.service.processchecker.CheckerChainHandlerLinux.handle(Ljava/lang/Object;)V+5
j  devs.mrp.turkeydesktop.common.ChainHandler.receiveRequest(Ljava/lang/String;Ljava/lang/Object;)V+27
j  devs.mrp.turkeydesktop.service.processchecker.ProcessChecker.currentProcessName()Ljava/lang/String;+10
j  devs.mrp.turkeydesktop.service.watchdog.WatchDog.doLoopedStuff()V+57
j  devs.mrp.turkeydesktop.service.watchdog.WatchDog$1.process(Ljava/util/List;)V+4
j  javax.swing.SwingWorker$3.run(Ljava/util/List;)V+5 java.desktop@13.0.7
j  sun.swing.AccumulativeRunnable.run()V+5 java.desktop@13.0.7
j  javax.swing.SwingWorker$DoSubmitAccumulativeRunnable.run(Ljava/util/List;)V+27 java.desktop@13.0.7
j  sun.swing.AccumulativeRunnable.run()V+5 java.desktop@13.0.7
j  javax.swing.SwingWorker$DoSubmitAccumulativeRunnable.actionPerformed(Ljava/awt/event/ActionEvent;)V+1 java.desktop@13.0.7
j  javax.swing.Timer.fireActionPerformed(Ljava/awt/event/ActionEvent;)V+34 java.desktop@13.0.7
j  javax.swing.Timer$DoPostEvent.run()V+61 java.desktop@13.0.7
j  java.awt.event.InvocationEvent.dispatch()V+47 java.desktop@13.0.7
j  java.awt.EventQueue.dispatchEventImpl(Ljava/awt/AWTEvent;Ljava/lang/Object;)V+21 java.desktop@13.0.7
j  java.awt.EventQueue$4.run()Ljava/lang/Void;+32 java.desktop@13.0.7
j  java.awt.EventQueue$4.run()Ljava/lang/Object;+1 java.desktop@13.0.7
J 623 c1 java.security.AccessController.executePrivileged(Ljava/security/PrivilegedAction;Ljava/security/AccessControlContext;Ljava/lang/Class;)Ljava/lang/Object; java.base@13.0.7 (65 bytes) @ 0x00007faffce02794 [0x00007faffce02640+0x0000000000000154]
j  java.security.AccessController.doPrivileged(Ljava/security/PrivilegedAction;Ljava/security/AccessControlContext;)Ljava/lang/Object;+13 java.base@13.0.7
j  java.security.ProtectionDomain$JavaSecurityAccessImpl.doIntersectionPrivilege(Ljava/security/PrivilegedAction;Ljava/security/AccessControlContext;Ljava/security/AccessControlContext;)Ljava/lang/Object;+18 java.base@13.0.7
j  java.awt.EventQueue.dispatchEvent(Ljava/awt/AWTEvent;)V+46 java.desktop@13.0.7
j  java.awt.EventDispatchThread.pumpOneEventForFilters(I)V+78 java.desktop@13.0.7
j  java.awt.EventDispatchThread.pumpEventsForFilter(ILjava/awt/Conditional;Ljava/awt/EventFilter;)V+35 java.desktop@13.0.7
j  java.awt.EventDispatchThread.pumpEventsForHierarchy(ILjava/awt/Conditional;Ljava/awt/Component;)V+11 java.desktop@13.0.7
j  java.awt.EventDispatchThread.pumpEvents(ILjava/awt/Conditional;)V+4 java.desktop@13.0.7
j  java.awt.EventDispatchThread.pumpEvents(Ljava/awt/Conditional;)V+3 java.desktop@13.0.7
j  java.awt.EventDispatchThread.run()V+9 java.desktop@13.0.7
v  ~StubRoutines::call_stub

siginfo: si_signo: 11 (SIGSEGV), si_code: 1 (SEGV_MAPERR), si_addr: 0x0000000000000000

Register to memory mapping:

RAX=0x0000000000000001 is an unknown value
RBX=0x0 is NULL
RCX=0x0 is NULL
RDX=0x0 is NULL
RSP=0x00007fafe048ef60 is pointing into the stack for thread: 0x00007fb01445a000
RBP=0x00007faf94103920 points into unknown readable memory: 00 00 00 00 00 00 00 00
RSI=0x00007faf941128f0 points into unknown readable memory: 00 00 00 00 00 00 00 00
RDI=0x00007faf940008d2 points into unknown readable memory: 01 00 00 00 01 00
R8 =0x0 is NULL
R9 =0x0000000000000001 is an unknown value
R10=0x00007faf940008d0 points into unknown readable memory: 01 00 01 00 00 00 01 00
R11=0x00007faf94000080 points into unknown readable memory: 70 56 14 94 af 7f 00 00
R12=0x00007faf941127b0 points into unknown readable memory: 1f 00 80 03 00 00 00 00
R13=0x0000000000000008 is an unknown value
R14=0x0000000000000003 is an unknown value
R15=0x00007fafe048f0d0 is pointing into the stack for thread: 0x00007fb01445a000


Registers:
RAX=0x0000000000000001, RBX=0x0000000000000000, RCX=0x0000000000000000, RDX=0x0000000000000000
RSP=0x00007fafe048ef60, RBP=0x00007faf94103920, RSI=0x00007faf941128f0, RDI=0x00007faf940008d2
R8 =0x0000000000000000, R9 =0x0000000000000001, R10=0x00007faf940008d0, R11=0x00007faf94000080
R12=0x00007faf941127b0, R13=0x0000000000000008, R14=0x0000000000000003, R15=0x00007fafe048f0d0
RIP=0x00007fafe1edcb44, EFLAGS=0x0000000000010206, CSGSFS=0x002b000000000033, ERR=0x0000000000000006
  TRAPNO=0x000000000000000e

Top of Stack: (sp=0x00007fafe048ef60)
0x00007fafe048ef60:   0000000000070101 000000000380001f
0x00007fafe048ef70:   0000000000000000 0000000000000000
0x00007fafe048ef80:   00007faf940985e0 0228e833a626fa00
0x00007fafe048ef90:   0000000000000018 00007fafe048efb0 

Instructions: (pc=0x00007fafe1edcb44)
0x00007fafe1edca44:   63 ff 48 0f 44 f8 e8 41 53 ff ff 48 89 03 49 89
0x00007fafe1edca54:   c6 48 85 c0 74 7b 48 89 ee 48 89 c7 e8 0b 4f ff
0x00007fafe1edca64:   ff 49 63 c5 48 3b 44 24 10 75 07 41 83 ed 01 49
0x00007fafe1edca74:   63 c5 4c 8d 6c 05 01 4c 89 ef e8 1d 50 ff ff 8d
0x00007fafe1edca84:   78 01 83 f8 ff b8 01 00 00 00 48 63 ff 48 0f 44
0x00007fafe1edca94:   f8 e8 f6 52 ff ff 48 89 43 08 48 89 c7 48 85 c0
0x00007fafe1edcaa4:   74 20 4c 89 ee 41 bc 01 00 00 00 e8 bc 4e ff ff
0x00007fafe1edcab4:   48 89 ef e8 14 4e ff ff e9 4a ff ff ff e8 fa 4f
0x00007fafe1edcac4:   ff ff 4c 89 f7 e8 02 4e ff ff 48 c7 03 00 00 00
0x00007fafe1edcad4:   00 48 89 ef e9 29 ff ff ff 0f 1f 00 f3 0f 1e fa
0x00007fafe1edcae4:   41 54 49 89 f4 55 48 89 fd 53 48 89 d3 48 83 ec
0x00007fafe1edcaf4:   30 64 48 8b 04 25 28 00 00 00 48 89 44 24 28 31
0x00007fafe1edcb04:   c0 48 8b 87 68 09 00 00 48 85 c0 74 02 ff 10 ba
0x00007fafe1edcb14:   04 00 00 00 be 2b 00 00 00 48 89 ef e8 5b de 01
0x00007fafe1edcb24:   00 48 89 e6 b9 01 00 00 00 31 d2 48 89 ef e8 a9
0x00007fafe1edcb34:   b2 01 00 8b 44 24 08 49 89 04 24 0f b6 44 24 01
0x00007fafe1edcb44:   89 03 48 8b 85 68 09 00 00 48 85 c0 74 06 48 89
0x00007fafe1edcb54:   ef ff 50 08 48 8b 85 d0 00 00 00 48 85 c0 74 05
0x00007fafe1edcb64:   48 89 ef ff d0 48 8b 44 24 28 64 48 33 04 25 28
0x00007fafe1edcb74:   00 00 00 75 0e 48 83 c4 30 b8 01 00 00 00 5b 5d
0x00007fafe1edcb84:   41 5c c3 e8 34 4f ff ff 0f 1f 40 00 f3 0f 1e fa
0x00007fafe1edcb94:   41 57 49 89 ff 41 56 49 89 f6 41 55 41 89 d5 41
0x00007fafe1edcba4:   54 41 89 cc 55 44 89 cd 53 44 89 c3 48 83 ec 48
0x00007fafe1edcbb4:   64 48 8b 04 25 28 00 00 00 48 89 44 24 38 31 c0
0x00007fafe1edcbc4:   48 8b 87 68 09 00 00 48 85 c0 74 02 ff 10 ba 14
0x00007fafe1edcbd4:   00 00 00 be 49 00 00 00 4c 89 ff e8 9c dd 01 00
0x00007fafe1edcbe4:   31 d2 48 8d 74 24 10 4c 89 ff 8b 8c 24 80 00 00
0x00007fafe1edcbf4:   00 44 89 70 04 66 44 89 68 08 89 48 10 0f b6 8c
0x00007fafe1edcc04:   24 88 00 00 00 66 44 89 60 0a 88 48 01 31 c9 66
0x00007fafe1edcc14:   89 58 0c 66 89 68 0e e8 c0 b1 01 00 85 c0 0f 84
0x00007fafe1edcc24:   08 02 00 00 8b 44 24 14 85 c0 0f 84 fc 01 00 00
0x00007fafe1edcc34:   41 89 c5 3d fe ff ff 1f 0f 87 af 56 ff ff 4e 8d 


Stack slot to memory mapping:
stack at sp + 0 slots: 0x0000000000070101 is an unknown value
stack at sp + 1 slots: 0x000000000380001f is an unknown value
stack at sp + 2 slots: 0x0 is NULL
stack at sp + 3 slots: 0x0 is NULL
stack at sp + 4 slots: 0x00007faf940985e0 points into unknown readable memory: 00 20 7e b2 af 7f 00 00
stack at sp + 5 slots: 0x0228e833a626fa00 is an unknown value
stack at sp + 6 slots: 0x0000000000000018 is an unknown value
stack at sp + 7 slots: 0x00007fafe048efb0 is pointing into the stack for thread: 0x00007fb01445a000


---------------  P R O C E S S  ---------------

Threads class SMR info:
_java_thread_list=0x00007fafc822fb80, length=18, elements={
0x00007fb014162000, 0x00007fb014165800, 0x00007fb01418a800, 0x00007fb01418c800,
0x00007fb01418e800, 0x00007fb014190800, 0x00007fb014192800, 0x00007fb014209800,
0x00007fb0143c9800, 0x00007fb0143fb000, 0x00007fb014458800, 0x00007fb01445a000,
0x00007fb01445f000, 0x00007fb0144f0000, 0x00007fb014019800, 0x00007faf8c002800,
0x00007faf940c2000, 0x00007fafc822e800
}

Java Threads: ( => current thread )
  0x00007fb014162000 JavaThread "Reference Handler" daemon [_thread_blocked, id=22094, stack(0x00007fafe34bf000,0x00007fafe35c0000)]
  0x00007fb014165800 JavaThread "Finalizer" daemon [_thread_blocked, id=22095, stack(0x00007fafe33be000,0x00007fafe34bf000)]
  0x00007fb01418a800 JavaThread "Signal Dispatcher" daemon [_thread_blocked, id=22096, stack(0x00007fafe27be000,0x00007fafe28bf000)]
  0x00007fb01418c800 JavaThread "Service Thread" daemon [_thread_blocked, id=22097, stack(0x00007fafe26bd000,0x00007fafe27be000)]
  0x00007fb01418e800 JavaThread "C2 CompilerThread0" daemon [_thread_blocked, id=22098, stack(0x00007fafe25bc000,0x00007fafe26bd000)]
  0x00007fb014190800 JavaThread "C1 CompilerThread0" daemon [_thread_blocked, id=22099, stack(0x00007fafe24bb000,0x00007fafe25bc000)]
  0x00007fb014192800 JavaThread "Sweeper thread" daemon [_thread_blocked, id=22100, stack(0x00007fafe23ba000,0x00007fafe24bb000)]
  0x00007fb014209800 JavaThread "Common-Cleaner" daemon [_thread_blocked, id=22102, stack(0x00007fafe21b7000,0x00007fafe22b8000)]
  0x00007fb0143c9800 JavaThread "Java2D Disposer" daemon [_thread_blocked, id=22106, stack(0x00007fafe06ca000,0x00007fafe07cb000)]
  0x00007fb0143fb000 JavaThread "AWT-XAWT" daemon [_thread_in_native, id=22107, stack(0x00007fafe0593000,0x00007fafe0694000)]
  0x00007fb014458800 JavaThread "AWT-Shutdown" [_thread_blocked, id=22108, stack(0x00007fafe0492000,0x00007fafe0593000)]
=>0x00007fb01445a000 JavaThread "AWT-EventQueue-0" [_thread_in_native, id=22109, stack(0x00007fafe0391000,0x00007fafe0492000)]
  0x00007fb01445f000 JavaThread "Image Fetcher 0" daemon [_thread_blocked, id=22110, stack(0x00007fafe0090000,0x00007fafe0191000)]
  0x00007fb0144f0000 JavaThread "SwingWorker-pool-1-thread-1" daemon [_thread_blocked, id=22114, stack(0x00007fafb2afd000,0x00007fafb2bfe000)]
  0x00007fb014019800 JavaThread "DestroyJavaVM" [_thread_blocked, id=22083, stack(0x00007fb01b050000,0x00007fb01b151000)]
  0x00007faf8c002800 JavaThread "TimerQueue" daemon [_thread_blocked, id=22115, stack(0x00007fafb29fc000,0x00007fafb2afd000)]
  0x00007faf940c2000 JavaThread "process reaper" daemon [_thread_blocked, id=22117, stack(0x00007fafe06a8000,0x00007fafe06ca000)]
  0x00007fafc822e800 JavaThread "C2 CompilerThread1" daemon [_thread_in_native, id=22118, stack(0x00007fafb24e1000,0x00007fafb25e2000)]

Other Threads:
  0x00007fb014156000 VMThread "VM Thread" [stack: 0x00007fafe35c2000,0x00007fafe36c2000] [id=22093]
  0x00007fb0141fd800 WatcherThread [stack: 0x00007fafe22ba000,0x00007fafe23ba000] [id=22101]
  0x00007fb01405a000 GCTaskThread "GC Thread#0" [stack: 0x00007faffa84a000,0x00007faffa94a000] [id=22084]
  0x00007fb01406b800 ConcurrentGCThread "G1 Main Marker" [stack: 0x00007faffa748000,0x00007faffa848000] [id=22085]
  0x00007fb01406d000 ConcurrentGCThread "G1 Conc#0" [stack: 0x00007faffa646000,0x00007faffa746000] [id=22086]
  0x00007fb0140e4800 ConcurrentGCThread "G1 Refine#0" [stack: 0x00007faff8140000,0x00007faff8240000] [id=22087]
  0x00007fb0140e6000 ConcurrentGCThread "G1 Young RemSet Sampling" [stack: 0x00007faff803e000,0x00007faff813e000] [id=22088]

Threads with active compile tasks:
C2 CompilerThread1     4175  970       4       java.lang.reflect.ProxyGenerator$ConstantPool::getValue (87 bytes)

VM state:not at safepoint (normal execution)

VM Mutex/Monitor currently owned by a thread: None

Heap address: 0x0000000087000000, size: 1936 MB, Compressed Oops mode: 32-bit
Narrow klass base: 0x0000000000000000, Narrow klass shift: 3
Compressed class space size: 1073741824 Address: 0x0000000100000000

Heap:
 garbage-first heap   total 124928K, used 11264K [0x0000000087000000, 0x0000000100000000)
  region size 1024K, 12 young (12288K), 0 survivors (0K)
 Metaspace       used 18900K, capacity 19209K, committed 19584K, reserved 1067008K
  class space    used 1936K, capacity 2067K, committed 2176K, reserved 1048576K
Heap Regions: E=young(eden), S=young(survivor), O=old, HS=humongous(starts), HC=humongous(continues), CS=collection set, F=free, A=archive, TAMS=top-at-mark-start (previous, next)
|   0|0x0000000087000000, 0x0000000087000000, 0x0000000087100000|  0%| F|  |TAMS 0x0000000087000000, 0x0000000087000000| Untracked 
|   1|0x0000000087100000, 0x0000000087100000, 0x0000000087200000|  0%| F|  |TAMS 0x0000000087100000, 0x0000000087100000| Untracked 
|   2|0x0000000087200000, 0x0000000087200000, 0x0000000087300000|  0%| F|  |TAMS 0x0000000087200000, 0x0000000087200000| Untracked 
|   3|0x0000000087300000, 0x0000000087300000, 0x0000000087400000|  0%| F|  |TAMS 0x0000000087300000, 0x0000000087300000| Untracked 
|   4|0x0000000087400000, 0x0000000087400000, 0x0000000087500000|  0%| F|  |TAMS 0x0000000087400000, 0x0000000087400000| Untracked 
|   5|0x0000000087500000, 0x0000000087500000, 0x0000000087600000|  0%| F|  |TAMS 0x0000000087500000, 0x0000000087500000| Untracked 
|   6|0x0000000087600000, 0x0000000087600000, 0x0000000087700000|  0%| F|  |TAMS 0x0000000087600000, 0x0000000087600000| Untracked 
|   7|0x0000000087700000, 0x0000000087700000, 0x0000000087800000|  0%| F|  |TAMS 0x0000000087700000, 0x0000000087700000| Untracked 
|   8|0x0000000087800000, 0x0000000087800000, 0x0000000087900000|  0%| F|  |TAMS 0x0000000087800000, 0x0000000087800000| Untracked 
|   9|0x0000000087900000, 0x0000000087900000, 0x0000000087a00000|  0%| F|  |TAMS 0x0000000087900000, 0x0000000087900000| Untracked 
|  10|0x0000000087a00000, 0x0000000087a00000, 0x0000000087b00000|  0%| F|  |TAMS 0x0000000087a00000, 0x0000000087a00000| Untracked 
|  11|0x0000000087b00000, 0x0000000087b00000, 0x0000000087c00000|  0%| F|  |TAMS 0x0000000087b00000, 0x0000000087b00000| Untracked 
|  12|0x0000000087c00000, 0x0000000087c00000, 0x0000000087d00000|  0%| F|  |TAMS 0x0000000087c00000, 0x0000000087c00000| Untracked 
|  13|0x0000000087d00000, 0x0000000087d00000, 0x0000000087e00000|  0%| F|  |TAMS 0x0000000087d00000, 0x0000000087d00000| Untracked 
|  14|0x0000000087e00000, 0x0000000087e00000, 0x0000000087f00000|  0%| F|  |TAMS 0x0000000087e00000, 0x0000000087e00000| Untracked 
|  15|0x0000000087f00000, 0x0000000087f00000, 0x0000000088000000|  0%| F|  |TAMS 0x0000000087f00000, 0x0000000087f00000| Untracked 
|  16|0x0000000088000000, 0x0000000088000000, 0x0000000088100000|  0%| F|  |TAMS 0x0000000088000000, 0x0000000088000000| Untracked 
|  17|0x0000000088100000, 0x0000000088100000, 0x0000000088200000|  0%| F|  |TAMS 0x0000000088100000, 0x0000000088100000| Untracked 
|  18|0x0000000088200000, 0x0000000088200000, 0x0000000088300000|  0%| F|  |TAMS 0x0000000088200000, 0x0000000088200000| Untracked 
|  19|0x0000000088300000, 0x0000000088300000, 0x0000000088400000|  0%| F|  |TAMS 0x0000000088300000, 0x0000000088300000| Untracked 
|  20|0x0000000088400000, 0x0000000088400000, 0x0000000088500000|  0%| F|  |TAMS 0x0000000088400000, 0x0000000088400000| Untracked 
|  21|0x0000000088500000, 0x0000000088500000, 0x0000000088600000|  0%| F|  |TAMS 0x0000000088500000, 0x0000000088500000| Untracked 
|  22|0x0000000088600000, 0x0000000088600000, 0x0000000088700000|  0%| F|  |TAMS 0x0000000088600000, 0x0000000088600000| Untracked 
|  23|0x0000000088700000, 0x0000000088700000, 0x0000000088800000|  0%| F|  |TAMS 0x0000000088700000, 0x0000000088700000| Untracked 
|  24|0x0000000088800000, 0x0000000088800000, 0x0000000088900000|  0%| F|  |TAMS 0x0000000088800000, 0x0000000088800000| Untracked 
|  25|0x0000000088900000, 0x0000000088900000, 0x0000000088a00000|  0%| F|  |TAMS 0x0000000088900000, 0x0000000088900000| Untracked 
|  26|0x0000000088a00000, 0x0000000088a00000, 0x0000000088b00000|  0%| F|  |TAMS 0x0000000088a00000, 0x0000000088a00000| Untracked 
|  27|0x0000000088b00000, 0x0000000088b00000, 0x0000000088c00000|  0%| F|  |TAMS 0x0000000088b00000, 0x0000000088b00000| Untracked 
|  28|0x0000000088c00000, 0x0000000088c00000, 0x0000000088d00000|  0%| F|  |TAMS 0x0000000088c00000, 0x0000000088c00000| Untracked 
|  29|0x0000000088d00000, 0x0000000088d00000, 0x0000000088e00000|  0%| F|  |TAMS 0x0000000088d00000, 0x0000000088d00000| Untracked 
|  30|0x0000000088e00000, 0x0000000088e00000, 0x0000000088f00000|  0%| F|  |TAMS 0x0000000088e00000, 0x0000000088e00000| Untracked 
|  31|0x0000000088f00000, 0x0000000088f00000, 0x0000000089000000|  0%| F|  |TAMS 0x0000000088f00000, 0x0000000088f00000| Untracked 
|  32|0x0000000089000000, 0x0000000089000000, 0x0000000089100000|  0%| F|  |TAMS 0x0000000089000000, 0x0000000089000000| Untracked 
|  33|0x0000000089100000, 0x0000000089100000, 0x0000000089200000|  0%| F|  |TAMS 0x0000000089100000, 0x0000000089100000| Untracked 
|  34|0x0000000089200000, 0x0000000089200000, 0x0000000089300000|  0%| F|  |TAMS 0x0000000089200000, 0x0000000089200000| Untracked 
|  35|0x0000000089300000, 0x0000000089300000, 0x0000000089400000|  0%| F|  |TAMS 0x0000000089300000, 0x0000000089300000| Untracked 
|  36|0x0000000089400000, 0x0000000089400000, 0x0000000089500000|  0%| F|  |TAMS 0x0000000089400000, 0x0000000089400000| Untracked 
|  37|0x0000000089500000, 0x0000000089500000, 0x0000000089600000|  0%| F|  |TAMS 0x0000000089500000, 0x0000000089500000| Untracked 
|  38|0x0000000089600000, 0x0000000089600000, 0x0000000089700000|  0%| F|  |TAMS 0x0000000089600000, 0x0000000089600000| Untracked 
|  39|0x0000000089700000, 0x0000000089700000, 0x0000000089800000|  0%| F|  |TAMS 0x0000000089700000, 0x0000000089700000| Untracked 
|  40|0x0000000089800000, 0x0000000089800000, 0x0000000089900000|  0%| F|  |TAMS 0x0000000089800000, 0x0000000089800000| Untracked 
|  41|0x0000000089900000, 0x0000000089900000, 0x0000000089a00000|  0%| F|  |TAMS 0x0000000089900000, 0x0000000089900000| Untracked 
|  42|0x0000000089a00000, 0x0000000089a00000, 0x0000000089b00000|  0%| F|  |TAMS 0x0000000089a00000, 0x0000000089a00000| Untracked 
|  43|0x0000000089b00000, 0x0000000089b00000, 0x0000000089c00000|  0%| F|  |TAMS 0x0000000089b00000, 0x0000000089b00000| Untracked 
|  44|0x0000000089c00000, 0x0000000089c00000, 0x0000000089d00000|  0%| F|  |TAMS 0x0000000089c00000, 0x0000000089c00000| Untracked 
|  45|0x0000000089d00000, 0x0000000089d00000, 0x0000000089e00000|  0%| F|  |TAMS 0x0000000089d00000, 0x0000000089d00000| Untracked 
|  46|0x0000000089e00000, 0x0000000089e00000, 0x0000000089f00000|  0%| F|  |TAMS 0x0000000089e00000, 0x0000000089e00000| Untracked 
|  47|0x0000000089f00000, 0x0000000089f00000, 0x000000008a000000|  0%| F|  |TAMS 0x0000000089f00000, 0x0000000089f00000| Untracked 
|  48|0x000000008a000000, 0x000000008a000000, 0x000000008a100000|  0%| F|  |TAMS 0x000000008a000000, 0x000000008a000000| Untracked 
|  49|0x000000008a100000, 0x000000008a100000, 0x000000008a200000|  0%| F|  |TAMS 0x000000008a100000, 0x000000008a100000| Untracked 
|  50|0x000000008a200000, 0x000000008a200000, 0x000000008a300000|  0%| F|  |TAMS 0x000000008a200000, 0x000000008a200000| Untracked 
|  51|0x000000008a300000, 0x000000008a300000, 0x000000008a400000|  0%| F|  |TAMS 0x000000008a300000, 0x000000008a300000| Untracked 
|  52|0x000000008a400000, 0x000000008a400000, 0x000000008a500000|  0%| F|  |TAMS 0x000000008a400000, 0x000000008a400000| Untracked 
|  53|0x000000008a500000, 0x000000008a500000, 0x000000008a600000|  0%| F|  |TAMS 0x000000008a500000, 0x000000008a500000| Untracked 
|  54|0x000000008a600000, 0x000000008a600000, 0x000000008a700000|  0%| F|  |TAMS 0x000000008a600000, 0x000000008a600000| Untracked 
|  55|0x000000008a700000, 0x000000008a700000, 0x000000008a800000|  0%| F|  |TAMS 0x000000008a700000, 0x000000008a700000| Untracked 
|  56|0x000000008a800000, 0x000000008a800000, 0x000000008a900000|  0%| F|  |TAMS 0x000000008a800000, 0x000000008a800000| Untracked 
|  57|0x000000008a900000, 0x000000008a900000, 0x000000008aa00000|  0%| F|  |TAMS 0x000000008a900000, 0x000000008a900000| Untracked 
|  58|0x000000008aa00000, 0x000000008aa00000, 0x000000008ab00000|  0%| F|  |TAMS 0x000000008aa00000, 0x000000008aa00000| Untracked 
|  59|0x000000008ab00000, 0x000000008ab00000, 0x000000008ac00000|  0%| F|  |TAMS 0x000000008ab00000, 0x000000008ab00000| Untracked 
|  60|0x000000008ac00000, 0x000000008ac00000, 0x000000008ad00000|  0%| F|  |TAMS 0x000000008ac00000, 0x000000008ac00000| Untracked 
|  61|0x000000008ad00000, 0x000000008ad00000, 0x000000008ae00000|  0%| F|  |TAMS 0x000000008ad00000, 0x000000008ad00000| Untracked 
|  62|0x000000008ae00000, 0x000000008ae00000, 0x000000008af00000|  0%| F|  |TAMS 0x000000008ae00000, 0x000000008ae00000| Untracked 
|  63|0x000000008af00000, 0x000000008af00000, 0x000000008b000000|  0%| F|  |TAMS 0x000000008af00000, 0x000000008af00000| Untracked 
|  64|0x000000008b000000, 0x000000008b000000, 0x000000008b100000|  0%| F|  |TAMS 0x000000008b000000, 0x000000008b000000| Untracked 
|  65|0x000000008b100000, 0x000000008b100000, 0x000000008b200000|  0%| F|  |TAMS 0x000000008b100000, 0x000000008b100000| Untracked 
|  66|0x000000008b200000, 0x000000008b200000, 0x000000008b300000|  0%| F|  |TAMS 0x000000008b200000, 0x000000008b200000| Untracked 
|  67|0x000000008b300000, 0x000000008b300000, 0x000000008b400000|  0%| F|  |TAMS 0x000000008b300000, 0x000000008b300000| Untracked 
|  68|0x000000008b400000, 0x000000008b400000, 0x000000008b500000|  0%| F|  |TAMS 0x000000008b400000, 0x000000008b400000| Untracked 
|  69|0x000000008b500000, 0x000000008b500000, 0x000000008b600000|  0%| F|  |TAMS 0x000000008b500000, 0x000000008b500000| Untracked 
|  70|0x000000008b600000, 0x000000008b600000, 0x000000008b700000|  0%| F|  |TAMS 0x000000008b600000, 0x000000008b600000| Untracked 
|  71|0x000000008b700000, 0x000000008b700000, 0x000000008b800000|  0%| F|  |TAMS 0x000000008b700000, 0x000000008b700000| Untracked 
|  72|0x000000008b800000, 0x000000008b800000, 0x000000008b900000|  0%| F|  |TAMS 0x000000008b800000, 0x000000008b800000| Untracked 
|  73|0x000000008b900000, 0x000000008b900000, 0x000000008ba00000|  0%| F|  |TAMS 0x000000008b900000, 0x000000008b900000| Untracked 
|  74|0x000000008ba00000, 0x000000008ba00000, 0x000000008bb00000|  0%| F|  |TAMS 0x000000008ba00000, 0x000000008ba00000| Untracked 
|  75|0x000000008bb00000, 0x000000008bb00000, 0x000000008bc00000|  0%| F|  |TAMS 0x000000008bb00000, 0x000000008bb00000| Untracked 
|  76|0x000000008bc00000, 0x000000008bc00000, 0x000000008bd00000|  0%| F|  |TAMS 0x000000008bc00000, 0x000000008bc00000| Untracked 
|  77|0x000000008bd00000, 0x000000008bd00000, 0x000000008be00000|  0%| F|  |TAMS 0x000000008bd00000, 0x000000008bd00000| Untracked 
|  78|0x000000008be00000, 0x000000008be00000, 0x000000008bf00000|  0%| F|  |TAMS 0x000000008be00000, 0x000000008be00000| Untracked 
|  79|0x000000008bf00000, 0x000000008bf00000, 0x000000008c000000|  0%| F|  |TAMS 0x000000008bf00000, 0x000000008bf00000| Untracked 
|  80|0x000000008c000000, 0x000000008c000000, 0x000000008c100000|  0%| F|  |TAMS 0x000000008c000000, 0x000000008c000000| Untracked 
|  81|0x000000008c100000, 0x000000008c100000, 0x000000008c200000|  0%| F|  |TAMS 0x000000008c100000, 0x000000008c100000| Untracked 
|  82|0x000000008c200000, 0x000000008c200000, 0x000000008c300000|  0%| F|  |TAMS 0x000000008c200000, 0x000000008c200000| Untracked 
|  83|0x000000008c300000, 0x000000008c300000, 0x000000008c400000|  0%| F|  |TAMS 0x000000008c300000, 0x000000008c300000| Untracked 
|  84|0x000000008c400000, 0x000000008c400000, 0x000000008c500000|  0%| F|  |TAMS 0x000000008c400000, 0x000000008c400000| Untracked 
|  85|0x000000008c500000, 0x000000008c500000, 0x000000008c600000|  0%| F|  |TAMS 0x000000008c500000, 0x000000008c500000| Untracked 
|  86|0x000000008c600000, 0x000000008c600000, 0x000000008c700000|  0%| F|  |TAMS 0x000000008c600000, 0x000000008c600000| Untracked 
|  87|0x000000008c700000, 0x000000008c700000, 0x000000008c800000|  0%| F|  |TAMS 0x000000008c700000, 0x000000008c700000| Untracked 
|  88|0x000000008c800000, 0x000000008c800000, 0x000000008c900000|  0%| F|  |TAMS 0x000000008c800000, 0x000000008c800000| Untracked 
|  89|0x000000008c900000, 0x000000008c900000, 0x000000008ca00000|  0%| F|  |TAMS 0x000000008c900000, 0x000000008c900000| Untracked 
|  90|0x000000008ca00000, 0x000000008ca00000, 0x000000008cb00000|  0%| F|  |TAMS 0x000000008ca00000, 0x000000008ca00000| Untracked 
|  91|0x000000008cb00000, 0x000000008cb00000, 0x000000008cc00000|  0%| F|  |TAMS 0x000000008cb00000, 0x000000008cb00000| Untracked 
|  92|0x000000008cc00000, 0x000000008cc00000, 0x000000008cd00000|  0%| F|  |TAMS 0x000000008cc00000, 0x000000008cc00000| Untracked 
|  93|0x000000008cd00000, 0x000000008cd00000, 0x000000008ce00000|  0%| F|  |TAMS 0x000000008cd00000, 0x000000008cd00000| Untracked 
|  94|0x000000008ce00000, 0x000000008ce00000, 0x000000008cf00000|  0%| F|  |TAMS 0x000000008ce00000, 0x000000008ce00000| Untracked 
|  95|0x000000008cf00000, 0x000000008cf00000, 0x000000008d000000|  0%| F|  |TAMS 0x000000008cf00000, 0x000000008cf00000| Untracked 
|  96|0x000000008d000000, 0x000000008d000000, 0x000000008d100000|  0%| F|  |TAMS 0x000000008d000000, 0x000000008d000000| Untracked 
|  97|0x000000008d100000, 0x000000008d100000, 0x000000008d200000|  0%| F|  |TAMS 0x000000008d100000, 0x000000008d100000| Untracked 
|  98|0x000000008d200000, 0x000000008d200000, 0x000000008d300000|  0%| F|  |TAMS 0x000000008d200000, 0x000000008d200000| Untracked 
|  99|0x000000008d300000, 0x000000008d300000, 0x000000008d400000|  0%| F|  |TAMS 0x000000008d300000, 0x000000008d300000| Untracked 
| 100|0x000000008d400000, 0x000000008d400000, 0x000000008d500000|  0%| F|  |TAMS 0x000000008d400000, 0x000000008d400000| Untracked 
| 101|0x000000008d500000, 0x000000008d500000, 0x000000008d600000|  0%| F|  |TAMS 0x000000008d500000, 0x000000008d500000| Untracked 
| 102|0x000000008d600000, 0x000000008d600000, 0x000000008d700000|  0%| F|  |TAMS 0x000000008d600000, 0x000000008d600000| Untracked 
| 103|0x000000008d700000, 0x000000008d700000, 0x000000008d800000|  0%| F|  |TAMS 0x000000008d700000, 0x000000008d700000| Untracked 
| 104|0x000000008d800000, 0x000000008d800000, 0x000000008d900000|  0%| F|  |TAMS 0x000000008d800000, 0x000000008d800000| Untracked 
| 105|0x000000008d900000, 0x000000008d900000, 0x000000008da00000|  0%| F|  |TAMS 0x000000008d900000, 0x000000008d900000| Untracked 
| 106|0x000000008da00000, 0x000000008da00000, 0x000000008db00000|  0%| F|  |TAMS 0x000000008da00000, 0x000000008da00000| Untracked 
| 107|0x000000008db00000, 0x000000008db00000, 0x000000008dc00000|  0%| F|  |TAMS 0x000000008db00000, 0x000000008db00000| Untracked 
| 108|0x000000008dc00000, 0x000000008dc00000, 0x000000008dd00000|  0%| F|  |TAMS 0x000000008dc00000, 0x000000008dc00000| Untracked 
| 109|0x000000008dd00000, 0x000000008dd00000, 0x000000008de00000|  0%| F|  |TAMS 0x000000008dd00000, 0x000000008dd00000| Untracked 
| 110|0x000000008de00000, 0x000000008dee7958, 0x000000008df00000| 90%| E|  |TAMS 0x000000008de00000, 0x000000008de00000| Complete 
| 111|0x000000008df00000, 0x000000008e000000, 0x000000008e000000|100%| E|CS|TAMS 0x000000008df00000, 0x000000008df00000| Complete 
| 112|0x000000008e000000, 0x000000008e100000, 0x000000008e100000|100%| E|CS|TAMS 0x000000008e000000, 0x000000008e000000| Complete 
| 113|0x000000008e100000, 0x000000008e200000, 0x000000008e200000|100%| E|CS|TAMS 0x000000008e100000, 0x000000008e100000| Complete 
| 114|0x000000008e200000, 0x000000008e300000, 0x000000008e300000|100%| E|CS|TAMS 0x000000008e200000, 0x000000008e200000| Complete 
| 115|0x000000008e300000, 0x000000008e400000, 0x000000008e400000|100%| E|CS|TAMS 0x000000008e300000, 0x000000008e300000| Complete 
| 116|0x000000008e400000, 0x000000008e500000, 0x000000008e500000|100%| E|CS|TAMS 0x000000008e400000, 0x000000008e400000| Complete 
| 117|0x000000008e500000, 0x000000008e600000, 0x000000008e600000|100%| E|CS|TAMS 0x000000008e500000, 0x000000008e500000| Complete 
| 118|0x000000008e600000, 0x000000008e700000, 0x000000008e700000|100%| E|CS|TAMS 0x000000008e600000, 0x000000008e600000| Complete 
| 119|0x000000008e700000, 0x000000008e800000, 0x000000008e800000|100%| E|CS|TAMS 0x000000008e700000, 0x000000008e700000| Complete 
| 120|0x000000008e800000, 0x000000008e900000, 0x000000008e900000|100%| E|CS|TAMS 0x000000008e800000, 0x000000008e800000| Complete 
| 121|0x000000008e900000, 0x000000008ea00000, 0x000000008ea00000|100%| E|CS|TAMS 0x000000008e900000, 0x000000008e900000| Complete 

Card table byte_map: [0x00007fb01a251000,0x00007fb01a619000] _byte_map_base: 0x00007fb019e19000

Marking Bits (Prev, Next): (CMBitMap*) 0x00007fb01405b508, (CMBitMap*) 0x00007fb01405b548
 Prev Bits: [0x00007fb018049000, 0x00007fb019e89000)
 Next Bits: [0x00007faffa94a000, 0x00007faffc78a000)

Polling page: 0x00007fb01cae4000

Metaspace:

Usage:
  Non-class:     16,74 MB capacity,    16,57 MB ( 99%) used,   144,35 KB ( <1%) free+waste,    33,75 KB ( <1%) overhead. 
      Class:      2,02 MB capacity,     1,89 MB ( 94%) used,   113,11 KB (  5%) free+waste,    17,62 KB ( <1%) overhead. 
       Both:     18,76 MB capacity,    18,46 MB ( 98%) used,   257,46 KB (  1%) free+waste,    51,38 KB ( <1%) overhead. 

Virtual space:
  Non-class space:       18,00 MB reserved,      17,00 MB ( 94%) committed 
      Class space:        1,00 GB reserved,       2,12 MB ( <1%) committed 
             Both:        1,02 GB reserved,      19,12 MB (  2%) committed 

Chunk freelists:
   Non-Class:  194,00 KB
       Class:  13,00 KB
        Both:  207,00 KB

MaxMetaspaceSize: unlimited
CompressedClassSpaceSize: 1,00 GB

CodeHeap 'non-profiled nmethods': size=120032Kb used=330Kb max_used=330Kb free=119701Kb
 bounds [0x00007fb004252000, 0x00007fb0044c2000, 0x00007fb00b78a000]
CodeHeap 'profiled nmethods': size=120028Kb used=1691Kb max_used=1691Kb free=118336Kb
 bounds [0x00007faffcd1b000, 0x00007faffcf8b000, 0x00007fb004252000]
CodeHeap 'non-nmethods': size=5700Kb used=1360Kb max_used=1368Kb free=4339Kb
 bounds [0x00007faffc78a000, 0x00007faffc9fa000, 0x00007faffcd1b000]
 total_blobs=1657 nmethods=997 adapters=572
 compilation: enabled
              stopped_count=0, restarted_count=0
 full_count=0

Compilation events (20 events):
Event: 4,100 Thread 0x00007fb014190800 nmethod 979 0x00007faffceb7510 code [0x00007faffceb76a0, 0x00007faffceb77f0]
Event: 4,100 Thread 0x00007fb014190800  989       3       java.lang.Class::forName (15 bytes)
Event: 4,101 Thread 0x00007fb014190800 nmethod 989 0x00007faffceb7890 code [0x00007faffceb7a40, 0x00007faffceb7c50]
Event: 4,101 Thread 0x00007fb014190800  990       3       java.lang.ClassLoader::getClassLoader (11 bytes)
Event: 4,101 Thread 0x00007fb014190800 nmethod 990 0x00007faffceb7d90 code [0x00007faffceb7f20, 0x00007faffceb8070]
Event: 4,102 Thread 0x00007fb014190800  991       3       java.lang.Class::privateGetDeclaredMethods (64 bytes)
Event: 4,102 Thread 0x00007fb014190800 nmethod 991 0x00007faffceb8110 code [0x00007faffceb8320, 0x00007faffceb8a90]
Event: 4,102 Thread 0x00007fb014190800  993       3       java.lang.Class::getMethodsRecursive (99 bytes)
Event: 4,103 Thread 0x00007fb014190800 nmethod 993 0x00007faffceb8d10 code [0x00007faffceb8f20, 0x00007faffceb94a0]
Event: 4,103 Thread 0x00007fb014190800  992       3       java.lang.PublicMethods$MethodList::merge (192 bytes)
Event: 4,105 Thread 0x00007fb014190800 nmethod 992 0x00007faffceb9790 code [0x00007faffceb99e0, 0x00007faffceba440]
Event: 4,109 Thread 0x00007fb014190800  995       3       java.util.zip.ZipUtils::CENLEN (9 bytes)
Event: 4,110 Thread 0x00007fb014190800 nmethod 995 0x00007faffceba810 code [0x00007faffceba9c0, 0x00007faffcebac90]
Event: 4,110 Thread 0x00007fb014190800  996       3       java.lang.String::concat (15 bytes)
Event: 4,111 Thread 0x00007fb01418e800 nmethod 978 0x00007fb00429dc10 code [0x00007fb00429dde0, 0x00007fb00429efd8]
Event: 4,111 Thread 0x00007fb01418e800  969       4       java.lang.reflect.ProxyGenerator$ConstantPool::getUtf8 (18 bytes)
Event: 4,112 Thread 0x00007fb014190800 nmethod 996 0x00007faffcebae10 code [0x00007faffcebb0e0, 0x00007faffcebbf90]
Event: 4,113 Thread 0x00007fb014190800  997       3       java.util.jar.JarFile::maybeInstantiateVerifier (116 bytes)
Event: 4,117 Thread 0x00007fb014190800 nmethod 997 0x00007faffcebc590 code [0x00007faffcebc8c0, 0x00007faffcebda50]
Event: 4,117 Thread 0x00007fb014190800  998  s!   3       jdk.internal.loader.URLClassPath::getLoader (194 bytes)

GC Heap History (0 events):
No events

Deoptimization events (20 events):
Event: 3,899 Thread 0x00007fb01445a000 DEOPT PACKING pc=0x00007fb00425ce58 sp=0x00007fafe048fbe0
Event: 3,899 Thread 0x00007fb01445a000 DEOPT UNPACKING pc=0x00007faffc7d2e25 sp=0x00007fafe048fb90 mode 2
Event: 3,989 Thread 0x00007fb01445a000 Uncommon trap: trap_request=0xffffff45 fr.pc=0x00007fb00428af34 relative=0x0000000000000494
Event: 3,989 Thread 0x00007fb01445a000 Uncommon trap: reason=unstable_if action=reinterpret pc=0x00007fb00428af34 method=java.lang.StringLatin1.replace([BCC)Ljava/lang/String; @ 19 c2
Event: 3,989 Thread 0x00007fb01445a000 DEOPT PACKING pc=0x00007fb00428af34 sp=0x00007fafe048dc60
Event: 3,989 Thread 0x00007fb01445a000 DEOPT UNPACKING pc=0x00007faffc7d2e25 sp=0x00007fafe048dbf0 mode 2
Event: 4,012 Thread 0x00007fb01445a000 DEOPT PACKING pc=0x00007faffce6fbb8 sp=0x00007fafe048e710
Event: 4,012 Thread 0x00007fb01445a000 DEOPT UNPACKING pc=0x00007faffc7d333a sp=0x00007fafe048dcf0 mode 0
Event: 4,013 Thread 0x00007fb01445a000 DEOPT PACKING pc=0x00007faffce6fbb8 sp=0x00007fafe048e710
Event: 4,013 Thread 0x00007fb01445a000 DEOPT UNPACKING pc=0x00007faffc7d333a sp=0x00007fafe048dcf0 mode 0
Event: 4,014 Thread 0x00007fb01445a000 DEOPT PACKING pc=0x00007faffce6fbb8 sp=0x00007fafe048e710
Event: 4,014 Thread 0x00007fb01445a000 DEOPT UNPACKING pc=0x00007faffc7d333a sp=0x00007fafe048dcf0 mode 0
Event: 4,014 Thread 0x00007fb01445a000 DEOPT PACKING pc=0x00007faffce6fbb8 sp=0x00007fafe048e710
Event: 4,014 Thread 0x00007fb01445a000 DEOPT UNPACKING pc=0x00007faffc7d333a sp=0x00007fafe048dcf0 mode 0
Event: 4,014 Thread 0x00007fb01445a000 DEOPT PACKING pc=0x00007faffce6fbb8 sp=0x00007fafe048e710
Event: 4,014 Thread 0x00007fb01445a000 DEOPT UNPACKING pc=0x00007faffc7d333a sp=0x00007fafe048dcf0 mode 0
Event: 4,043 Thread 0x00007fb01445a000 Uncommon trap: trap_request=0xffffff45 fr.pc=0x00007fb0042887f0 relative=0x0000000000000a50
Event: 4,043 Thread 0x00007fb01445a000 Uncommon trap: reason=unstable_if action=reinterpret pc=0x00007fb0042887f0 method=java.util.HashMap.putVal(ILjava/lang/Object;Ljava/lang/Object;ZZ)Ljava/lang/Object; @ 94 c2
Event: 4,043 Thread 0x00007fb01445a000 DEOPT PACKING pc=0x00007fb0042887f0 sp=0x00007fafe048ed20
Event: 4,043 Thread 0x00007fb01445a000 DEOPT UNPACKING pc=0x00007faffc7d2e25 sp=0x00007fafe048ecc8 mode 2

Classes unloaded (0 events):
No events

Classes redefined (0 events):
No events

Internal exceptions (20 events):
Event: 0,145 Thread 0x00007fb014019800 Exception <a 'java/lang/ClassNotFoundException'{0x000000008e842da8}: sun/awt/resources/spi/awtProvider> (0x000000008e842da8) 
thrown [src/hotspot/share/classfile/systemDictionary.cpp, line 232]
Event: 0,188 Thread 0x00007fb014019800 Exception <a 'java/io/FileNotFoundException'{0x000000008e8a4ea0}> (0x000000008e8a4ea0) 
thrown [src/hotspot/share/prims/jni.cpp, line 598]
Event: 0,485 Thread 0x00007fb014019800 Exception <a 'java/lang/NoSuchMethodError'{0x000000008e7508b8}: 'void java.lang.invoke.DirectMethodHandle$Holder.invokeSpecial(java.lang.Object, java.lang.Object)'> (0x000000008e7508b8) 
thrown [src/hotspot/share/interpreter/linkResolver.cpp, line 766]
Event: 0,526 Thread 0x00007fb014019800 Exception <a 'java/lang/NoSuchMethodError'{0x000000008e610340}: 'java.lang.Object java.lang.invoke.DirectMethodHandle$Holder.invokeStatic(java.lang.Object, int, java.lang.Object, java.lang.Object, java.lang.Object, java.lang.Object)'> (0x000000008e610340) 
thrown [src/hotspot/share/interpreter/linkResolver.cpp, line 766]
Event: 0,527 Thread 0x00007fb014019800 Exception <a 'java/lang/NoSuchMethodError'{0x000000008e616ca0}: 'java.lang.Object java.lang.invoke.DirectMethodHandle$Holder.invokeStatic(java.lang.Object, int, java.lang.Object, java.lang.Object, java.lang.Object)'> (0x000000008e616ca0) 
thrown [src/hotspot/share/interpreter/linkResolver.cpp, line 766]
Event: 0,528 Thread 0x00007fb014019800 Exception <a 'java/lang/NoSuchMethodError'{0x000000008e61a508}: 'java.lang.Object java.lang.invoke.DirectMethodHandle$Holder.invokeSpecial(java.lang.Object, java.lang.Object, int, java.lang.Object, java.lang.Object, java.lang.Object)'> (0x000000008e61a508) 
thrown [src/hotspot/share/interpreter/linkResolver.cpp, line 766]
Event: 0,533 Thread 0x00007fb014019800 Exception <a 'java/lang/NoSuchMethodError'{0x000000008e630830}: 'java.lang.Object java.lang.invoke.DirectMethodHandle$Holder.invokeStatic(java.lang.Object, int, java.lang.Object)'> (0x000000008e630830) 
thrown [src/hotspot/share/interpreter/linkResolver.cpp, line 766]
Event: 0,568 Thread 0x00007fb014019800 Exception <a 'java/lang/NoSuchMethodError'{0x000000008e6eb1c8}: 'java.lang.Object java.lang.invoke.Invokers$Holder.linkToTargetMethod(java.lang.Object, int, java.lang.Object)'> (0x000000008e6eb1c8) 
thrown [src/hotspot/share/interpreter/linkResolver.cpp, line 766]
Event: 0,578 Thread 0x00007fb014019800 Exception <a 'java/lang/ClassNotFoundException'{0x000000008e6fe810}: com/sun/swing/internal/plaf/metal/resources/spi/metalProvider> (0x000000008e6fe810) 
thrown [src/hotspot/share/classfile/systemDictionary.cpp, line 232]
Event: 0,580 Thread 0x00007fb014019800 Exception <a 'java/lang/ClassNotFoundException'{0x000000008e5039f0}: com/sun/swing/internal/plaf/basic/resources/spi/basicProvider> (0x000000008e5039f0) 
thrown [src/hotspot/share/classfile/systemDictionary.cpp, line 232]
Event: 0,601 Thread 0x00007fb014019800 Exception <a 'java/lang/NoSuchMethodError'{0x000000008e52a4f8}: 'void java.lang.invoke.DirectMethodHandle$Holder.invokeStaticInit(java.lang.Object)'> (0x000000008e52a4f8) 
thrown [src/hotspot/share/interpreter/linkResolver.cpp, line 766]
Event: 0,639 Thread 0x00007fb01445f000 Exception <a 'java/io/FileNotFoundException'{0x000000008e5d7a98}> (0x000000008e5d7a98) 
thrown [src/hotspot/share/prims/jni.cpp, line 598]
Event: 0,749 Thread 0x00007fb014019800 Exception <a 'java/lang/NoSuchMethodError'{0x000000008e44e118}: 'java.lang.Object java.lang.invoke.DirectMethodHandle$Holder.invokeStatic(java.lang.Object, java.lang.Object, java.lang.Object, java.lang.Object, java.lang.Object, java.lang.Object, java.lang.Object, java.lang.Object, java.lang.Object, java.lang.Object, java.lang.Object, java.lang.Object, java.lang.Object, java.lang.Object, java.lang.Object)'> (0x000000008e44e118) 
thrown [src/hotspot/share/interpreter/linkResolver.cpp, line 766]
Event: 0,752 Thread 0x00007fb014019800 Exception <a 'java/lang/NoSuchMethodError'{0x000000008e45abd0}: 'java.lang.Object java.lang.invoke.DirectMethodHandle$Holder.invokeStatic(java.lang.Object, java.lang.Object, java.lang.Object, java.lang.Object, java.lang.Object, java.lang.Object, java.lang.Object, java.lang.Object, java.lang.Object, java.lang.Object, java.lang.Object, java.lang.Object, java.lang.Object, java.lang.Object, java.lang.Object, java.lang.Object)'> (0x000000008e45abd0) 
thrown [src/hotspot/share/interpreter/linkResolver.cpp, line 
Event: 0,755 Thread 0x00007fb014019800 Exception <a 'java/lang/NoSuchMethodError'{0x000000008e467e18}: 'java.lang.Object java.lang.invoke.Invokers$Holder.linkToTargetMethod(java.lang.Object, java.lang.Object, java.lang.Object, java.lang.Object, java.lang.Object, java.lang.Object)'> (0x000000008e467e18) 
thrown [src/hotspot/share/interpreter/linkResolver.cpp, line 766]
Event: 3,986 Thread 0x00007fb01445a000 Exception <a 'java/lang/NoSuchMethodError'{0x000000008e19f028}: 'java.lang.Object java.lang.invoke.DirectMethodHandle$Holder.invokeStaticInit(java.lang.Object, java.lang.Object, long, java.lang.Object)'> (0x000000008e19f028) 
thrown [src/hotspot/share/interpreter/linkResolver.cpp, line 766]
Event: 3,987 Thread 0x00007fb01445a000 Exception <a 'java/lang/NoSuchMethodError'{0x000000008e1a48c8}: 'java.lang.Object java.lang.invoke.Invokers$Holder.linkToTargetMethod(java.lang.Object, long, java.lang.Object)'> (0x000000008e1a48c8) 
thrown [src/hotspot/share/interpreter/linkResolver.cpp, line 766]
Event: 3,989 Thread 0x00007fb01445a000 Exception <a 'java/lang/NoSuchMethodError'{0x000000008e1aa8e0}: 'java.lang.Object java.lang.invoke.DirectMethodHandle$Holder.invokeStatic(java.lang.Object, java.lang.Object, java.lang.Object, int)'> (0x000000008e1aa8e0) 
thrown [src/hotspot/share/interpreter/linkResolver.cpp, line 766]
Event: 3,990 Thread 0x00007fb01445a000 Exception <a 'java/lang/NoSuchMethodError'{0x000000008e1ae120}: 'java.lang.Object java.lang.invoke.DirectMethodHandle$Holder.invokeSpecial(java.lang.Object, java.lang.Object, java.lang.Object, java.lang.Object, int)'> (0x000000008e1ae120) 
thrown [src/hotspot/share/interpreter/linkResolver.cpp, line 766]
Event: 3,991 Thread 0x00007fb01445a000 Exception <a 'java/lang/NoSuchMethodError'{0x000000008e1b11e0}: 'java.lang.Object java.lang.invoke.Invokers$Holder.linkToTargetMethod(java.lang.Object, java.lang.Object, int, java.lang.Object)'> (0x000000008e1b11e0) 
thrown [src/hotspot/share/interpreter/linkResolver.cpp, line 766]

Events (20 events):
Event: 4,111 loading class com/sun/jna/VarArgsChecker
Event: 4,111 loading class com/sun/jna/VarArgsChecker done
Event: 4,111 loading class com/sun/jna/VarArgsChecker$RealVarArgsChecker
Event: 4,111 loading class com/sun/jna/VarArgsChecker$RealVarArgsChecker done
Event: 4,112 loading class com/sun/jna/VarArgsChecker$NoVarArgsChecker
Event: 4,112 loading class com/sun/jna/VarArgsChecker$NoVarArgsChecker done
Event: 4,112 loading class com/sun/jna/Library$Handler$FunctionInfo
Event: 4,112 loading class com/sun/jna/Library$Handler$FunctionInfo done
Event: 4,113 loading class com/sun/jna/NativeMappedConverter
Event: 4,113 loading class com/sun/jna/NativeMappedConverter done
Event: 4,114 loading class com/sun/jna/TypeConverter
Event: 4,114 loading class com/sun/jna/TypeConverter done
Event: 4,114 loading class com/sun/jna/Klass
Event: 4,114 loading class com/sun/jna/Klass done
Event: 4,117 loading class com/sun/jna/Memory$SharedMemory
Event: 4,117 loading class com/sun/jna/Memory$SharedMemory done
Event: 4,117 loading class com/sun/jna/WeakMemoryHolder
Event: 4,118 loading class com/sun/jna/WeakMemoryHolder done
Event: 4,118 loading class com/sun/jna/Memory$LinkedReference
Event: 4,118 loading class com/sun/jna/Memory$LinkedReference done


Dynamic libraries:
87000000-8ea00000 rw-p 00000000 00:00 0 
8ea00000-100000000 ---p 00000000 00:00 0 
100000000-100220000 rw-p 00000000 00:00 0 
100220000-140000000 ---p 00000000 00:00 0 
560c6a31c000-560c6a31d000 r--p 00000000 08:05 4199159                    /usr/lib/jvm/java-13-openjdk-amd64/bin/java
560c6a31d000-560c6a31e000 r-xp 00001000 08:05 4199159                    /usr/lib/jvm/java-13-openjdk-amd64/bin/java
560c6a31e000-560c6a31f000 r--p 00002000 08:05 4199159                    /usr/lib/jvm/java-13-openjdk-amd64/bin/java
560c6a31f000-560c6a320000 r--p 00002000 08:05 4199159                    /usr/lib/jvm/java-13-openjdk-amd64/bin/java
560c6a320000-560c6a321000 rw-p 00003000 08:05 4199159                    /usr/lib/jvm/java-13-openjdk-amd64/bin/java
560c6a714000-560c6a735000 rw-p 00000000 00:00 0                          [heap]
7faf84000000-7faf84021000 rw-p 00000000 00:00 0 
7faf84021000-7faf88000000 ---p 00000000 00:00 0 
7faf88000000-7faf88176000 rw-p 00000000 00:00 0 
7faf88176000-7faf8c000000 ---p 00000000 00:00 0 
7faf8c000000-7faf8c021000 rw-p 00000000 00:00 0 
7faf8c021000-7faf90000000 ---p 00000000 00:00 0 
7faf90000000-7faf9002c000 rw-p 00000000 00:00 0 
7faf9002c000-7faf94000000 ---p 00000000 00:00 0 
7faf94000000-7faf94186000 rw-p 00000000 00:00 0 
7faf94186000-7faf98000000 ---p 00000000 00:00 0 
7faf98000000-7faf98021000 rw-p 00000000 00:00 0 
7faf98021000-7faf9c000000 ---p 00000000 00:00 0 
7faf9c000000-7faf9c021000 rw-p 00000000 00:00 0 
7faf9c021000-7fafa0000000 ---p 00000000 00:00 0 
7fafa0000000-7fafa0021000 rw-p 00000000 00:00 0 
7fafa0021000-7fafa4000000 ---p 00000000 00:00 0 
7fafa4000000-7fafa4021000 rw-p 00000000 00:00 0 
7fafa4021000-7fafa8000000 ---p 00000000 00:00 0 
7fafa8000000-7fafa8021000 rw-p 00000000 00:00 0 
7fafa8021000-7fafac000000 ---p 00000000 00:00 0 
7fafac000000-7fafac021000 rw-p 00000000 00:00 0 
7fafac021000-7fafb0000000 ---p 00000000 00:00 0 
7fafb24e1000-7fafb24e5000 ---p 00000000 00:00 0 
7fafb24e5000-7fafb26e2000 rw-p 00000000 00:00 0 
7fafb26e2000-7fafb27e2000 ---p 00000000 00:00 0 
7fafb27e2000-7fafb27fb000 r-xp 00000000 08:03 4461481                    /home/miguel/.cache/JNA/temp/jna12810822292585105453.tmp (deleted)
7fafb27fb000-7fafb29fb000 ---p 00019000 08:03 4461481                    /home/miguel/.cache/JNA/temp/jna12810822292585105453.tmp (deleted)
7fafb29fb000-7fafb29fc000 rw-p 00019000 08:03 4461481                    /home/miguel/.cache/JNA/temp/jna12810822292585105453.tmp (deleted)
7fafb29fc000-7fafb2a00000 ---p 00000000 00:00 0 
7fafb2a00000-7fafb2afd000 rw-p 00000000 00:00 0 
7fafb2afd000-7fafb2b01000 ---p 00000000 00:00 0 
7fafb2b01000-7fafb2dfe000 rw-p 00000000 00:00 0 
7fafb2dfe000-7fafb2ffe000 rw-p 00000000 00:00 0 
7fafb2ffe000-7fafb2fff000 ---p 00000000 00:00 0 
7fafb2fff000-7fafb37ff000 rw-p 00000000 00:00 0 
7fafb37ff000-7fafb3800000 ---p 00000000 00:00 0 
7fafb3800000-7fafb4000000 rw-p 00000000 00:00 0 
7fafb4000000-7fafb4021000 rw-p 00000000 00:00 0 
7fafb4021000-7fafb8000000 ---p 00000000 00:00 0 
7fafb8000000-7fafb8021000 rw-p 00000000 00:00 0 
7fafb8021000-7fafbc000000 ---p 00000000 00:00 0 
7fafbc000000-7fafbc021000 rw-p 00000000 00:00 0 
7fafbc021000-7fafc0000000 ---p 00000000 00:00 0 
7fafc0000000-7fafc0021000 rw-p 00000000 00:00 0 
7fafc0021000-7fafc4000000 ---p 00000000 00:00 0 
7fafc4000000-7fafc4451000 rw-p 00000000 00:00 0 
7fafc4451000-7fafc8000000 ---p 00000000 00:00 0 
7fafc8000000-7fafc829b000 rw-p 00000000 00:00 0 
7fafc829b000-7fafcc000000 ---p 00000000 00:00 0 
7fafcc000000-7fafcc021000 rw-p 00000000 00:00 0 
7fafcc021000-7fafd0000000 ---p 00000000 00:00 0 
7fafd0000000-7fafd0021000 rw-p 00000000 00:00 0 
7fafd0021000-7fafd4000000 ---p 00000000 00:00 0 
7fafd4000000-7fafd4021000 rw-p 00000000 00:00 0 
7fafd4021000-7fafd8000000 ---p 00000000 00:00 0 
7fafd8000000-7fafd8021000 rw-p 00000000 00:00 0 
7fafd8021000-7fafdc000000 ---p 00000000 00:00 0 
7fafdc000000-7fafdc029000 rw-p 00000000 00:00 0 
7fafdc029000-7fafe0000000 ---p 00000000 00:00 0 
7fafe0081000-7fafe0083000 r--p 00000000 08:05 5120675                    /lib/x86_64-linux-gnu/libnss_dns-2.31.so
7fafe0083000-7fafe0087000 r-xp 00002000 08:05 5120675                    /lib/x86_64-linux-gnu/libnss_dns-2.31.so
7fafe0087000-7fafe0088000 r--p 00006000 08:05 5120675                    /lib/x86_64-linux-gnu/libnss_dns-2.31.so
7fafe0088000-7fafe0089000 r--p 00006000 08:05 5120675                    /lib/x86_64-linux-gnu/libnss_dns-2.31.so
7fafe0089000-7fafe008a000 rw-p 00007000 08:05 5120675                    /lib/x86_64-linux-gnu/libnss_dns-2.31.so
7fafe008a000-7fafe008b000 r--p 00000000 08:05 5113943                    /lib/x86_64-linux-gnu/libnss_mdns4_minimal.so.2
7fafe008b000-7fafe008d000 r-xp 00001000 08:05 5113943                    /lib/x86_64-linux-gnu/libnss_mdns4_minimal.so.2
7fafe008d000-7fafe008e000 r--p 00003000 08:05 5113943                    /lib/x86_64-linux-gnu/libnss_mdns4_minimal.so.2
7fafe008e000-7fafe008f000 r--p 00003000 08:05 5113943                    /lib/x86_64-linux-gnu/libnss_mdns4_minimal.so.2
7fafe008f000-7fafe0090000 rw-p 00004000 08:05 5113943                    /lib/x86_64-linux-gnu/libnss_mdns4_minimal.so.2
7fafe0090000-7fafe0094000 ---p 00000000 00:00 0 
7fafe0094000-7fafe0391000 rw-p 00000000 00:00 0 
7fafe0391000-7fafe0395000 ---p 00000000 00:00 0 
7fafe0395000-7fafe0492000 rw-p 00000000 00:00 0 
7fafe0492000-7fafe0496000 ---p 00000000 00:00 0 
7fafe0496000-7fafe0593000 rw-p 00000000 00:00 0 
7fafe0593000-7fafe0597000 ---p 00000000 00:00 0 
7fafe0597000-7fafe0694000 rw-p 00000000 00:00 0 
7fafe0694000-7fafe0697000 r--p 00000000 08:05 4195424                    /usr/lib/x86_64-linux-gnu/libXcursor.so.1.0.2
7fafe0697000-7fafe069d000 r-xp 00003000 08:05 4195424                    /usr/lib/x86_64-linux-gnu/libXcursor.so.1.0.2
7fafe069d000-7fafe069f000 r--p 00009000 08:05 4195424                    /usr/lib/x86_64-linux-gnu/libXcursor.so.1.0.2
7fafe069f000-7fafe06a0000 r--p 0000a000 08:05 4195424                    /usr/lib/x86_64-linux-gnu/libXcursor.so.1.0.2
7fafe06a0000-7fafe06a1000 rw-p 0000b000 08:05 4195424                    /usr/lib/x86_64-linux-gnu/libXcursor.so.1.0.2
7fafe06a8000-7fafe06ac000 ---p 00000000 00:00 0 
7fafe06ac000-7fafe06ca000 rw-p 00000000 00:00 0 
7fafe06ca000-7fafe06ce000 ---p 00000000 00:00 0 
7fafe06ce000-7fafe07cb000 rw-p 00000000 00:00 0 
7fafe07cb000-7fafe07cc000 ---p 00000000 00:00 0 
7fafe07cc000-7fafe0fcc000 rw-p 00000000 00:00 0 
7fafe0fcc000-7fafe0fe3000 r--p 00000000 08:03 4463058                    /home/miguel/.config/dconf/user
7fafe0fe3000-7fafe0fe7000 r--p 00000000 08:05 4456552                    /usr/lib/x86_64-linux-gnu/gio/modules/libdconfsettings.so
7fafe0fe7000-7fafe0fef000 r-xp 00004000 08:05 4456552                    /usr/lib/x86_64-linux-gnu/gio/modules/libdconfsettings.so
7fafe0fef000-7fafe0ff2000 r--p 0000c000 08:05 4456552                    /usr/lib/x86_64-linux-gnu/gio/modules/libdconfsettings.so
7fafe0ff2000-7fafe0ff3000 ---p 0000f000 08:05 4456552                    /usr/lib/x86_64-linux-gnu/gio/modules/libdconfsettings.so
7fafe0ff3000-7fafe0ff4000 r--p 0000f000 08:05 4456552                    /usr/lib/x86_64-linux-gnu/gio/modules/libdconfsettings.so
7fafe0ff4000-7fafe0ff5000 rw-p 00010000 08:05 4456552                    /usr/lib/x86_64-linux-gnu/gio/modules/libdconfsettings.so
7fafe0ff5000-7fafe106d000 r--p 00000000 08:05 5638120                    /usr/share/glib-2.0/schemas/gschemas.compiled
7fafe106d000-7fafe106f000 r--p 00000000 08:05 4194834                    /usr/lib/x86_64-linux-gnu/libpcre2-8.so.0.9.0
7fafe106f000-7fafe10d3000 r-xp 00002000 08:05 4194834                    /usr/lib/x86_64-linux-gnu/libpcre2-8.so.0.9.0
7fafe10d3000-7fafe10fb000 r--p 00066000 08:05 4194834                    /usr/lib/x86_64-linux-gnu/libpcre2-8.so.0.9.0
7fafe10fb000-7fafe10fc000 r--p 0008d000 08:05 4194834                    /usr/lib/x86_64-linux-gnu/libpcre2-8.so.0.9.0
7fafe10fc000-7fafe10fd000 rw-p 0008e000 08:05 4194834                    /usr/lib/x86_64-linux-gnu/libpcre2-8.so.0.9.0
7fafe10fd000-7fafe1107000 r--p 00000000 08:05 5120874                    /lib/x86_64-linux-gnu/libblkid.so.1.1.0
7fafe1107000-7fafe113d000 r-xp 0000a000 08:05 5120874                    /lib/x86_64-linux-gnu/libblkid.so.1.1.0
7fafe113d000-7fafe114d000 r--p 00040000 08:05 5120874                    /lib/x86_64-linux-gnu/libblkid.so.1.1.0
7fafe114d000-7fafe114e000 ---p 00050000 08:05 5120874                    /lib/x86_64-linux-gnu/libblkid.so.1.1.0
7fafe114e000-7fafe1153000 r--p 00050000 08:05 5120874                    /lib/x86_64-linux-gnu/libblkid.so.1.1.0
7fafe1153000-7fafe1154000 rw-p 00055000 08:05 5120874                    /lib/x86_64-linux-gnu/libblkid.so.1.1.0
7fafe1154000-7fafe1156000 r--p 00000000 08:05 4194536                    /usr/lib/x86_64-linux-gnu/libffi.so.7.1.0
7fafe1156000-7fafe115c000 r-xp 00002000 08:05 4194536                    /usr/lib/x86_64-linux-gnu/libffi.so.7.1.0
7fafe115c000-7fafe115d000 r--p 00008000 08:05 4194536                    /usr/lib/x86_64-linux-gnu/libffi.so.7.1.0
7fafe115d000-7fafe115e000 ---p 00009000 08:05 4194536                    /usr/lib/x86_64-linux-gnu/libffi.so.7.1.0
7fafe115e000-7fafe115f000 r--p 00009000 08:05 4194536                    /usr/lib/x86_64-linux-gnu/libffi.so.7.1.0
7fafe115f000-7fafe1160000 rw-p 0000a000 08:05 4194536                    /usr/lib/x86_64-linux-gnu/libffi.so.7.1.0
7fafe1160000-7fafe1162000 r--p 00000000 08:05 5112730                    /lib/x86_64-linux-gnu/libpcre.so.3.13.3
7fafe1162000-7fafe11b3000 r-xp 00002000 08:05 5112730                    /lib/x86_64-linux-gnu/libpcre.so.3.13.3
7fafe11b3000-7fafe11d1000 r--p 00053000 08:05 5112730                    /lib/x86_64-linux-gnu/libpcre.so.3.13.3
7fafe11d1000-7fafe11d2000 r--p 00070000 08:05 5112730                    /lib/x86_64-linux-gnu/libpcre.so.3.13.3
7fafe11d2000-7fafe11d3000 rw-p 00071000 08:05 5112730                    /lib/x86_64-linux-gnu/libpcre.so.3.13.3
7fafe11d3000-7fafe11d7000 r--p 00000000 08:05 5120682                    /lib/x86_64-linux-gnu/libresolv-2.31.so
7fafe11d7000-7fafe11e7000 r-xp 00004000 08:05 5120682                    /lib/x86_64-linux-gnu/libresolv-2.31.so
7fafe11e7000-7fafe11ea000 r--p 00014000 08:05 5120682                    /lib/x86_64-linux-gnu/libresolv-2.31.so
7fafe11ea000-7fafe11eb000 ---p 00017000 08:05 5120682                    /lib/x86_64-linux-gnu/libresolv-2.31.so
7fafe11eb000-7fafe11ec000 r--p 00017000 08:05 5120682                    /lib/x86_64-linux-gnu/libresolv-2.31.so
7fafe11ec000-7fafe11ed000 rw-p 00018000 08:05 5120682                    /lib/x86_64-linux-gnu/libresolv-2.31.so
7fafe11ed000-7fafe11ef000 rw-p 00000000 00:00 0 
7fafe11ef000-7fafe11f5000 r--p 00000000 08:05 5112075                    /lib/x86_64-linux-gnu/libselinux.so.1
7fafe11f5000-7fafe120e000 r-xp 00006000 08:05 5112075                    /lib/x86_64-linux-gnu/libselinux.so.1
7fafe120e000-7fafe1215000 r--p 0001f000 08:05 5112075                    /lib/x86_64-linux-gnu/libselinux.so.1
7fafe1215000-7fafe1216000 ---p 00026000 08:05 5112075                    /lib/x86_64-linux-gnu/libselinux.so.1
7fafe1216000-7fafe1217000 r--p 00026000 08:05 5112075                    /lib/x86_64-linux-gnu/libselinux.so.1
7fafe1217000-7fafe1218000 rw-p 00027000 08:05 5112075                    /lib/x86_64-linux-gnu/libselinux.so.1
7fafe1218000-7fafe121a000 rw-p 00000000 00:00 0 
7fafe121a000-7fafe1225000 r--p 00000000 08:05 5112070                    /lib/x86_64-linux-gnu/libmount.so.1.1.0
7fafe1225000-7fafe1263000 r-xp 0000b000 08:05 5112070                    /lib/x86_64-linux-gnu/libmount.so.1.1.0
7fafe1263000-7fafe1276000 r--p 00049000 08:05 5112070                    /lib/x86_64-linux-gnu/libmount.so.1.1.0
7fafe1276000-7fafe1279000 r--p 0005b000 08:05 5112070                    /lib/x86_64-linux-gnu/libmount.so.1.1.0
7fafe1279000-7fafe127a000 rw-p 0005e000 08:05 5112070                    /lib/x86_64-linux-gnu/libmount.so.1.1.0
7fafe127a000-7fafe127b000 r--p 00000000 08:05 4201982                    /usr/lib/x86_64-linux-gnu/libgmodule-2.0.so.0.6400.6
7fafe127b000-7fafe127d000 r-xp 00001000 08:05 4201982                    /usr/lib/x86_64-linux-gnu/libgmodule-2.0.so.0.6400.6
7fafe127d000-7fafe127e000 r--p 00003000 08:05 4201982                    /usr/lib/x86_64-linux-gnu/libgmodule-2.0.so.0.6400.6
7fafe127e000-7fafe127f000 r--p 00003000 08:05 4201982                    /usr/lib/x86_64-linux-gnu/libgmodule-2.0.so.0.6400.6
7fafe127f000-7fafe1280000 rw-p 00004000 08:05 4201982                    /usr/lib/x86_64-linux-gnu/libgmodule-2.0.so.0.6400.6
7fafe1280000-7fafe128e000 r--p 00000000 08:05 4201988                    /usr/lib/x86_64-linux-gnu/libgobject-2.0.so.0.6400.6
7fafe128e000-7fafe12c4000 r-xp 0000e000 08:05 4201988                    /usr/lib/x86_64-linux-gnu/libgobject-2.0.so.0.6400.6
7fafe12c4000-7fafe12dc000 r--p 00044000 08:05 4201988                    /usr/lib/x86_64-linux-gnu/libgobject-2.0.so.0.6400.6
7fafe12dc000-7fafe12df000 r--p 0005b000 08:05 4201988                    /usr/lib/x86_64-linux-gnu/libgobject-2.0.so.0.6400.6
7fafe12df000-7fafe12e0000 rw-p 0005e000 08:05 4201988                    /usr/lib/x86_64-linux-gnu/libgobject-2.0.so.0.6400.6
7fafe12e0000-7fafe12fc000 r--p 00000000 08:05 4201978                    /usr/lib/x86_64-linux-gnu/libglib-2.0.so.0.6400.6
7fafe12fc000-7fafe1380000 r-xp 0001c000 08:05 4201978                    /usr/lib/x86_64-linux-gnu/libglib-2.0.so.0.6400.6
7fafe1380000-7fafe1406000 r--p 000a0000 08:05 4201978                    /usr/lib/x86_64-linux-gnu/libglib-2.0.so.0.6400.6
7fafe1406000-7fafe1407000 r--p 00125000 08:05 4201978                    /usr/lib/x86_64-linux-gnu/libglib-2.0.so.0.6400.6
7fafe1407000-7fafe1408000 rw-p 00126000 08:05 4201978                    /usr/lib/x86_64-linux-gnu/libglib-2.0.so.0.6400.6
7fafe1408000-7fafe1409000 rw-p 00000000 00:00 0 
7fafe1409000-7fafe1441000 r--p 00000000 08:05 4201971                    /usr/lib/x86_64-linux-gnu/libgio-2.0.so.0.6400.6
7fafe1441000-7fafe1554000 r-xp 00038000 08:05 4201971                    /usr/lib/x86_64-linux-gnu/libgio-2.0.so.0.6400.6
7fafe1554000-7fafe15de000 r--p 0014b000 08:05 4201971                    /usr/lib/x86_64-linux-gnu/libgio-2.0.so.0.6400.6
7fafe15de000-7fafe15e7000 r--p 001d4000 08:05 4201971                    /usr/lib/x86_64-linux-gnu/libgio-2.0.so.0.6400.6
7fafe15e7000-7fafe15e8000 rw-p 001dd000 08:05 4201971                    /usr/lib/x86_64-linux-gnu/libgio-2.0.so.0.6400.6
7fafe15e8000-7fafe15ea000 rw-p 00000000 00:00 0 
7fafe15ea000-7fafe15ec000 r--p 00000000 08:05 4196931                    /usr/lib/x86_64-linux-gnu/libXrandr.so.2.2.0
7fafe15ec000-7fafe15f3000 r-xp 00002000 08:05 4196931                    /usr/lib/x86_64-linux-gnu/libXrandr.so.2.2.0
7fafe15f3000-7fafe15f5000 r--p 00009000 08:05 4196931                    /usr/lib/x86_64-linux-gnu/libXrandr.so.2.2.0
7fafe15f5000-7fafe15f6000 r--p 0000a000 08:05 4196931                    /usr/lib/x86_64-linux-gnu/libXrandr.so.2.2.0
7fafe15f6000-7fafe15f7000 rw-p 0000b000 08:05 4196931                    /usr/lib/x86_64-linux-gnu/libXrandr.so.2.2.0
7fafe15f7000-7fafe17f7000 rw-p 00000000 00:00 0 
7fafe17f7000-7fafe17fc000 r--p 00000000 08:05 4200951                    /usr/lib/x86_64-linux-gnu/libpng16.so.16.37.0
7fafe17fc000-7fafe1821000 r-xp 00005000 08:05 4200951                    /usr/lib/x86_64-linux-gnu/libpng16.so.16.37.0
7fafe1821000-7fafe182d000 r--p 0002a000 08:05 4200951                    /usr/lib/x86_64-linux-gnu/libpng16.so.16.37.0
7fafe182d000-7fafe182e000 r--p 00035000 08:05 4200951                    /usr/lib/x86_64-linux-gnu/libpng16.so.16.37.0
7fafe182e000-7fafe182f000 rw-p 00036000 08:05 4200951                    /usr/lib/x86_64-linux-gnu/libpng16.so.16.37.0
7fafe182f000-7fafe183b000 r--p 00000000 08:05 4212646                    /usr/lib/x86_64-linux-gnu/libfreetype.so.6.17.1
7fafe183b000-7fafe18bb000 r-xp 0000c000 08:05 4212646                    /usr/lib/x86_64-linux-gnu/libfreetype.so.6.17.1
7fafe18bb000-7fafe18e5000 r--p 0008c000 08:05 4212646                    /usr/lib/x86_64-linux-gnu/libfreetype.so.6.17.1
7fafe18e5000-7fafe18e6000 ---p 000b6000 08:05 4212646                    /usr/lib/x86_64-linux-gnu/libfreetype.so.6.17.1
7fafe18e6000-7fafe18ed000 r--p 000b6000 08:05 4212646                    /usr/lib/x86_64-linux-gnu/libfreetype.so.6.17.1
7fafe18ed000-7fafe18ee000 rw-p 000bd000 08:05 4212646                    /usr/lib/x86_64-linux-gnu/libfreetype.so.6.17.1
7fafe18ef000-7fafe18f1000 r--p 00000000 08:05 4200541                    /usr/lib/x86_64-linux-gnu/libXfixes.so.3.1.0
7fafe18f1000-7fafe18f4000 r-xp 00002000 08:05 4200541                    /usr/lib/x86_64-linux-gnu/libXfixes.so.3.1.0
7fafe18f4000-7fafe18f5000 r--p 00005000 08:05 4200541                    /usr/lib/x86_64-linux-gnu/libXfixes.so.3.1.0
7fafe18f5000-7fafe18f6000 r--p 00005000 08:05 4200541                    /usr/lib/x86_64-linux-gnu/libXfixes.so.3.1.0
7fafe18f6000-7fafe18f7000 rw-p 00006000 08:05 4200541                    /usr/lib/x86_64-linux-gnu/libXfixes.so.3.1.0
7fafe18f7000-7fafe1917000 r--p 00000000 08:05 5511550                    /usr/share/locale-langpack/es/LC_MESSAGES/glib20.mo
7fafe1917000-7fafe191b000 r--p 00000000 08:05 4206044                    /usr/lib/jvm/java-13-openjdk-amd64/lib/libfontmanager.so
7fafe191b000-7fafe1a06000 r-xp 00004000 08:05 4206044                    /usr/lib/jvm/java-13-openjdk-amd64/lib/libfontmanager.so
7fafe1a06000-7fafe1a46000 r--p 000ef000 08:05 4206044                    /usr/lib/jvm/java-13-openjdk-amd64/lib/libfontmanager.so
7fafe1a46000-7fafe1a47000 ---p 0012f000 08:05 4206044                    /usr/lib/jvm/java-13-openjdk-amd64/lib/libfontmanager.so
7fafe1a47000-7fafe1a48000 r--p 0012f000 08:05 4206044                    /usr/lib/jvm/java-13-openjdk-amd64/lib/libfontmanager.so
7fafe1a48000-7fafe1a49000 rw-p 00130000 08:05 4206044                    /usr/lib/jvm/java-13-openjdk-amd64/lib/libfontmanager.so
7fafe1a49000-7fafe1a4c000 rw-p 00000000 00:00 0 
7fafe1a4c000-7fafe1a53000 r--s 00000000 08:05 4460204                    /usr/lib/x86_64-linux-gnu/gconv/gconv-modules.cache
7fafe1a53000-7fafe1a57000 r--p 00000000 08:05 4196110                    /usr/lib/x86_64-linux-gnu/libbsd.so.0.10.0
7fafe1a57000-7fafe1a66000 r-xp 00004000 08:05 4196110                    /usr/lib/x86_64-linux-gnu/libbsd.so.0.10.0
7fafe1a66000-7fafe1a69000 r--p 00013000 08:05 4196110                    /usr/lib/x86_64-linux-gnu/libbsd.so.0.10.0
7fafe1a69000-7fafe1a6a000 ---p 00016000 08:05 4196110                    /usr/lib/x86_64-linux-gnu/libbsd.so.0.10.0
7fafe1a6a000-7fafe1a6b000 r--p 00016000 08:05 4196110                    /usr/lib/x86_64-linux-gnu/libbsd.so.0.10.0
7fafe1a6b000-7fafe1a6c000 rw-p 00017000 08:05 4196110                    /usr/lib/x86_64-linux-gnu/libbsd.so.0.10.0
7fafe1a6c000-7fafe1a6d000 rw-p 00000000 00:00 0 
7fafe1a6d000-7fafe1a78000 r--p 00000000 08:05 4201151                    /usr/lib/x86_64-linux-gnu/libxcb.so.1.1.0
7fafe1a78000-7fafe1a8c000 r-xp 0000b000 08:05 4201151                    /usr/lib/x86_64-linux-gnu/libxcb.so.1.1.0
7fafe1a8c000-7fafe1a95000 r--p 0001f000 08:05 4201151                    /usr/lib/x86_64-linux-gnu/libxcb.so.1.1.0
7fafe1a95000-7fafe1a96000 r--p 00027000 08:05 4201151                    /usr/lib/x86_64-linux-gnu/libxcb.so.1.1.0
7fafe1a96000-7fafe1a97000 rw-p 00028000 08:05 4201151                    /usr/lib/x86_64-linux-gnu/libxcb.so.1.1.0
7fafe1a97000-7fafe1a99000 r--p 00000000 08:05 4200539                    /usr/lib/x86_64-linux-gnu/libXi.so.6.1.0
7fafe1a99000-7fafe1aa4000 r-xp 00002000 08:05 4200539                    /usr/lib/x86_64-linux-gnu/libXi.so.6.1.0
7fafe1aa4000-7fafe1aa7000 r--p 0000d000 08:05 4200539                    /usr/lib/x86_64-linux-gnu/libXi.so.6.1.0
7fafe1aa7000-7fafe1aa8000 r--p 0000f000 08:05 4200539                    /usr/lib/x86_64-linux-gnu/libXi.so.6.1.0
7fafe1aa8000-7fafe1aa9000 rw-p 00010000 08:05 4200539                    /usr/lib/x86_64-linux-gnu/libXi.so.6.1.0
7fafe1aa9000-7fafe1aae000 r-xp 00000000 08:05 4202265                    /usr/lib/x86_64-linux-gnu/libXtst.so.6.1.0
7fafe1aae000-7fafe1cad000 ---p 00005000 08:05 4202265                    /usr/lib/x86_64-linux-gnu/libXtst.so.6.1.0
7fafe1cad000-7fafe1cae000 r--p 00004000 08:05 4202265                    /usr/lib/x86_64-linux-gnu/libXtst.so.6.1.0
7fafe1cae000-7fafe1caf000 rw-p 00005000 08:05 4202265                    /usr/lib/x86_64-linux-gnu/libXtst.so.6.1.0
7fafe1caf000-7fafe1cb8000 r-xp 00000000 08:05 4202259                    /usr/lib/x86_64-linux-gnu/libXrender.so.1.3.0
7fafe1cb8000-7fafe1eb7000 ---p 00009000 08:05 4202259                    /usr/lib/x86_64-linux-gnu/libXrender.so.1.3.0
7fafe1eb7000-7fafe1eb8000 r--p 00008000 08:05 4202259                    /usr/lib/x86_64-linux-gnu/libXrender.so.1.3.0
7fafe1eb8000-7fafe1eb9000 rw-p 00009000 08:05 4202259                    /usr/lib/x86_64-linux-gnu/libXrender.so.1.3.0
7fafe1eb9000-7fafe1ed1000 r--p 00000000 08:05 4202365                    /usr/lib/x86_64-linux-gnu/libX11.so.6.3.0
7fafe1ed1000-7fafe1f5c000 r-xp 00018000 08:05 4202365                    /usr/lib/x86_64-linux-gnu/libX11.so.6.3.0
7fafe1f5c000-7fafe1ff0000 r--p 000a3000 08:05 4202365                    /usr/lib/x86_64-linux-gnu/libX11.so.6.3.0
7fafe1ff0000-7fafe1ff1000 ---p 00137000 08:05 4202365                    /usr/lib/x86_64-linux-gnu/libX11.so.6.3.0
7fafe1ff1000-7fafe1ff2000 r--p 00137000 08:05 4202365                    /usr/lib/x86_64-linux-gnu/libX11.so.6.3.0
7fafe1ff2000-7fafe1ff6000 rw-p 00138000 08:05 4202365                    /usr/lib/x86_64-linux-gnu/libX11.so.6.3.0
7fafe1ff6000-7fafe1ffa000 r--p 00000000 08:05 4201059                    /usr/lib/x86_64-linux-gnu/libXext.so.6.4.0
7fafe1ffa000-7fafe2005000 r-xp 00004000 08:05 4201059                    /usr/lib/x86_64-linux-gnu/libXext.so.6.4.0
7fafe2005000-7fafe2009000 r--p 0000f000 08:05 4201059                    /usr/lib/x86_64-linux-gnu/libXext.so.6.4.0
7fafe2009000-7fafe200a000 r--p 00012000 08:05 4201059                    /usr/lib/x86_64-linux-gnu/libXext.so.6.4.0
7fafe200a000-7fafe200b000 rw-p 00013000 08:05 4201059                    /usr/lib/x86_64-linux-gnu/libXext.so.6.4.0
7fafe2010000-7fafe2034000 r--p 00000000 08:05 5512240                    /usr/share/locale-langpack/es/LC_MESSAGES/libc.mo
7fafe2034000-7fafe2044000 r--p 00000000 08:05 4206041                    /usr/lib/jvm/java-13-openjdk-amd64/lib/libawt_xawt.so
7fafe2044000-7fafe2083000 r-xp 00010000 08:05 4206041                    /usr/lib/jvm/java-13-openjdk-amd64/lib/libawt_xawt.so
7fafe2083000-7fafe2094000 r--p 0004f000 08:05 4206041                    /usr/lib/jvm/java-13-openjdk-amd64/lib/libawt_xawt.so
7fafe2094000-7fafe2095000 ---p 00060000 08:05 4206041                    /usr/lib/jvm/java-13-openjdk-amd64/lib/libawt_xawt.so
7fafe2095000-7fafe2096000 r--p 00060000 08:05 4206041                    /usr/lib/jvm/java-13-openjdk-amd64/lib/libawt_xawt.so
7fafe2096000-7fafe2099000 rw-p 00061000 08:05 4206041                    /usr/lib/jvm/java-13-openjdk-amd64/lib/libawt_xawt.so
7fafe2099000-7fafe209b000 rw-p 00000000 00:00 0 
7fafe209b000-7fafe20c7000 r--p 00000000 08:05 4206039                    /usr/lib/jvm/java-13-openjdk-amd64/lib/libawt.so
7fafe20c7000-7fafe2130000 r-xp 0002c000 08:05 4206039                    /usr/lib/jvm/java-13-openjdk-amd64/lib/libawt.so
7fafe2130000-7fafe213c000 r--p 00095000 08:05 4206039                    /usr/lib/jvm/java-13-openjdk-amd64/lib/libawt.so
7fafe213c000-7fafe213d000 ---p 000a1000 08:05 4206039                    /usr/lib/jvm/java-13-openjdk-amd64/lib/libawt.so
7fafe213d000-7fafe213e000 r--p 000a1000 08:05 4206039                    /usr/lib/jvm/java-13-openjdk-amd64/lib/libawt.so
7fafe213e000-7fafe2149000 rw-p 000a2000 08:05 4206039                    /usr/lib/jvm/java-13-openjdk-amd64/lib/libawt.so
7fafe2149000-7fafe219f000 rw-p 00000000 00:00 0 
7fafe219f000-7fafe21a3000 r--p 00000000 08:05 4207247                    /usr/lib/jvm/java-13-openjdk-amd64/lib/libnet.so
7fafe21a3000-7fafe21b1000 r-xp 00004000 08:05 4207247                    /usr/lib/jvm/java-13-openjdk-amd64/lib/libnet.so
7fafe21b1000-7fafe21b5000 r--p 00012000 08:05 4207247                    /usr/lib/jvm/java-13-openjdk-amd64/lib/libnet.so
7fafe21b5000-7fafe21b6000 r--p 00015000 08:05 4207247                    /usr/lib/jvm/java-13-openjdk-amd64/lib/libnet.so
7fafe21b6000-7fafe21b7000 rw-p 00016000 08:05 4207247                    /usr/lib/jvm/java-13-openjdk-amd64/lib/libnet.so
7fafe21b7000-7fafe21bb000 ---p 00000000 00:00 0 
7fafe21bb000-7fafe22b8000 rw-p 00000000 00:00 0 
7fafe22b8000-7fafe22b9000 ---p 00000000 00:00 0 
7fafe22b9000-7fafe23ba000 rw-p 00000000 00:00 0 
7fafe23ba000-7fafe23be000 ---p 00000000 00:00 0 
7fafe23be000-7fafe24bb000 rw-p 00000000 00:00 0 
7fafe24bb000-7fafe24bf000 ---p 00000000 00:00 0 
7fafe24bf000-7fafe25bc000 rw-p 00000000 00:00 0 
7fafe25bc000-7fafe25c0000 ---p 00000000 00:00 0 
7fafe25c0000-7fafe26bd000 rw-p 00000000 00:00 0 
7fafe26bd000-7fafe26c1000 ---p 00000000 00:00 0 
7fafe26c1000-7fafe27be000 rw-p 00000000 00:00 0 
7fafe27be000-7fafe27c2000 ---p 00000000 00:00 0 
7fafe27c2000-7fafe28bf000 rw-p 00000000 00:00 0 
7fafe28bf000-7fafe33be000 r--p 00000000 08:05 4195743                    /usr/lib/locale/locale-archive
7fafe33be000-7fafe33c2000 ---p 00000000 00:00 0 
7fafe33c2000-7fafe34bf000 rw-p 00000000 00:00 0 
7fafe34bf000-7fafe34c3000 ---p 00000000 00:00 0 
7fafe34c3000-7fafe35c0000 rw-p 00000000 00:00 0 
7fafe35c0000-7fafe35c1000 ---p 00000000 00:00 0 
7fafe35c1000-7fafe3fdf000 rw-p 00000000 00:00 0 
7fafe3fdf000-7fafe4000000 rw-p 00000000 00:00 0 
7fafe4000000-7fafe4021000 rw-p 00000000 00:00 0 
7fafe4021000-7fafe8000000 ---p 00000000 00:00 0 
7fafe8000000-7fafe8021000 rw-p 00000000 00:00 0 
7fafe8021000-7fafec000000 ---p 00000000 00:00 0 
7fafec000000-7fafec021000 rw-p 00000000 00:00 0 
7fafec021000-7faff0000000 ---p 00000000 00:00 0 
7faff0000000-7faff0021000 rw-p 00000000 00:00 0 
7faff0021000-7faff4000000 ---p 00000000 00:00 0 
7faff4000000-7faff4021000 rw-p 00000000 00:00 0 
7faff4021000-7faff8000000 ---p 00000000 00:00 0 
7faff8000000-7faff8001000 r--p 00000000 08:05 4201061                    /usr/lib/x86_64-linux-gnu/libXinerama.so.1.0.0
7faff8001000-7faff8002000 r-xp 00001000 08:05 4201061                    /usr/lib/x86_64-linux-gnu/libXinerama.so.1.0.0
7faff8002000-7faff8003000 r--p 00002000 08:05 4201061                    /usr/lib/x86_64-linux-gnu/libXinerama.so.1.0.0
7faff8003000-7faff8004000 r--p 00002000 08:05 4201061                    /usr/lib/x86_64-linux-gnu/libXinerama.so.1.0.0
7faff8004000-7faff8005000 rw-p 00003000 08:05 4201061                    /usr/lib/x86_64-linux-gnu/libXinerama.so.1.0.0
7faff8005000-7faff800c000 r--p 00000000 08:05 4207249                    /usr/lib/jvm/java-13-openjdk-amd64/lib/libnio.so
7faff800c000-7faff8015000 r-xp 00007000 08:05 4207249                    /usr/lib/jvm/java-13-openjdk-amd64/lib/libnio.so
7faff8015000-7faff8019000 r--p 00010000 08:05 4207249                    /usr/lib/jvm/java-13-openjdk-amd64/lib/libnio.so
7faff8019000-7faff801a000 r--p 00013000 08:05 4207249                    /usr/lib/jvm/java-13-openjdk-amd64/lib/libnio.so
7faff801a000-7faff801b000 rw-p 00014000 08:05 4207249                    /usr/lib/jvm/java-13-openjdk-amd64/lib/libnio.so
7faff801b000-7faff803c000 rw-p 00000000 00:00 0 
7faff803c000-7faff803d000 ---p 00000000 00:00 0 
7faff803d000-7faff813e000 rw-p 00000000 00:00 0 
7faff813e000-7faff813f000 ---p 00000000 00:00 0 
7faff813f000-7faffa644000 rw-p 00000000 00:00 0 
7faffa644000-7faffa645000 ---p 00000000 00:00 0 
7faffa645000-7faffa746000 rw-p 00000000 00:00 0 
7faffa746000-7faffa747000 ---p 00000000 00:00 0 
7faffa747000-7faffa848000 rw-p 00000000 00:00 0 
7faffa848000-7faffa849000 ---p 00000000 00:00 0 
7faffa849000-7faffab32000 rw-p 00000000 00:00 0 
7faffab32000-7faffc78a000 ---p 00000000 00:00 0 
7faffc78a000-7faffc9fa000 rwxp 00000000 00:00 0 
7faffc9fa000-7faffcd1b000 ---p 00000000 00:00 0 
7faffcd1b000-7faffcf8b000 rwxp 00000000 00:00 0 
7faffcf8b000-7fb004252000 ---p 00000000 00:00 0 
7fb004252000-7fb0044c2000 rwxp 00000000 00:00 0 
7fb0044c2000-7fb00b78a000 ---p 00000000 00:00 0 
7fb00b78a000-7fb014000000 r--s 00000000 08:05 4207258                    /usr/lib/jvm/java-13-openjdk-amd64/lib/modules
7fb014000000-7fb0144f4000 rw-p 00000000 00:00 0 
7fb0144f4000-7fb018000000 ---p 00000000 00:00 0 
7fb018000000-7fb018002000 r--p 00000000 08:05 4201148                    /usr/lib/x86_64-linux-gnu/libXdmcp.so.6.0.0
7fb018002000-7fb018004000 r-xp 00002000 08:05 4201148                    /usr/lib/x86_64-linux-gnu/libXdmcp.so.6.0.0
7fb018004000-7fb018006000 r--p 00004000 08:05 4201148                    /usr/lib/x86_64-linux-gnu/libXdmcp.so.6.0.0
7fb018006000-7fb018007000 r--p 00005000 08:05 4201148                    /usr/lib/x86_64-linux-gnu/libXdmcp.so.6.0.0
7fb018007000-7fb018008000 rw-p 00006000 08:05 4201148                    /usr/lib/x86_64-linux-gnu/libXdmcp.so.6.0.0
7fb018008000-7fb018231000 rw-p 00000000 00:00 0 
7fb018231000-7fb019e89000 ---p 00000000 00:00 0 
7fb019e89000-7fb019ec6000 rw-p 00000000 00:00 0 
7fb019ec6000-7fb01a251000 ---p 00000000 00:00 0 
7fb01a251000-7fb01a28e000 rw-p 00000000 00:00 0 
7fb01a28e000-7fb01a619000 ---p 00000000 00:00 0 
7fb01a619000-7fb01a656000 rw-p 00000000 00:00 0 
7fb01a656000-7fb01a9e1000 ---p 00000000 00:00 0 
7fb01a9e1000-7fb01adea000 rw-p 00000000 00:00 0 
7fb01adea000-7fb01aed0000 ---p 00000000 00:00 0 
7fb01aed0000-7fb01aed5000 rw-p 00000000 00:00 0 
7fb01aed5000-7fb01afbb000 ---p 00000000 00:00 0 
7fb01afbb000-7fb01afbe000 r--p 00000000 08:05 5120676                    /lib/x86_64-linux-gnu/libnss_files-2.31.so
7fb01afbe000-7fb01afc5000 r-xp 00003000 08:05 5120676                    /lib/x86_64-linux-gnu/libnss_files-2.31.so
7fb01afc5000-7fb01afc7000 r--p 0000a000 08:05 5120676                    /lib/x86_64-linux-gnu/libnss_files-2.31.so
7fb01afc7000-7fb01afc8000 r--p 0000b000 08:05 5120676                    /lib/x86_64-linux-gnu/libnss_files-2.31.so
7fb01afc8000-7fb01afc9000 rw-p 0000c000 08:05 5120676                    /lib/x86_64-linux-gnu/libnss_files-2.31.so
7fb01afc9000-7fb01afcf000 rw-p 00000000 00:00 0 
7fb01afcf000-7fb01afd4000 r--p 00000000 08:05 5120673                    /lib/x86_64-linux-gnu/libnsl-2.31.so
7fb01afd4000-7fb01afe4000 r-xp 00005000 08:05 5120673                    /lib/x86_64-linux-gnu/libnsl-2.31.so
7fb01afe4000-7fb01afe8000 r--p 00015000 08:05 5120673                    /lib/x86_64-linux-gnu/libnsl-2.31.so
7fb01afe8000-7fb01afe9000 r--p 00018000 08:05 5120673                    /lib/x86_64-linux-gnu/libnsl-2.31.so
7fb01afe9000-7fb01afea000 rw-p 00019000 08:05 5120673                    /lib/x86_64-linux-gnu/libnsl-2.31.so
7fb01afea000-7fb01afec000 rw-p 00000000 00:00 0 
7fb01afec000-7fb01afef000 r--p 00000000 08:05 5120678                    /lib/x86_64-linux-gnu/libnss_nis-2.31.so
7fb01afef000-7fb01aff7000 r-xp 00003000 08:05 5120678                    /lib/x86_64-linux-gnu/libnss_nis-2.31.so
7fb01aff7000-7fb01aff9000 r--p 0000b000 08:05 5120678                    /lib/x86_64-linux-gnu/libnss_nis-2.31.so
7fb01aff9000-7fb01affa000 r--p 0000c000 08:05 5120678                    /lib/x86_64-linux-gnu/libnss_nis-2.31.so
7fb01affa000-7fb01affb000 rw-p 0000d000 08:05 5120678                    /lib/x86_64-linux-gnu/libnss_nis-2.31.so
7fb01affd000-7fb01affe000 r--s 00000000 00:40 132                        /run/user/1000/dconf/user
7fb01affe000-7fb01afff000 r--p 00000000 08:05 4194943                    /usr/lib/x86_64-linux-gnu/libXau.so.6.0.0
7fb01afff000-7fb01b001000 r-xp 00001000 08:05 4194943                    /usr/lib/x86_64-linux-gnu/libXau.so.6.0.0
7fb01b001000-7fb01b002000 r--p 00003000 08:05 4194943                    /usr/lib/x86_64-linux-gnu/libXau.so.6.0.0
7fb01b002000-7fb01b003000 r--p 00003000 08:05 4194943                    /usr/lib/x86_64-linux-gnu/libXau.so.6.0.0
7fb01b003000-7fb01b004000 rw-p 00004000 08:05 4194943                    /usr/lib/x86_64-linux-gnu/libXau.so.6.0.0
7fb01b004000-7fb01b009000 rw-p 00000000 00:00 0 
7fb01b009000-7fb01b010000 ---p 00000000 00:00 0 
7fb01b010000-7fb01b012000 r--s 0000c000 08:05 4592162                    /usr/share/java/java-atk-wrapper.jar
7fb01b012000-7fb01b014000 r--p 00000000 08:05 4207257                    /usr/lib/jvm/java-13-openjdk-amd64/lib/libzip.so
7fb01b014000-7fb01b018000 r-xp 00002000 08:05 4207257                    /usr/lib/jvm/java-13-openjdk-amd64/lib/libzip.so
7fb01b018000-7fb01b01a000 r--p 00006000 08:05 4207257                    /usr/lib/jvm/java-13-openjdk-amd64/lib/libzip.so
7fb01b01a000-7fb01b01b000 r--p 00007000 08:05 4207257                    /usr/lib/jvm/java-13-openjdk-amd64/lib/libzip.so
7fb01b01b000-7fb01b01c000 rw-p 00008000 08:05 4207257                    /usr/lib/jvm/java-13-openjdk-amd64/lib/libzip.so
7fb01b01c000-7fb01b024000 rw-s 00000000 08:05 9178118                    /tmp/hsperfdata_miguel/22082
7fb01b024000-7fb01b031000 r--p 00000000 08:05 4206050                    /usr/lib/jvm/java-13-openjdk-amd64/lib/libjava.so
7fb01b031000-7fb01b046000 r-xp 0000d000 08:05 4206050                    /usr/lib/jvm/java-13-openjdk-amd64/lib/libjava.so
7fb01b046000-7fb01b04c000 r--p 00022000 08:05 4206050                    /usr/lib/jvm/java-13-openjdk-amd64/lib/libjava.so
7fb01b04c000-7fb01b04d000 ---p 00028000 08:05 4206050                    /usr/lib/jvm/java-13-openjdk-amd64/lib/libjava.so
7fb01b04d000-7fb01b04e000 r--p 00028000 08:05 4206050                    /usr/lib/jvm/java-13-openjdk-amd64/lib/libjava.so
7fb01b04e000-7fb01b050000 rw-p 00029000 08:05 4206050                    /usr/lib/jvm/java-13-openjdk-amd64/lib/libjava.so
7fb01b050000-7fb01b054000 ---p 00000000 00:00 0 
7fb01b054000-7fb01b151000 rw-p 00000000 00:00 0 
7fb01b151000-7fb01b154000 r--p 00000000 08:05 5112281                    /lib/x86_64-linux-gnu/libgcc_s.so.1
7fb01b154000-7fb01b166000 r-xp 00003000 08:05 5112281                    /lib/x86_64-linux-gnu/libgcc_s.so.1
7fb01b166000-7fb01b16a000 r--p 00015000 08:05 5112281                    /lib/x86_64-linux-gnu/libgcc_s.so.1
7fb01b16a000-7fb01b16b000 r--p 00018000 08:05 5112281                    /lib/x86_64-linux-gnu/libgcc_s.so.1
7fb01b16b000-7fb01b16c000 rw-p 00019000 08:05 5112281                    /lib/x86_64-linux-gnu/libgcc_s.so.1
7fb01b16c000-7fb01b17b000 r--p 00000000 08:05 5120670                    /lib/x86_64-linux-gnu/libm-2.31.so
7fb01b17b000-7fb01b222000 r-xp 0000f000 08:05 5120670                    /lib/x86_64-linux-gnu/libm-2.31.so
7fb01b222000-7fb01b2b9000 r--p 000b6000 08:05 5120670                    /lib/x86_64-linux-gnu/libm-2.31.so
7fb01b2b9000-7fb01b2ba000 r--p 0014c000 08:05 5120670                    /lib/x86_64-linux-gnu/libm-2.31.so
7fb01b2ba000-7fb01b2bb000 rw-p 0014d000 08:05 5120670                    /lib/x86_64-linux-gnu/libm-2.31.so
7fb01b2bb000-7fb01b351000 r--p 00000000 08:05 4195001                    /usr/lib/x86_64-linux-gnu/libstdc++.so.6.0.28
7fb01b351000-7fb01b442000 r-xp 00096000 08:05 4195001                    /usr/lib/x86_64-linux-gnu/libstdc++.so.6.0.28
7fb01b442000-7fb01b48b000 r--p 00187000 08:05 4195001                    /usr/lib/x86_64-linux-gnu/libstdc++.so.6.0.28
7fb01b48b000-7fb01b48c000 ---p 001d0000 08:05 4195001                    /usr/lib/x86_64-linux-gnu/libstdc++.so.6.0.28
7fb01b48c000-7fb01b497000 r--p 001d0000 08:05 4195001                    /usr/lib/x86_64-linux-gnu/libstdc++.so.6.0.28
7fb01b497000-7fb01b49a000 rw-p 001db000 08:05 4195001                    /usr/lib/x86_64-linux-gnu/libstdc++.so.6.0.28
7fb01b49a000-7fb01b49d000 rw-p 00000000 00:00 0 
7fb01b49d000-7fb01b723000 r--p 00000000 08:05 4207263                    /usr/lib/jvm/java-13-openjdk-amd64/lib/server/libjvm.so
7fb01b723000-7fb01c4a0000 r-xp 00286000 08:05 4207263                    /usr/lib/jvm/java-13-openjdk-amd64/lib/server/libjvm.so
7fb01c4a0000-7fb01c71b000 r--p 01003000 08:05 4207263                    /usr/lib/jvm/java-13-openjdk-amd64/lib/server/libjvm.so
7fb01c71b000-7fb01c7e0000 r--p 0127d000 08:05 4207263                    /usr/lib/jvm/java-13-openjdk-amd64/lib/server/libjvm.so
7fb01c7e0000-7fb01c81b000 rw-p 01342000 08:05 4207263                    /usr/lib/jvm/java-13-openjdk-amd64/lib/server/libjvm.so
7fb01c81b000-7fb01c8a1000 rw-p 00000000 00:00 0 
7fb01c8a1000-7fb01c8a8000 r--p 00000000 08:05 5120681                    /lib/x86_64-linux-gnu/libpthread-2.31.so
7fb01c8a8000-7fb01c8b9000 r-xp 00007000 08:05 5120681                    /lib/x86_64-linux-gnu/libpthread-2.31.so
7fb01c8b9000-7fb01c8be000 r--p 00018000 08:05 5120681                    /lib/x86_64-linux-gnu/libpthread-2.31.so
7fb01c8be000-7fb01c8bf000 r--p 0001c000 08:05 5120681                    /lib/x86_64-linux-gnu/libpthread-2.31.so
7fb01c8bf000-7fb01c8c0000 rw-p 0001d000 08:05 5120681                    /lib/x86_64-linux-gnu/libpthread-2.31.so
7fb01c8c0000-7fb01c8c4000 rw-p 00000000 00:00 0 
7fb01c8c4000-7fb01c8c5000 r--p 00000000 08:05 5120669                    /lib/x86_64-linux-gnu/libdl-2.31.so
7fb01c8c5000-7fb01c8c7000 r-xp 00001000 08:05 5120669                    /lib/x86_64-linux-gnu/libdl-2.31.so
7fb01c8c7000-7fb01c8c8000 r--p 00003000 08:05 5120669                    /lib/x86_64-linux-gnu/libdl-2.31.so
7fb01c8c8000-7fb01c8c9000 r--p 00003000 08:05 5120669                    /lib/x86_64-linux-gnu/libdl-2.31.so
7fb01c8c9000-7fb01c8ca000 rw-p 00004000 08:05 5120669                    /lib/x86_64-linux-gnu/libdl-2.31.so
7fb01c8ca000-7fb01c8cc000 r--p 00000000 08:05 5116440                    /lib/x86_64-linux-gnu/libz.so.1.2.11
7fb01c8cc000-7fb01c8dd000 r-xp 00002000 08:05 5116440                    /lib/x86_64-linux-gnu/libz.so.1.2.11
7fb01c8dd000-7fb01c8e3000 r--p 00013000 08:05 5116440                    /lib/x86_64-linux-gnu/libz.so.1.2.11
7fb01c8e3000-7fb01c8e4000 ---p 00019000 08:05 5116440                    /lib/x86_64-linux-gnu/libz.so.1.2.11
7fb01c8e4000-7fb01c8e5000 r--p 00019000 08:05 5116440                    /lib/x86_64-linux-gnu/libz.so.1.2.11
7fb01c8e5000-7fb01c8e6000 rw-p 0001a000 08:05 5116440                    /lib/x86_64-linux-gnu/libz.so.1.2.11
7fb01c8e6000-7fb01c90b000 r--p 00000000 08:05 5120667                    /lib/x86_64-linux-gnu/libc-2.31.so
7fb01c90b000-7fb01ca83000 r-xp 00025000 08:05 5120667                    /lib/x86_64-linux-gnu/libc-2.31.so
7fb01ca83000-7fb01cacd000 r--p 0019d000 08:05 5120667                    /lib/x86_64-linux-gnu/libc-2.31.so
7fb01cacd000-7fb01cace000 ---p 001e7000 08:05 5120667                    /lib/x86_64-linux-gnu/libc-2.31.so
7fb01cace000-7fb01cad1000 r--p 001e7000 08:05 5120667                    /lib/x86_64-linux-gnu/libc-2.31.so
7fb01cad1000-7fb01cad4000 rw-p 001ea000 08:05 5120667                    /lib/x86_64-linux-gnu/libc-2.31.so
7fb01cad4000-7fb01cad8000 rw-p 00000000 00:00 0 
7fb01cad8000-7fb01cada000 r--p 00000000 08:05 5120674                    /lib/x86_64-linux-gnu/libnss_compat-2.31.so
7fb01cada000-7fb01cae1000 r-xp 00002000 08:05 5120674                    /lib/x86_64-linux-gnu/libnss_compat-2.31.so
7fb01cae1000-7fb01cae2000 r--p 00009000 08:05 5120674                    /lib/x86_64-linux-gnu/libnss_compat-2.31.so
7fb01cae2000-7fb01cae3000 r--p 00009000 08:05 5120674                    /lib/x86_64-linux-gnu/libnss_compat-2.31.so
7fb01cae3000-7fb01cae4000 rw-p 0000a000 08:05 5120674                    /lib/x86_64-linux-gnu/libnss_compat-2.31.so
7fb01cae4000-7fb01cae5000 ---p 00000000 00:00 0 
7fb01cae5000-7fb01cae6000 r--p 00000000 00:00 0 
7fb01cae6000-7fb01cae8000 r--p 00000000 08:05 4206054                    /usr/lib/jvm/java-13-openjdk-amd64/lib/libjimage.so
7fb01cae8000-7fb01caeb000 r-xp 00002000 08:05 4206054                    /usr/lib/jvm/java-13-openjdk-amd64/lib/libjimage.so
7fb01caeb000-7fb01caec000 r--p 00005000 08:05 4206054                    /usr/lib/jvm/java-13-openjdk-amd64/lib/libjimage.so
7fb01caec000-7fb01caed000 ---p 00006000 08:05 4206054                    /usr/lib/jvm/java-13-openjdk-amd64/lib/libjimage.so
7fb01caed000-7fb01caee000 r--p 00006000 08:05 4206054                    /usr/lib/jvm/java-13-openjdk-amd64/lib/libjimage.so
7fb01caee000-7fb01caef000 rw-p 00007000 08:05 4206054                    /usr/lib/jvm/java-13-openjdk-amd64/lib/libjimage.so
7fb01caef000-7fb01caf4000 r--p 00000000 08:05 4207256                    /usr/lib/jvm/java-13-openjdk-amd64/lib/libverify.so
7fb01caf4000-7fb01cafb000 r-xp 00005000 08:05 4207256                    /usr/lib/jvm/java-13-openjdk-amd64/lib/libverify.so
7fb01cafb000-7fb01cafd000 r--p 0000c000 08:05 4207256                    /usr/lib/jvm/java-13-openjdk-amd64/lib/libverify.so
7fb01cafd000-7fb01cafe000 ---p 0000e000 08:05 4207256                    /usr/lib/jvm/java-13-openjdk-amd64/lib/libverify.so
7fb01cafe000-7fb01cb00000 r--p 0000e000 08:05 4207256                    /usr/lib/jvm/java-13-openjdk-amd64/lib/libverify.so
7fb01cb00000-7fb01cb01000 rw-p 00010000 08:05 4207256                    /usr/lib/jvm/java-13-openjdk-amd64/lib/libverify.so
7fb01cb01000-7fb01cb04000 r--p 00000000 08:05 4206055                    /usr/lib/jvm/java-13-openjdk-amd64/lib/libjli.so
7fb01cb04000-7fb01cb0e000 r-xp 00003000 08:05 4206055                    /usr/lib/jvm/java-13-openjdk-amd64/lib/libjli.so
7fb01cb0e000-7fb01cb11000 r--p 0000d000 08:05 4206055                    /usr/lib/jvm/java-13-openjdk-amd64/lib/libjli.so
7fb01cb11000-7fb01cb12000 r--p 0000f000 08:05 4206055                    /usr/lib/jvm/java-13-openjdk-amd64/lib/libjli.so
7fb01cb12000-7fb01cb13000 rw-p 00010000 08:05 4206055                    /usr/lib/jvm/java-13-openjdk-amd64/lib/libjli.so
7fb01cb13000-7fb01cb15000 rw-p 00000000 00:00 0 
7fb01cb15000-7fb01cb16000 r--p 00000000 08:05 5118249                    /lib/x86_64-linux-gnu/ld-2.31.so
7fb01cb16000-7fb01cb39000 r-xp 00001000 08:05 5118249                    /lib/x86_64-linux-gnu/ld-2.31.so
7fb01cb39000-7fb01cb41000 r--p 00024000 08:05 5118249                    /lib/x86_64-linux-gnu/ld-2.31.so
7fb01cb41000-7fb01cb42000 ---p 00000000 00:00 0 
7fb01cb42000-7fb01cb43000 r--p 0002c000 08:05 5118249                    /lib/x86_64-linux-gnu/ld-2.31.so
7fb01cb43000-7fb01cb44000 rw-p 0002d000 08:05 5118249                    /lib/x86_64-linux-gnu/ld-2.31.so
7fb01cb44000-7fb01cb45000 rw-p 00000000 00:00 0 
7ffd98a45000-7ffd98a66000 rw-p 00000000 00:00 0                          [stack]
7ffd98b2c000-7ffd98b2f000 r--p 00000000 00:00 0                          [vvar]
7ffd98b2f000-7ffd98b30000 r-xp 00000000 00:00 0                          [vdso]
ffffffffff600000-ffffffffff601000 --xp 00000000 00:00 0                  [vsyscall]


VM Arguments:
java_command: devs.mrp.turkeydesktop.Runner
java_class_path (initial): /home/miguel/NetBeansProjects/TurkeyDesktop/target/classes:/home/miguel/.m2/repository/net/java/dev/jna/jna/5.9.0/jna-5.9.0.jar:/home/miguel/.m2/repository/net/java/dev/jna/jna-platform/5.9.0/jna-platform-5.9.0.jar
Launcher Type: SUN_STANDARD

[Global flags]
     intx CICompilerCount                          = 3                                         {product} {ergonomic}
     uint ConcGCThreads                            = 1                                         {product} {ergonomic}
     uint G1ConcRefinementThreads                  = 4                                         {product} {ergonomic}
   size_t G1HeapRegionSize                         = 1048576                                   {product} {ergonomic}
    uintx GCDrainStackTargetSize                   = 64                                        {product} {ergonomic}
   size_t InitialHeapSize                          = 127926272                                 {product} {ergonomic}
   size_t MarkStackSize                            = 4194304                                   {product} {ergonomic}
   size_t MaxHeapSize                              = 2030043136                                {product} {ergonomic}
   size_t MaxNewSize                               = 1217396736                                {product} {ergonomic}
   size_t MinHeapDeltaBytes                        = 1048576                                   {product} {ergonomic}
   size_t MinHeapSize                              = 8388608                                   {product} {ergonomic}
    uintx NonNMethodCodeHeapSize                   = 5832780                                {pd product} {ergonomic}
    uintx NonProfiledCodeHeapSize                  = 122912730                              {pd product} {ergonomic}
    uintx ProfiledCodeHeapSize                     = 122912730                              {pd product} {ergonomic}
    uintx ReservedCodeCacheSize                    = 251658240                              {pd product} {ergonomic}
     bool SegmentedCodeCache                       = true                                      {product} {ergonomic}
   size_t SoftMaxHeapSize                          = 2030043136                             {manageable} {ergonomic}
     bool UseCompressedClassPointers               = true                                 {lp64_product} {ergonomic}
     bool UseCompressedOops                        = true                                 {lp64_product} {ergonomic}
     bool UseG1GC                                  = true                                      {product} {ergonomic}

Logging:
Log output configuration:
 #0: stdout all=warning uptime,level,tags
 #1: stderr all=off uptime,level,tags

Environment Variables:
JAVA_HOME=/usr/lib/jvm/java-13-openjdk-amd64
PATH=/home/miguel/.cargo/bin:/home/miguel/.local/bin:/usr/local/sbin:/usr/local/bin:/usr/sbin:/usr/bin:/sbin:/bin:/usr/games:/usr/local/games:/snap/bin
USERNAME=miguel
SHELL=/bin/bash
DISPLAY=:1

Signal Handlers:
SIGSEGV: [libjvm.so+0xf8fcf0], sa_mask[0]=11111111011111111101111111111110, sa_flags=SA_RESTART|SA_SIGINFO
SIGBUS: [libjvm.so+0xf8fcf0], sa_mask[0]=11111111011111111101111111111110, sa_flags=SA_RESTART|SA_SIGINFO
SIGFPE: [libjvm.so+0xf8fcf0], sa_mask[0]=11111111011111111101111111111110, sa_flags=SA_RESTART|SA_SIGINFO
SIGPIPE: SIG_IGN, sa_mask[0]=00000000000010000000000000000000, sa_flags=SA_RESTART
SIGXFSZ: [libjvm.so+0xc3ffa0], sa_mask[0]=11111111011111111101111111111110, sa_flags=SA_RESTART|SA_SIGINFO
SIGILL: [libjvm.so+0xf8fcf0], sa_mask[0]=11111111011111111101111111111110, sa_flags=SA_RESTART|SA_SIGINFO
SIGUSR2: [libjvm.so+0xc3fe40], sa_mask[0]=00100000000000000000000000000000, sa_flags=SA_RESTART|SA_SIGINFO
SIGHUP: [libjvm.so+0xc40580], sa_mask[0]=11111111011111111101111111111110, sa_flags=SA_RESTART|SA_SIGINFO
SIGINT: SIG_IGN, sa_mask[0]=00000000000000000000000000000000, sa_flags=none
SIGTERM: [libjvm.so+0xc40580], sa_mask[0]=11111111011111111101111111111110, sa_flags=SA_RESTART|SA_SIGINFO
SIGQUIT: [libjvm.so+0xc40580], sa_mask[0]=11111111011111111101111111111110, sa_flags=SA_RESTART|SA_SIGINFO


---------------  S Y S T E M  ---------------

OS:DISTRIB_ID=Ubuntu
DISTRIB_RELEASE=20.04
DISTRIB_CODENAME=focal
DISTRIB_DESCRIPTION="Ubuntu 20.04.3 LTS"
uname:Linux 5.4.0-89-generic #100-Ubuntu SMP Fri Sep 24 14:50:10 UTC 2021 x86_64
OS uptime: 0 days 1:58 hours
libc:glibc 2.31 NPTL 2.31 
rlimit (soft/hard): STACK 8192k/infinity , CORE 0k/infinity , NPROC 30718/30718 , NOFILE 1048576/1048576 , AS infinity/infinity , CPU infinity/infinity , DATA infinity/infinity , FSIZE infinity/infinity , MEMLOCK 65536k/65536k
load average:1,33 1,31 1,39

/proc/meminfo:
MemTotal:        7922784 kB
MemFree:          444396 kB
MemAvailable:    2552264 kB
Buffers:          466012 kB
Cached:          1753988 kB
SwapCached:          880 kB
Active:          5199776 kB
Inactive:        1530384 kB
Active(anon):    3924856 kB
Inactive(anon):   651176 kB
Active(file):    1274920 kB
Inactive(file):   879208 kB
Unevictable:         692 kB
Mlocked:              96 kB
SwapTotal:      10239996 kB
SwapFree:       10199280 kB
Dirty:              2212 kB
Writeback:             0 kB
AnonPages:       4507172 kB
Mapped:           879436 kB
Shmem:             65812 kB
KReclaimable:     259968 kB
Slab:             501328 kB
SReclaimable:     259968 kB
SUnreclaim:       241360 kB
KernelStack:       20816 kB
PageTables:        42756 kB
NFS_Unstable:          0 kB
Bounce:                0 kB
WritebackTmp:          0 kB
CommitLimit:    14201388 kB
Committed_AS:   11735656 kB
VmallocTotal:   34359738367 kB
VmallocUsed:       68208 kB
VmallocChunk:          0 kB
Percpu:            21120 kB
HardwareCorrupted:     0 kB
AnonHugePages:     10240 kB
ShmemHugePages:        0 kB
ShmemPmdMapped:        0 kB
FileHugePages:         0 kB
FilePmdMapped:         0 kB
CmaTotal:              0 kB
CmaFree:               0 kB
HugePages_Total:       0
HugePages_Free:        0
HugePages_Rsvd:        0
HugePages_Surp:        0
Hugepagesize:       2048 kB
Hugetlb:               0 kB
DirectMap4k:      715208 kB
DirectMap2M:     7444480 kB

/sys/kernel/mm/transparent_hugepage/enabled:
always [madvise] never

/sys/kernel/mm/transparent_hugepage/defrag (defrag/compaction efforts parameter):
always defer defer+madvise [madvise] never


/proc/sys/kernel/threads-max (system-wide limit on the number of threads):
61437


/proc/sys/vm/max_map_count (maximum number of memory map areas a process may have):
65530


/proc/sys/kernel/pid_max (system-wide limit on number of process identifiers):
4194304



/etc/ld.so.preload:

container (cgroup) information:
container_type: cgroupv1
cpu_cpuset_cpus: 0-3
cpu_memory_nodes: 0
active_processor_count: 4
cpu_quota: no quota
cpu_period: 100000
cpu_shares: no shares
memory_limit_in_bytes: unlimited
memory_and_swap_limit_in_bytes: not supported
memory_soft_limit_in_bytes: unlimited
memory_usage_in_bytes: 5597962240
memory_max_usage_in_bytes: 5944107008

Steal ticks since vm start: 0
Steal ticks percentage since vm start:  0,000

CPU:total 4 (initial active 4) (2 cores per cpu, 2 threads per core) family 6 model 42 stepping 7, cmov, cx8, fxsr, mmx, sse, sse2, sse3, ssse3, sse4.1, sse4.2, popcnt, avx, aes, clmul, ht, tsc, tscinvbit
CPU Model and flags from /proc/cpuinfo:
model name	: Intel(R) Core(TM) i5-2450M CPU @ 2.50GHz
flags		: fpu vme de pse tsc msr pae mce cx8 apic sep mtrr pge mca cmov pat pse36 clflush dts acpi mmx fxsr sse sse2 ht tm pbe syscall nx rdtscp lm constant_tsc arch_perfmon pebs bts rep_good nopl xtopology nonstop_tsc cpuid aperfmperf pni pclmulqdq dtes64 monitor ds_cpl vmx est tm2 ssse3 cx16 xtpr pdcm pcid sse4_1 sse4_2 x2apic popcnt tsc_deadline_timer aes xsave avx lahf_lm epb pti ssbd ibrs ibpb stibp tpr_shadow vnmi flexpriority ept vpid xsaveopt dtherm ida arat pln pts md_clear flush_l1d
Online cpus:0-3
Offline cpus:4-15
BIOS frequency limitation:<Not Available>
Frequency switch latency (ns):0
Available cpu frequencies:<Not Available>
Current governor:powersave
Core performance/turbo boost:<Not Available>

Memory: 4k page, physical 7922784k(444396k free), swap 10239996k(10199280k free)

vm_info: OpenJDK 64-Bit Server VM (13.0.7+5-Ubuntu-0ubuntu120.04) for linux-amd64 JRE (13.0.7+5-Ubuntu-0ubuntu120.04), built on Apr 21 2021 05:36:19 by "unknown" with gcc 9.3.0

END.
