#
# A fatal error has been detected by the Java Runtime Environment:
#
#  SIGSEGV (0xb) at pc=0x00007f6c637e0b30, pid=40654, tid=40681
#
# JRE version: OpenJDK Runtime Environment (13.0.7+5) (build 13.0.7+5-Ubuntu-0ubuntu120.04)
# Java VM: OpenJDK 64-Bit Server VM (13.0.7+5-Ubuntu-0ubuntu120.04, mixed mode, tiered, compressed oops, g1 gc, linux-amd64)
# Problematic frame:
# C  [libxdo.so+0x6b30]  xdo_get_pid_window+0x70
#
# Core dump will be written. Default location: Core dumps may be processed with "/usr/share/apport/apport %p %s %c %d %P %E" (or dumping to /home/miguel/NetBeansProjects/TurkeyDesktop/core.40654)
#
# If you would like to submit a bug report, please visit:
#   Unknown
# The crash happened outside the Java Virtual Machine in native code.
# See problematic frame for where to report the bug.
#

---------------  S U M M A R Y ------------

Command Line: devs.mrp.turkeydesktop.Runner

Host: Intel(R) Core(TM) i5-2450M CPU @ 2.50GHz, 4 cores, 7G, Ubuntu 20.04.3 LTS
Time: Fri Nov 12 22:20:43 2021 CET elapsed time: 5.769782 seconds (0d 0h 0m 5s)

---------------  T H R E A D  ---------------

Current thread (0x00007f6ce44bb800):  JavaThread "AWT-EventQueue-0" [_thread_in_native, id=40681, stack(0x00007f6ca44a1000,0x00007f6ca45a2000)]

Stack: [0x00007f6ca44a1000,0x00007f6ca45a2000],  sp=0x00007f6ca459efa0,  free space=1015k
Native frames: (J=compiled Java code, A=aot compiled Java code, j=interpreted, Vv=VM code, C=native code)
C  [libxdo.so+0x6b30]  xdo_get_pid_window+0x70

Java frames: (J=compiled Java code, j=interpreted, Vv=VM code)
j  com.sun.jna.Native.invokeInt(Lcom/sun/jna/Function;JI[Ljava/lang/Object;)I+0
j  com.sun.jna.Function.invoke([Ljava/lang/Object;Ljava/lang/Class;ZI)Ljava/lang/Object;+211
j  com.sun.jna.Function.invoke(Ljava/lang/reflect/Method;[Ljava/lang/Class;Ljava/lang/Class;[Ljava/lang/Object;Ljava/util/Map;)Ljava/lang/Object;+271
j  com.sun.jna.Library$Handler.invoke(Ljava/lang/Object;Ljava/lang/reflect/Method;[Ljava/lang/Object;)Ljava/lang/Object;+390
j  com.sun.proxy.$Proxy2.xdo_get_pid_window(Lio/github/kingpulse/structs/xdo_t;Lcom/sun/jna/platform/unix/X11$Window;)I+20
j  devs.mrp.turkeydesktop.service.processchecker.CheckerChainHandlerLinux.handle(Ldevs/mrp/turkeydesktop/service/processchecker/IProcessInfo;)V+160
j  devs.mrp.turkeydesktop.service.processchecker.CheckerChainHandlerLinux.handle(Ljava/lang/Object;)V+5
j  devs.mrp.turkeydesktop.common.ChainHandler.receiveRequest(Ljava/lang/String;Ljava/lang/Object;)V+27
j  devs.mrp.turkeydesktop.service.processchecker.ProcessChecker.currentProcessName()Ljava/lang/String;+10
j  devs.mrp.turkeydesktop.service.watchdog.WatchDog.doLoopedStuff()V+107
j  devs.mrp.turkeydesktop.service.watchdog.WatchDog$1.process(Ljava/util/List;)V+4
j  javax.swing.SwingWorker$3.run(Ljava/util/List;)V+5 java.desktop@13.0.7
j  sun.swing.AccumulativeRunnable.run()V+5 java.desktop@13.0.7
j  javax.swing.SwingWorker$DoSubmitAccumulativeRunnable.run(Ljava/util/List;)V+27 java.desktop@13.0.7
j  sun.swing.AccumulativeRunnable.run()V+5 java.desktop@13.0.7
j  javax.swing.SwingWorker$DoSubmitAccumulativeRunnable.actionPerformed(Ljava/awt/event/ActionEvent;)V+1 java.desktop@13.0.7
j  javax.swing.Timer.fireActionPerformed(Ljava/awt/event/ActionEvent;)V+34 java.desktop@13.0.7
j  javax.swing.Timer$DoPostEvent.run()V+61 java.desktop@13.0.7
j  java.awt.event.InvocationEvent.dispatch()V+47 java.desktop@13.0.7
j  java.awt.EventQueue.dispatchEventImpl(Ljava/awt/AWTEvent;Ljava/lang/Object;)V+21 java.desktop@13.0.7
j  java.awt.EventQueue$4.run()Ljava/lang/Void;+32 java.desktop@13.0.7
j  java.awt.EventQueue$4.run()Ljava/lang/Object;+1 java.desktop@13.0.7
J 703 c1 java.security.AccessController.executePrivileged(Ljava/security/PrivilegedAction;Ljava/security/AccessControlContext;Ljava/lang/Class;)Ljava/lang/Object; java.base@13.0.7 (65 bytes) @ 0x00007f6ccce21914 [0x00007f6ccce217c0+0x0000000000000154]
j  java.security.AccessController.doPrivileged(Ljava/security/PrivilegedAction;Ljava/security/AccessControlContext;)Ljava/lang/Object;+13 java.base@13.0.7
j  java.security.ProtectionDomain$JavaSecurityAccessImpl.doIntersectionPrivilege(Ljava/security/PrivilegedAction;Ljava/security/AccessControlContext;Ljava/security/AccessControlContext;)Ljava/lang/Object;+18 java.base@13.0.7
j  java.awt.EventQueue.dispatchEvent(Ljava/awt/AWTEvent;)V+46 java.desktop@13.0.7
j  java.awt.EventDispatchThread.pumpOneEventForFilters(I)V+78 java.desktop@13.0.7
j  java.awt.EventDispatchThread.pumpEventsForFilter(ILjava/awt/Conditional;Ljava/awt/EventFilter;)V+35 java.desktop@13.0.7
j  java.awt.EventDispatchThread.pumpEventsForHierarchy(ILjava/awt/Conditional;Ljava/awt/Component;)V+11 java.desktop@13.0.7
j  java.awt.EventDispatchThread.pumpEvents(ILjava/awt/Conditional;)V+4 java.desktop@13.0.7
j  java.awt.EventDispatchThread.pumpEvents(Ljava/awt/Conditional;)V+3 java.desktop@13.0.7
j  java.awt.EventDispatchThread.run()V+9 java.desktop@13.0.7
v  ~StubRoutines::call_stub

siginfo: si_signo: 11 (SIGSEGV), si_code: 1 (SEGV_MAPERR), si_addr: 0x0000000000000000

Register to memory mapping:

RAX=0x0 is NULL
RBX=0x0 is NULL
RCX=0x00007f6ca459ef70 is pointing into the stack for thread: 0x00007f6ce44bb800
RDX=0xffffffffffffffff is an unknown value
RSP=0x00007f6ca459efa0 is pointing into the stack for thread: 0x00007f6ce44bb800
RBP=0x000000000220001f is an unknown value
RSI=0x000000000220001f is an unknown value
RDI=0x0 is NULL
R8 =0x00007f6ca459efd0 is pointing into the stack for thread: 0x00007f6ce44bb800
R9 =0x00007f6ce44bb800 is a thread
R10=0x0 is NULL
R11=0x00007f6c637e0ac0: xdo_get_pid_window+0x0000000000000000 in /usr/lib/x86_64-linux-gnu/libxdo.so at 0x00007f6c637da000
R12=0x00007f6ca459f120 is pointing into the stack for thread: 0x00007f6ce44bb800
R13=0x0000000000000008 is an unknown value
R14=0x0000000000000002 is an unknown value
R15=0x00007f6ca459f100 is pointing into the stack for thread: 0x00007f6ce44bb800


Registers:
RAX=0x0000000000000000, RBX=0x0000000000000000, RCX=0x00007f6ca459ef70, RDX=0xffffffffffffffff
RSP=0x00007f6ca459efa0, RBP=0x000000000220001f, RSI=0x000000000220001f, RDI=0x0000000000000000
R8 =0x00007f6ca459efd0, R9 =0x00007f6ce44bb800, R10=0x0000000000000000, R11=0x00007f6c637e0ac0
R12=0x00007f6ca459f120, R13=0x0000000000000008, R14=0x0000000000000002, R15=0x00007f6ca459f100
RIP=0x00007f6c637e0b30, EFLAGS=0x0000000000010246, CSGSFS=0x002b000000000033, ERR=0x0000000000000004
  TRAPNO=0x000000000000000e

Top of Stack: (sp=0x00007f6ca459efa0)
0x00007f6ca459efa0:   000000008df5a7b0 00007f6ca459efa8
0x00007f6ca459efb0:   00007f6cc4b93cd0 9535a84a4b7f2e00
0x00007f6ca459efc0:   00007f6cc4b94c68 0000000000000010
0x00007f6ca459efd0:   00007f6ca459efe0 00007f6c639f99c2 

Instructions: (pc=0x00007f6c637e0b30)
0x00007f6c637e0a30:   48 8d 15 74 1a 00 00 b9 0c 00 00 00 4c 89 ee 48
0x00007f6c637e0a40:   89 df e8 79 e2 ff ff 48 8d 15 5d 1a 00 00 41 89
0x00007f6c637e0a50:   c4 b9 0c 00 00 00 4c 89 ee 48 89 df e8 6f e2 ff
0x00007f6c637e0a60:   ff 41 01 c4 e9 34 ff ff ff 0f 1f 80 00 00 00 00
0x00007f6c637e0a70:   ba 04 00 00 00 4c 89 ee 48 89 df e8 f0 fb ff ff
0x00007f6c637e0a80:   85 c0 41 89 c4 0f 85 12 ff ff ff f7 c5 00 10 00
0x00007f6c637e0a90:   00 0f 84 fa fe ff ff ba 05 00 00 00 4c 89 ee 48
0x00007f6c637e0aa0:   89 df e8 c9 fb ff ff 85 c0 41 89 c4 0f 85 eb fe
0x00007f6c637e0ab0:   ff ff e9 da fe ff ff 66 0f 1f 84 00 00 00 00 00
0x00007f6c637e0ac0:   55 53 48 89 f5 48 89 fb 48 83 ec 28 48 8b 15 55
0x00007f6c637e0ad0:   45 20 00 64 48 8b 04 25 28 00 00 00 48 89 44 24
0x00007f6c637e0ae0:   18 31 c0 48 83 fa ff 74 47 48 8d 4c 24 10 4c 8d
0x00007f6c637e0af0:   4c 24 04 4c 8d 44 24 08 48 89 df 48 89 ee 31 db
0x00007f6c637e0b00:   e8 2b e3 ff ff 48 83 7c 24 10 00 7e 02 8b 18 48
0x00007f6c637e0b10:   89 c7 e8 b9 c1 ff ff 48 8b 74 24 18 64 48 33 34
0x00007f6c637e0b20:   25 28 00 00 00 89 d8 75 24 48 83 c4 28 5b 5d c3
0x00007f6c637e0b30:   48 8b 3f 48 8d 35 7b 19 00 00 31 d2 e8 0f c4 ff
0x00007f6c637e0b40:   ff 48 89 c2 48 89 05 dd 44 20 00 eb 9c e8 5e c2
0x00007f6c637e0b50:   ff ff 0f 1f 40 00 66 2e 0f 1f 84 00 00 00 00 00
0x00007f6c637e0b60:   41 57 41 56 41 89 d7 41 55 41 54 41 89 f6 55 53
0x00007f6c637e0b70:   31 c9 48 89 fd bb f4 01 00 00 48 83 ec 18 4c 8d
0x00007f6c637e0b80:   6c 24 04 49 89 e4 4c 89 e6 4c 89 ea 64 48 8b 04
0x00007f6c637e0b90:   25 28 00 00 00 48 89 44 24 08 31 c0 e8 ef f3 ff
0x00007f6c637e0ba0:   ff eb 2b 0f 1f 44 00 00 44 39 7c 24 04 75 25 bf
0x00007f6c637e0bb0:   30 75 00 00 e8 d7 c5 ff ff 31 c9 4c 89 ea 4c 89
0x00007f6c637e0bc0:   e6 48 89 ef e8 c7 f3 ff ff 83 eb 01 74 06 44 39
0x00007f6c637e0bd0:   34 24 74 d4 48 8b 4c 24 08 64 48 33 0c 25 28 00
0x00007f6c637e0be0:   00 00 75 0f 48 83 c4 18 5b 5d 41 5c 41 5d 41 5e
0x00007f6c637e0bf0:   41 5f c3 e8 b8 c1 ff ff 0f 1f 84 00 00 00 00 00
0x00007f6c637e0c00:   41 57 41 56 41 89 d7 41 55 41 54 41 89 f6 55 53
0x00007f6c637e0c10:   31 c9 48 89 fd bb f4 01 00 00 48 83 ec 18 4c 8d
0x00007f6c637e0c20:   6c 24 04 49 89 e4 4c 89 e6 4c 89 ea 64 48 8b 04 


Stack slot to memory mapping:
stack at sp + 0 slots: 0x000000008df5a7b0 is an oop: [B 
{0x000000008df5a7b0} - klass: {type array byte}
 - length: 18
stack at sp + 1 slots: 0x00007f6ca459efa8 is pointing into the stack for thread: 0x00007f6ce44bb800
stack at sp + 2 slots: 0x00007f6cc4b93cd0 is pointing into metadata
stack at sp + 3 slots: 0x9535a84a4b7f2e00 is an unknown value
stack at sp + 4 slots: 0x00007f6cc4b94c68 is pointing into metadata
stack at sp + 5 slots: 0x0000000000000010 is an unknown value
stack at sp + 6 slots: 0x00007f6ca459efe0 is pointing into the stack for thread: 0x00007f6ce44bb800
stack at sp + 7 slots: 0x00007f6c639f99c2: <offset 0x00000000000139c2> in /home/miguel/.cache/JNA/temp/jna17293321372340880037.tmp at 0x00007f6c639e6000


---------------  P R O C E S S  ---------------

Threads class SMR info:
_java_thread_list=0x00007f6c68000b60, length=16, elements={
0x00007f6ce4162800, 0x00007f6ce4165800, 0x00007f6ce418a800, 0x00007f6ce418c800,
0x00007f6ce418e800, 0x00007f6ce4190800, 0x00007f6ce4192800, 0x00007f6ce4241800,
0x00007f6ce442a800, 0x00007f6ce445c000, 0x00007f6ce44ba000, 0x00007f6ce44bb800,
0x00007f6ce4627800, 0x00007f6ce464b000, 0x00007f6ce4019800, 0x00007f6c54002800
}

Java Threads: ( => current thread )
  0x00007f6ce4162800 JavaThread "Reference Handler" daemon [_thread_blocked, id=40666, stack(0x00007f6cc45eb000,0x00007f6cc46ec000)]
  0x00007f6ce4165800 JavaThread "Finalizer" daemon [_thread_blocked, id=40667, stack(0x00007f6cc44ea000,0x00007f6cc45eb000)]
  0x00007f6ce418a800 JavaThread "Signal Dispatcher" daemon [_thread_blocked, id=40668, stack(0x00007f6cc43e9000,0x00007f6cc44ea000)]
  0x00007f6ce418c800 JavaThread "Service Thread" daemon [_thread_blocked, id=40669, stack(0x00007f6cc42e8000,0x00007f6cc43e9000)]
  0x00007f6ce418e800 JavaThread "C2 CompilerThread0" daemon [_thread_blocked, id=40670, stack(0x00007f6cc41e7000,0x00007f6cc42e8000)]
  0x00007f6ce4190800 JavaThread "C1 CompilerThread0" daemon [_thread_blocked, id=40671, stack(0x00007f6cc40e6000,0x00007f6cc41e7000)]
  0x00007f6ce4192800 JavaThread "Sweeper thread" daemon [_thread_blocked, id=40672, stack(0x00007f6ca7400000,0x00007f6ca7501000)]
  0x00007f6ce4241800 JavaThread "Common-Cleaner" daemon [_thread_blocked, id=40674, stack(0x00007f6ca71fd000,0x00007f6ca72fe000)]
  0x00007f6ce442a800 JavaThread "Java2D Disposer" daemon [_thread_blocked, id=40678, stack(0x00007f6ca47da000,0x00007f6ca48db000)]
  0x00007f6ce445c000 JavaThread "AWT-XAWT" daemon [_thread_in_native, id=40679, stack(0x00007f6ca46a3000,0x00007f6ca47a4000)]
  0x00007f6ce44ba000 JavaThread "AWT-Shutdown" [_thread_blocked, id=40680, stack(0x00007f6ca45a2000,0x00007f6ca46a3000)]
=>0x00007f6ce44bb800 JavaThread "AWT-EventQueue-0" [_thread_in_native, id=40681, stack(0x00007f6ca44a1000,0x00007f6ca45a2000)]
  0x00007f6ce4627800 JavaThread "process reaper" daemon [_thread_blocked, id=40687, stack(0x00007f6ca47b8000,0x00007f6ca47da000)]
  0x00007f6ce464b000 JavaThread "SwingWorker-pool-1-thread-1" daemon [_thread_blocked, id=40688, stack(0x00007f6ca4025000,0x00007f6ca4126000)]
  0x00007f6ce4019800 JavaThread "DestroyJavaVM" [_thread_blocked, id=40655, stack(0x00007f6ce8167000,0x00007f6ce8268000)]
  0x00007f6c54002800 JavaThread "TimerQueue" daemon [_thread_blocked, id=40689, stack(0x00007f6c636d9000,0x00007f6c637da000)]

Other Threads:
  0x00007f6ce4156000 VMThread "VM Thread" [stack: 0x00007f6cc46ee000,0x00007f6cc47ee000] [id=40665]
  0x00007f6ce4235800 WatcherThread [stack: 0x00007f6ca7300000,0x00007f6ca7400000] [id=40673]
  0x00007f6ce405a000 GCTaskThread "GC Thread#0" [stack: 0x00007f6cc78d8000,0x00007f6cc79d8000] [id=40656]
  0x00007f6ce406b800 ConcurrentGCThread "G1 Main Marker" [stack: 0x00007f6cc77d6000,0x00007f6cc78d6000] [id=40657]
  0x00007f6ce406d000 ConcurrentGCThread "G1 Conc#0" [stack: 0x00007f6cc76d4000,0x00007f6cc77d4000] [id=40658]
  0x00007f6ce40e4800 ConcurrentGCThread "G1 Refine#0" [stack: 0x00007f6cc51ce000,0x00007f6cc52ce000] [id=40660]
  0x00007f6ce40e6000 ConcurrentGCThread "G1 Young RemSet Sampling" [stack: 0x00007f6cc50cc000,0x00007f6cc51cc000] [id=40662]

Threads with active compile tasks:

VM state:not at safepoint (normal execution)

VM Mutex/Monitor currently owned by a thread: None

Heap address: 0x0000000087000000, size: 1936 MB, Compressed Oops mode: 32-bit
Narrow klass base: 0x0000000000000000, Narrow klass shift: 3
Compressed class space size: 1073741824 Address: 0x0000000100000000

Heap:
 garbage-first heap   total 124928K, used 12288K [0x0000000087000000, 0x0000000100000000)
  region size 1024K, 13 young (13312K), 0 survivors (0K)
 Metaspace       used 19165K, capacity 19529K, committed 19840K, reserved 1067008K
  class space    used 1969K, capacity 2131K, committed 2176K, reserved 1048576K
Heap Regions: E=young(eden), S=young(survivor), O=old, HS=humongous(starts), HC=humongous(continues), CS=collection set, F=free, A=archive, TAMS=top-at-mark-start (previous, next)
|   0|0x0000000087000000, 0x0000000087000000, 0x0000000087100000|  0%| F|  |TAMS 0x0000000087000000, 0x0000000087000000| Untracked 
|   1|0x0000000087100000, 0x0000000087100000, 0x0000000087200000|  0%| F|  |TAMS 0x0000000087100000, 0x0000000087100000| Untracked 
|   2|0x0000000087200000, 0x0000000087200000, 0x0000000087300000|  0%| F|  |TAMS 0x0000000087200000, 0x0000000087200000| Untracked 
|   3|0x0000000087300000, 0x0000000087300000, 0x0000000087400000|  0%| F|  |TAMS 0x0000000087300000, 0x0000000087300000| Untracked 
|   4|0x0000000087400000, 0x0000000087400000, 0x0000000087500000|  0%| F|  |TAMS 0x0000000087400000, 0x0000000087400000| Untracked 
|   5|0x0000000087500000, 0x0000000087500000, 0x0000000087600000|  0%| F|  |TAMS 0x0000000087500000, 0x0000000087500000| Untracked 
|   6|0x0000000087600000, 0x0000000087600000, 0x0000000087700000|  0%| F|  |TAMS 0x0000000087600000, 0x0000000087600000| Untracked 
|   7|0x0000000087700000, 0x0000000087700000, 0x0000000087800000|  0%| F|  |TAMS 0x0000000087700000, 0x0000000087700000| Untracked 
|   8|0x0000000087800000, 0x0000000087800000, 0x0000000087900000|  0%| F|  |TAMS 0x0000000087800000, 0x0000000087800000| Untracked 
|   9|0x0000000087900000, 0x0000000087900000, 0x0000000087a00000|  0%| F|  |TAMS 0x0000000087900000, 0x0000000087900000| Untracked 
|  10|0x0000000087a00000, 0x0000000087a00000, 0x0000000087b00000|  0%| F|  |TAMS 0x0000000087a00000, 0x0000000087a00000| Untracked 
|  11|0x0000000087b00000, 0x0000000087b00000, 0x0000000087c00000|  0%| F|  |TAMS 0x0000000087b00000, 0x0000000087b00000| Untracked 
|  12|0x0000000087c00000, 0x0000000087c00000, 0x0000000087d00000|  0%| F|  |TAMS 0x0000000087c00000, 0x0000000087c00000| Untracked 
|  13|0x0000000087d00000, 0x0000000087d00000, 0x0000000087e00000|  0%| F|  |TAMS 0x0000000087d00000, 0x0000000087d00000| Untracked 
|  14|0x0000000087e00000, 0x0000000087e00000, 0x0000000087f00000|  0%| F|  |TAMS 0x0000000087e00000, 0x0000000087e00000| Untracked 
|  15|0x0000000087f00000, 0x0000000087f00000, 0x0000000088000000|  0%| F|  |TAMS 0x0000000087f00000, 0x0000000087f00000| Untracked 
|  16|0x0000000088000000, 0x0000000088000000, 0x0000000088100000|  0%| F|  |TAMS 0x0000000088000000, 0x0000000088000000| Untracked 
|  17|0x0000000088100000, 0x0000000088100000, 0x0000000088200000|  0%| F|  |TAMS 0x0000000088100000, 0x0000000088100000| Untracked 
|  18|0x0000000088200000, 0x0000000088200000, 0x0000000088300000|  0%| F|  |TAMS 0x0000000088200000, 0x0000000088200000| Untracked 
|  19|0x0000000088300000, 0x0000000088300000, 0x0000000088400000|  0%| F|  |TAMS 0x0000000088300000, 0x0000000088300000| Untracked 
|  20|0x0000000088400000, 0x0000000088400000, 0x0000000088500000|  0%| F|  |TAMS 0x0000000088400000, 0x0000000088400000| Untracked 
|  21|0x0000000088500000, 0x0000000088500000, 0x0000000088600000|  0%| F|  |TAMS 0x0000000088500000, 0x0000000088500000| Untracked 
|  22|0x0000000088600000, 0x0000000088600000, 0x0000000088700000|  0%| F|  |TAMS 0x0000000088600000, 0x0000000088600000| Untracked 
|  23|0x0000000088700000, 0x0000000088700000, 0x0000000088800000|  0%| F|  |TAMS 0x0000000088700000, 0x0000000088700000| Untracked 
|  24|0x0000000088800000, 0x0000000088800000, 0x0000000088900000|  0%| F|  |TAMS 0x0000000088800000, 0x0000000088800000| Untracked 
|  25|0x0000000088900000, 0x0000000088900000, 0x0000000088a00000|  0%| F|  |TAMS 0x0000000088900000, 0x0000000088900000| Untracked 
|  26|0x0000000088a00000, 0x0000000088a00000, 0x0000000088b00000|  0%| F|  |TAMS 0x0000000088a00000, 0x0000000088a00000| Untracked 
|  27|0x0000000088b00000, 0x0000000088b00000, 0x0000000088c00000|  0%| F|  |TAMS 0x0000000088b00000, 0x0000000088b00000| Untracked 
|  28|0x0000000088c00000, 0x0000000088c00000, 0x0000000088d00000|  0%| F|  |TAMS 0x0000000088c00000, 0x0000000088c00000| Untracked 
|  29|0x0000000088d00000, 0x0000000088d00000, 0x0000000088e00000|  0%| F|  |TAMS 0x0000000088d00000, 0x0000000088d00000| Untracked 
|  30|0x0000000088e00000, 0x0000000088e00000, 0x0000000088f00000|  0%| F|  |TAMS 0x0000000088e00000, 0x0000000088e00000| Untracked 
|  31|0x0000000088f00000, 0x0000000088f00000, 0x0000000089000000|  0%| F|  |TAMS 0x0000000088f00000, 0x0000000088f00000| Untracked 
|  32|0x0000000089000000, 0x0000000089000000, 0x0000000089100000|  0%| F|  |TAMS 0x0000000089000000, 0x0000000089000000| Untracked 
|  33|0x0000000089100000, 0x0000000089100000, 0x0000000089200000|  0%| F|  |TAMS 0x0000000089100000, 0x0000000089100000| Untracked 
|  34|0x0000000089200000, 0x0000000089200000, 0x0000000089300000|  0%| F|  |TAMS 0x0000000089200000, 0x0000000089200000| Untracked 
|  35|0x0000000089300000, 0x0000000089300000, 0x0000000089400000|  0%| F|  |TAMS 0x0000000089300000, 0x0000000089300000| Untracked 
|  36|0x0000000089400000, 0x0000000089400000, 0x0000000089500000|  0%| F|  |TAMS 0x0000000089400000, 0x0000000089400000| Untracked 
|  37|0x0000000089500000, 0x0000000089500000, 0x0000000089600000|  0%| F|  |TAMS 0x0000000089500000, 0x0000000089500000| Untracked 
|  38|0x0000000089600000, 0x0000000089600000, 0x0000000089700000|  0%| F|  |TAMS 0x0000000089600000, 0x0000000089600000| Untracked 
|  39|0x0000000089700000, 0x0000000089700000, 0x0000000089800000|  0%| F|  |TAMS 0x0000000089700000, 0x0000000089700000| Untracked 
|  40|0x0000000089800000, 0x0000000089800000, 0x0000000089900000|  0%| F|  |TAMS 0x0000000089800000, 0x0000000089800000| Untracked 
|  41|0x0000000089900000, 0x0000000089900000, 0x0000000089a00000|  0%| F|  |TAMS 0x0000000089900000, 0x0000000089900000| Untracked 
|  42|0x0000000089a00000, 0x0000000089a00000, 0x0000000089b00000|  0%| F|  |TAMS 0x0000000089a00000, 0x0000000089a00000| Untracked 
|  43|0x0000000089b00000, 0x0000000089b00000, 0x0000000089c00000|  0%| F|  |TAMS 0x0000000089b00000, 0x0000000089b00000| Untracked 
|  44|0x0000000089c00000, 0x0000000089c00000, 0x0000000089d00000|  0%| F|  |TAMS 0x0000000089c00000, 0x0000000089c00000| Untracked 
|  45|0x0000000089d00000, 0x0000000089d00000, 0x0000000089e00000|  0%| F|  |TAMS 0x0000000089d00000, 0x0000000089d00000| Untracked 
|  46|0x0000000089e00000, 0x0000000089e00000, 0x0000000089f00000|  0%| F|  |TAMS 0x0000000089e00000, 0x0000000089e00000| Untracked 
|  47|0x0000000089f00000, 0x0000000089f00000, 0x000000008a000000|  0%| F|  |TAMS 0x0000000089f00000, 0x0000000089f00000| Untracked 
|  48|0x000000008a000000, 0x000000008a000000, 0x000000008a100000|  0%| F|  |TAMS 0x000000008a000000, 0x000000008a000000| Untracked 
|  49|0x000000008a100000, 0x000000008a100000, 0x000000008a200000|  0%| F|  |TAMS 0x000000008a100000, 0x000000008a100000| Untracked 
|  50|0x000000008a200000, 0x000000008a200000, 0x000000008a300000|  0%| F|  |TAMS 0x000000008a200000, 0x000000008a200000| Untracked 
|  51|0x000000008a300000, 0x000000008a300000, 0x000000008a400000|  0%| F|  |TAMS 0x000000008a300000, 0x000000008a300000| Untracked 
|  52|0x000000008a400000, 0x000000008a400000, 0x000000008a500000|  0%| F|  |TAMS 0x000000008a400000, 0x000000008a400000| Untracked 
|  53|0x000000008a500000, 0x000000008a500000, 0x000000008a600000|  0%| F|  |TAMS 0x000000008a500000, 0x000000008a500000| Untracked 
|  54|0x000000008a600000, 0x000000008a600000, 0x000000008a700000|  0%| F|  |TAMS 0x000000008a600000, 0x000000008a600000| Untracked 
|  55|0x000000008a700000, 0x000000008a700000, 0x000000008a800000|  0%| F|  |TAMS 0x000000008a700000, 0x000000008a700000| Untracked 
|  56|0x000000008a800000, 0x000000008a800000, 0x000000008a900000|  0%| F|  |TAMS 0x000000008a800000, 0x000000008a800000| Untracked 
|  57|0x000000008a900000, 0x000000008a900000, 0x000000008aa00000|  0%| F|  |TAMS 0x000000008a900000, 0x000000008a900000| Untracked 
|  58|0x000000008aa00000, 0x000000008aa00000, 0x000000008ab00000|  0%| F|  |TAMS 0x000000008aa00000, 0x000000008aa00000| Untracked 
|  59|0x000000008ab00000, 0x000000008ab00000, 0x000000008ac00000|  0%| F|  |TAMS 0x000000008ab00000, 0x000000008ab00000| Untracked 
|  60|0x000000008ac00000, 0x000000008ac00000, 0x000000008ad00000|  0%| F|  |TAMS 0x000000008ac00000, 0x000000008ac00000| Untracked 
|  61|0x000000008ad00000, 0x000000008ad00000, 0x000000008ae00000|  0%| F|  |TAMS 0x000000008ad00000, 0x000000008ad00000| Untracked 
|  62|0x000000008ae00000, 0x000000008ae00000, 0x000000008af00000|  0%| F|  |TAMS 0x000000008ae00000, 0x000000008ae00000| Untracked 
|  63|0x000000008af00000, 0x000000008af00000, 0x000000008b000000|  0%| F|  |TAMS 0x000000008af00000, 0x000000008af00000| Untracked 
|  64|0x000000008b000000, 0x000000008b000000, 0x000000008b100000|  0%| F|  |TAMS 0x000000008b000000, 0x000000008b000000| Untracked 
|  65|0x000000008b100000, 0x000000008b100000, 0x000000008b200000|  0%| F|  |TAMS 0x000000008b100000, 0x000000008b100000| Untracked 
|  66|0x000000008b200000, 0x000000008b200000, 0x000000008b300000|  0%| F|  |TAMS 0x000000008b200000, 0x000000008b200000| Untracked 
|  67|0x000000008b300000, 0x000000008b300000, 0x000000008b400000|  0%| F|  |TAMS 0x000000008b300000, 0x000000008b300000| Untracked 
|  68|0x000000008b400000, 0x000000008b400000, 0x000000008b500000|  0%| F|  |TAMS 0x000000008b400000, 0x000000008b400000| Untracked 
|  69|0x000000008b500000, 0x000000008b500000, 0x000000008b600000|  0%| F|  |TAMS 0x000000008b500000, 0x000000008b500000| Untracked 
|  70|0x000000008b600000, 0x000000008b600000, 0x000000008b700000|  0%| F|  |TAMS 0x000000008b600000, 0x000000008b600000| Untracked 
|  71|0x000000008b700000, 0x000000008b700000, 0x000000008b800000|  0%| F|  |TAMS 0x000000008b700000, 0x000000008b700000| Untracked 
|  72|0x000000008b800000, 0x000000008b800000, 0x000000008b900000|  0%| F|  |TAMS 0x000000008b800000, 0x000000008b800000| Untracked 
|  73|0x000000008b900000, 0x000000008b900000, 0x000000008ba00000|  0%| F|  |TAMS 0x000000008b900000, 0x000000008b900000| Untracked 
|  74|0x000000008ba00000, 0x000000008ba00000, 0x000000008bb00000|  0%| F|  |TAMS 0x000000008ba00000, 0x000000008ba00000| Untracked 
|  75|0x000000008bb00000, 0x000000008bb00000, 0x000000008bc00000|  0%| F|  |TAMS 0x000000008bb00000, 0x000000008bb00000| Untracked 
|  76|0x000000008bc00000, 0x000000008bc00000, 0x000000008bd00000|  0%| F|  |TAMS 0x000000008bc00000, 0x000000008bc00000| Untracked 
|  77|0x000000008bd00000, 0x000000008bd00000, 0x000000008be00000|  0%| F|  |TAMS 0x000000008bd00000, 0x000000008bd00000| Untracked 
|  78|0x000000008be00000, 0x000000008be00000, 0x000000008bf00000|  0%| F|  |TAMS 0x000000008be00000, 0x000000008be00000| Untracked 
|  79|0x000000008bf00000, 0x000000008bf00000, 0x000000008c000000|  0%| F|  |TAMS 0x000000008bf00000, 0x000000008bf00000| Untracked 
|  80|0x000000008c000000, 0x000000008c000000, 0x000000008c100000|  0%| F|  |TAMS 0x000000008c000000, 0x000000008c000000| Untracked 
|  81|0x000000008c100000, 0x000000008c100000, 0x000000008c200000|  0%| F|  |TAMS 0x000000008c100000, 0x000000008c100000| Untracked 
|  82|0x000000008c200000, 0x000000008c200000, 0x000000008c300000|  0%| F|  |TAMS 0x000000008c200000, 0x000000008c200000| Untracked 
|  83|0x000000008c300000, 0x000000008c300000, 0x000000008c400000|  0%| F|  |TAMS 0x000000008c300000, 0x000000008c300000| Untracked 
|  84|0x000000008c400000, 0x000000008c400000, 0x000000008c500000|  0%| F|  |TAMS 0x000000008c400000, 0x000000008c400000| Untracked 
|  85|0x000000008c500000, 0x000000008c500000, 0x000000008c600000|  0%| F|  |TAMS 0x000000008c500000, 0x000000008c500000| Untracked 
|  86|0x000000008c600000, 0x000000008c600000, 0x000000008c700000|  0%| F|  |TAMS 0x000000008c600000, 0x000000008c600000| Untracked 
|  87|0x000000008c700000, 0x000000008c700000, 0x000000008c800000|  0%| F|  |TAMS 0x000000008c700000, 0x000000008c700000| Untracked 
|  88|0x000000008c800000, 0x000000008c800000, 0x000000008c900000|  0%| F|  |TAMS 0x000000008c800000, 0x000000008c800000| Untracked 
|  89|0x000000008c900000, 0x000000008c900000, 0x000000008ca00000|  0%| F|  |TAMS 0x000000008c900000, 0x000000008c900000| Untracked 
|  90|0x000000008ca00000, 0x000000008ca00000, 0x000000008cb00000|  0%| F|  |TAMS 0x000000008ca00000, 0x000000008ca00000| Untracked 
|  91|0x000000008cb00000, 0x000000008cb00000, 0x000000008cc00000|  0%| F|  |TAMS 0x000000008cb00000, 0x000000008cb00000| Untracked 
|  92|0x000000008cc00000, 0x000000008cc00000, 0x000000008cd00000|  0%| F|  |TAMS 0x000000008cc00000, 0x000000008cc00000| Untracked 
|  93|0x000000008cd00000, 0x000000008cd00000, 0x000000008ce00000|  0%| F|  |TAMS 0x000000008cd00000, 0x000000008cd00000| Untracked 
|  94|0x000000008ce00000, 0x000000008ce00000, 0x000000008cf00000|  0%| F|  |TAMS 0x000000008ce00000, 0x000000008ce00000| Untracked 
|  95|0x000000008cf00000, 0x000000008cf00000, 0x000000008d000000|  0%| F|  |TAMS 0x000000008cf00000, 0x000000008cf00000| Untracked 
|  96|0x000000008d000000, 0x000000008d000000, 0x000000008d100000|  0%| F|  |TAMS 0x000000008d000000, 0x000000008d000000| Untracked 
|  97|0x000000008d100000, 0x000000008d100000, 0x000000008d200000|  0%| F|  |TAMS 0x000000008d100000, 0x000000008d100000| Untracked 
|  98|0x000000008d200000, 0x000000008d200000, 0x000000008d300000|  0%| F|  |TAMS 0x000000008d200000, 0x000000008d200000| Untracked 
|  99|0x000000008d300000, 0x000000008d300000, 0x000000008d400000|  0%| F|  |TAMS 0x000000008d300000, 0x000000008d300000| Untracked 
| 100|0x000000008d400000, 0x000000008d400000, 0x000000008d500000|  0%| F|  |TAMS 0x000000008d400000, 0x000000008d400000| Untracked 
| 101|0x000000008d500000, 0x000000008d500000, 0x000000008d600000|  0%| F|  |TAMS 0x000000008d500000, 0x000000008d500000| Untracked 
| 102|0x000000008d600000, 0x000000008d600000, 0x000000008d700000|  0%| F|  |TAMS 0x000000008d600000, 0x000000008d600000| Untracked 
| 103|0x000000008d700000, 0x000000008d700000, 0x000000008d800000|  0%| F|  |TAMS 0x000000008d700000, 0x000000008d700000| Untracked 
| 104|0x000000008d800000, 0x000000008d800000, 0x000000008d900000|  0%| F|  |TAMS 0x000000008d800000, 0x000000008d800000| Untracked 
| 105|0x000000008d900000, 0x000000008d900000, 0x000000008da00000|  0%| F|  |TAMS 0x000000008d900000, 0x000000008d900000| Untracked 
| 106|0x000000008da00000, 0x000000008da00000, 0x000000008db00000|  0%| F|  |TAMS 0x000000008da00000, 0x000000008da00000| Untracked 
| 107|0x000000008db00000, 0x000000008db00000, 0x000000008dc00000|  0%| F|  |TAMS 0x000000008db00000, 0x000000008db00000| Untracked 
| 108|0x000000008dc00000, 0x000000008dc00000, 0x000000008dd00000|  0%| F|  |TAMS 0x000000008dc00000, 0x000000008dc00000| Untracked 
| 109|0x000000008dd00000, 0x000000008dd8fe00, 0x000000008de00000| 56%| E|  |TAMS 0x000000008dd00000, 0x000000008dd00000| Complete 
| 110|0x000000008de00000, 0x000000008df00000, 0x000000008df00000|100%| E|CS|TAMS 0x000000008de00000, 0x000000008de00000| Complete 
| 111|0x000000008df00000, 0x000000008e000000, 0x000000008e000000|100%| E|CS|TAMS 0x000000008df00000, 0x000000008df00000| Complete 
| 112|0x000000008e000000, 0x000000008e100000, 0x000000008e100000|100%| E|CS|TAMS 0x000000008e000000, 0x000000008e000000| Complete 
| 113|0x000000008e100000, 0x000000008e200000, 0x000000008e200000|100%| E|CS|TAMS 0x000000008e100000, 0x000000008e100000| Complete 
| 114|0x000000008e200000, 0x000000008e300000, 0x000000008e300000|100%| E|CS|TAMS 0x000000008e200000, 0x000000008e200000| Complete 
| 115|0x000000008e300000, 0x000000008e400000, 0x000000008e400000|100%| E|CS|TAMS 0x000000008e300000, 0x000000008e300000| Complete 
| 116|0x000000008e400000, 0x000000008e500000, 0x000000008e500000|100%| E|CS|TAMS 0x000000008e400000, 0x000000008e400000| Complete 
| 117|0x000000008e500000, 0x000000008e600000, 0x000000008e600000|100%| E|CS|TAMS 0x000000008e500000, 0x000000008e500000| Complete 
| 118|0x000000008e600000, 0x000000008e700000, 0x000000008e700000|100%| E|CS|TAMS 0x000000008e600000, 0x000000008e600000| Complete 
| 119|0x000000008e700000, 0x000000008e800000, 0x000000008e800000|100%| E|CS|TAMS 0x000000008e700000, 0x000000008e700000| Complete 
| 120|0x000000008e800000, 0x000000008e900000, 0x000000008e900000|100%| E|CS|TAMS 0x000000008e800000, 0x000000008e800000| Complete 
| 121|0x000000008e900000, 0x000000008ea00000, 0x000000008ea00000|100%| E|CS|TAMS 0x000000008e900000, 0x000000008e900000| Complete 

Card table byte_map: [0x00007f6ccba20000,0x00007f6ccbde8000] _byte_map_base: 0x00007f6ccb5e8000

Marking Bits (Prev, Next): (CMBitMap*) 0x00007f6ce405b568, (CMBitMap*) 0x00007f6ce405b5a8
 Prev Bits: [0x00007f6cc9818000, 0x00007f6ccb658000)
 Next Bits: [0x00007f6cc79d8000, 0x00007f6cc9818000)

Polling page: 0x00007f6ce9bfb000

Metaspace:

Usage:
  Non-class:     16,99 MB capacity,    16,79 MB ( 99%) used,   168,28 KB ( <1%) free+waste,    34,00 KB ( <1%) overhead. 
      Class:      2,08 MB capacity,     1,92 MB ( 92%) used,   143,52 KB (  7%) free+waste,    17,75 KB ( <1%) overhead. 
       Both:     19,07 MB capacity,    18,72 MB ( 98%) used,   311,80 KB (  2%) free+waste,    51,75 KB ( <1%) overhead. 

Virtual space:
  Non-class space:       18,00 MB reserved,      17,25 MB ( 96%) committed 
      Class space:        1,00 GB reserved,       2,12 MB ( <1%) committed 
             Both:        1,02 GB reserved,      19,38 MB (  2%) committed 

Chunk freelists:
   Non-Class:  38,00 KB
       Class:  13,00 KB
        Both:  51,00 KB

MaxMetaspaceSize: unlimited
CompressedClassSpaceSize: 1,00 GB

CodeHeap 'non-profiled nmethods': size=120032Kb used=334Kb max_used=334Kb free=119697Kb
 bounds [0x00007f6cd4252000, 0x00007f6cd44c2000, 0x00007f6cdb78a000]
CodeHeap 'profiled nmethods': size=120028Kb used=1637Kb max_used=1637Kb free=118390Kb
 bounds [0x00007f6cccd1b000, 0x00007f6cccf8b000, 0x00007f6cd4252000]
CodeHeap 'non-nmethods': size=5700Kb used=1343Kb max_used=1361Kb free=4356Kb
 bounds [0x00007f6ccc78a000, 0x00007f6ccc9fa000, 0x00007f6cccd1b000]
 total_blobs=1685 nmethods=1026 adapters=573
 compilation: enabled
              stopped_count=0, restarted_count=0
 full_count=0

Compilation events (20 events):
Event: 5,704 Thread 0x00007f6ce4190800 nmethod 1018 0x00007f6ccceaf190 code [0x00007f6ccceaf340, 0x00007f6ccceaf610]
Event: 5,704 Thread 0x00007f6ce4190800 1019       3       java.util.LinkedHashMap::linkNodeLast (33 bytes)
Event: 5,704 Thread 0x00007f6ce4190800 nmethod 1019 0x00007f6ccceaf710 code [0x00007f6ccceaf8c0, 0x00007f6ccceafb90]
Event: 5,705 Thread 0x00007f6ce4190800 1020       3       java.util.LinkedHashMap::afterNodeInsertion (40 bytes)
Event: 5,705 Thread 0x00007f6ce4190800 nmethod 1020 0x00007f6ccceafc90 code [0x00007f6ccceafe20, 0x00007f6ccceb0010]
Event: 5,706 Thread 0x00007f6ce4190800 1022       3       java.lang.Class::getInterfaces (49 bytes)
Event: 5,707 Thread 0x00007f6ce4190800 nmethod 1022 0x00007f6ccceb0110 code [0x00007f6ccceb0300, 0x00007f6ccceb0790]
Event: 5,707 Thread 0x00007f6ce4190800 1023  s    3       jdk.internal.loader.Resource::cachedInputStream (20 bytes)
Event: 5,708 Thread 0x00007f6ce4190800 nmethod 1023 0x00007f6ccceb0910 code [0x00007f6ccceb0ac0, 0x00007f6ccceb0e80]
Event: 5,709 Thread 0x00007f6ce418e800 nmethod 989 0x00007f6cd42a2810 code [0x00007f6cd42a2a20, 0x00007f6cd42a3530]
Event: 5,709 Thread 0x00007f6ce418e800 1021       4       java.lang.reflect.ProxyGenerator$ConstantPool$IndirectEntry::hashCode (15 bytes)
Event: 5,709 Thread 0x00007f6ce418e800 nmethod 1021 0x00007f6cd42a3b90 code [0x00007f6cd42a3d00, 0x00007f6cd42a3d78]
Event: 5,709 Thread 0x00007f6ce418e800  970       4       java.lang.StringBuilder::append (8 bytes)
Event: 5,710 Thread 0x00007f6ce4190800 1024       1       java.lang.reflect.Field::getType (5 bytes)
Event: 5,710 Thread 0x00007f6ce4190800 nmethod 1024 0x00007f6cd42a3e90 code [0x00007f6cd42a4020, 0x00007f6cd42a40d0]
Event: 5,710 Thread 0x00007f6ce4190800 1026       3       java.lang.ref.WeakReference::<init> (6 bytes)
Event: 5,710 Thread 0x00007f6ce4190800 nmethod 1026 0x00007f6ccceb0f10 code [0x00007f6ccceb10c0, 0x00007f6ccceb13d0]
Event: 5,711 Thread 0x00007f6ce4190800 1027       3       java.util.Properties::getProperty (50 bytes)
Event: 5,711 Thread 0x00007f6ce4190800 nmethod 1027 0x00007f6ccceb1510 code [0x00007f6ccceb16e0, 0x00007f6ccceb1bb0]
Event: 5,712 Thread 0x00007f6ce4190800 1028       3       sun.net.util.IPAddressUtil::checkHostString (53 bytes)

GC Heap History (0 events):
No events

Deoptimization events (20 events):
Event: 0,106 Thread 0x00007f6ce4019800 Uncommon trap: trap_request=0xffffff45 fr.pc=0x00007f6cd4256204 relative=0x0000000000000184
Event: 0,106 Thread 0x00007f6ce4019800 Uncommon trap: reason=unstable_if action=reinterpret pc=0x00007f6cd4256204 method=java.lang.String.hashCode()I @ 42 c2
Event: 0,106 Thread 0x00007f6ce4019800 DEOPT PACKING pc=0x00007f6cd4256204 sp=0x00007f6ce82653e0
Event: 0,106 Thread 0x00007f6ce4019800 DEOPT UNPACKING pc=0x00007f6ccc7d2e25 sp=0x00007f6ce8265398 mode 2
Event: 0,913 Thread 0x00007f6ce4019800 Uncommon trap: trap_request=0xffffffc6 fr.pc=0x00007f6cd42883bc relative=0x000000000000055c
Event: 0,913 Thread 0x00007f6ce4019800 Uncommon trap: reason=bimorphic_or_optimized_type_check action=maybe_recompile pc=0x00007f6cd42883bc method=java.util.concurrent.ConcurrentHashMap.get(Ljava/lang/Object;)Ljava/lang/Object; @ 149 c2
Event: 0,913 Thread 0x00007f6ce4019800 DEOPT PACKING pc=0x00007f6cd42883bc sp=0x00007f6ce8264c40
Event: 0,913 Thread 0x00007f6ce4019800 DEOPT UNPACKING pc=0x00007f6ccc7d2e25 sp=0x00007f6ce8264be0 mode 2
Event: 0,913 Thread 0x00007f6ce4019800 Uncommon trap: trap_request=0xffffffc6 fr.pc=0x00007f6cd42883bc relative=0x000000000000055c
Event: 0,913 Thread 0x00007f6ce4019800 Uncommon trap: reason=bimorphic_or_optimized_type_check action=maybe_recompile pc=0x00007f6cd42883bc method=java.util.concurrent.ConcurrentHashMap.get(Ljava/lang/Object;)Ljava/lang/Object; @ 149 c2
Event: 0,913 Thread 0x00007f6ce4019800 DEOPT PACKING pc=0x00007f6cd42883bc sp=0x00007f6ce8264bb0
Event: 0,913 Thread 0x00007f6ce4019800 DEOPT UNPACKING pc=0x00007f6ccc7d2e25 sp=0x00007f6ce8264b50 mode 2
Event: 0,984 Thread 0x00007f6ce4019800 Uncommon trap: trap_request=0xffffff45 fr.pc=0x00007f6cd428dab4 relative=0x0000000000000494
Event: 0,984 Thread 0x00007f6ce4019800 Uncommon trap: reason=unstable_if action=reinterpret pc=0x00007f6cd428dab4 method=java.lang.StringLatin1.replace([BCC)Ljava/lang/String; @ 19 c2
Event: 0,984 Thread 0x00007f6ce4019800 DEOPT PACKING pc=0x00007f6cd428dab4 sp=0x00007f6ce82655b0
Event: 0,984 Thread 0x00007f6ce4019800 DEOPT UNPACKING pc=0x00007f6ccc7d2e25 sp=0x00007f6ce8265540 mode 2
Event: 5,681 Thread 0x00007f6ce44bb800 Uncommon trap: trap_request=0xffffff45 fr.pc=0x00007f6cd425c858 relative=0x0000000000000058
Event: 5,681 Thread 0x00007f6ce44bb800 Uncommon trap: reason=unstable_if action=reinterpret pc=0x00007f6cd425c858 method=java.lang.String.isLatin1()Z @ 10 c2
Event: 5,681 Thread 0x00007f6ce44bb800 DEOPT PACKING pc=0x00007f6cd425c858 sp=0x00007f6ca459fbe0
Event: 5,681 Thread 0x00007f6ce44bb800 DEOPT UNPACKING pc=0x00007f6ccc7d2e25 sp=0x00007f6ca459fb90 mode 2

Classes unloaded (0 events):
No events

Classes redefined (0 events):
No events

Internal exceptions (20 events):
Event: 0,186 Thread 0x00007f6ce4019800 Exception <a 'java/lang/ClassNotFoundException'{0x000000008e844810}: sun/awt/resources/spi/awtProvider> (0x000000008e844810) 
thrown [src/hotspot/share/classfile/systemDictionary.cpp, line 232]
Event: 0,233 Thread 0x00007f6ce4019800 Exception <a 'java/io/FileNotFoundException'{0x000000008e8a6bc8}> (0x000000008e8a6bc8) 
thrown [src/hotspot/share/prims/jni.cpp, line 598]
Event: 0,550 Thread 0x00007f6ce4019800 Exception <a 'java/lang/NoSuchMethodError'{0x000000008e7524e0}: 'void java.lang.invoke.DirectMethodHandle$Holder.invokeSpecial(java.lang.Object, java.lang.Object)'> (0x000000008e7524e0) 
thrown [src/hotspot/share/interpreter/linkResolver.cpp, line 766]
Event: 0,590 Thread 0x00007f6ce4019800 Exception <a 'java/lang/NoSuchMethodError'{0x000000008e611f80}: 'java.lang.Object java.lang.invoke.DirectMethodHandle$Holder.invokeStatic(java.lang.Object, int, java.lang.Object, java.lang.Object, java.lang.Object, java.lang.Object)'> (0x000000008e611f80) 
thrown [src/hotspot/share/interpreter/linkResolver.cpp, line 766]
Event: 0,591 Thread 0x00007f6ce4019800 Exception <a 'java/lang/NoSuchMethodError'{0x000000008e6188e0}: 'java.lang.Object java.lang.invoke.DirectMethodHandle$Holder.invokeStatic(java.lang.Object, int, java.lang.Object, java.lang.Object, java.lang.Object)'> (0x000000008e6188e0) 
thrown [src/hotspot/share/interpreter/linkResolver.cpp, line 766]
Event: 0,591 Thread 0x00007f6ce4019800 Exception <a 'java/lang/NoSuchMethodError'{0x000000008e61c148}: 'java.lang.Object java.lang.invoke.DirectMethodHandle$Holder.invokeSpecial(java.lang.Object, java.lang.Object, int, java.lang.Object, java.lang.Object, java.lang.Object)'> (0x000000008e61c148) 
thrown [src/hotspot/share/interpreter/linkResolver.cpp, line 766]
Event: 0,595 Thread 0x00007f6ce4019800 Exception <a 'java/lang/NoSuchMethodError'{0x000000008e632470}: 'java.lang.Object java.lang.invoke.DirectMethodHandle$Holder.invokeStatic(java.lang.Object, int, java.lang.Object)'> (0x000000008e632470) 
thrown [src/hotspot/share/interpreter/linkResolver.cpp, line 766]
Event: 0,631 Thread 0x00007f6ce4019800 Exception <a 'java/lang/NoSuchMethodError'{0x000000008e6ec850}: 'java.lang.Object java.lang.invoke.Invokers$Holder.linkToTargetMethod(java.lang.Object, int, java.lang.Object)'> (0x000000008e6ec850) 
thrown [src/hotspot/share/interpreter/linkResolver.cpp, line 766]
Event: 0,641 Thread 0x00007f6ce4019800 Exception <a 'java/lang/ClassNotFoundException'{0x000000008e5000e8}: com/sun/swing/internal/plaf/metal/resources/spi/metalProvider> (0x000000008e5000e8) 
thrown [src/hotspot/share/classfile/systemDictionary.cpp, line 232]
Event: 0,642 Thread 0x00007f6ce4019800 Exception <a 'java/lang/ClassNotFoundException'{0x000000008e5050f8}: com/sun/swing/internal/plaf/basic/resources/spi/basicProvider> (0x000000008e5050f8) 
thrown [src/hotspot/share/classfile/systemDictionary.cpp, line 232]
Event: 0,663 Thread 0x00007f6ce4019800 Exception <a 'java/lang/NoSuchMethodError'{0x000000008e52bc00}: 'void java.lang.invoke.DirectMethodHandle$Holder.invokeStaticInit(java.lang.Object)'> (0x000000008e52bc00) 
thrown [src/hotspot/share/interpreter/linkResolver.cpp, line 766]
Event: 0,699 Thread 0x00007f6ce44c0000 Exception <a 'java/io/FileNotFoundException'{0x000000008e5dc340}> (0x000000008e5dc340) 
thrown [src/hotspot/share/prims/jni.cpp, line 598]
Event: 0,800 Thread 0x00007f6ce4019800 Exception <a 'java/lang/NoSuchMethodError'{0x000000008e44b548}: 'java.lang.Object java.lang.invoke.DirectMethodHandle$Holder.invokeStatic(java.lang.Object, java.lang.Object, java.lang.Object, java.lang.Object, java.lang.Object, java.lang.Object, java.lang.Object, java.lang.Object, java.lang.Object, java.lang.Object, java.lang.Object, java.lang.Object, java.lang.Object, java.lang.Object, java.lang.Object)'> (0x000000008e44b548) 
thrown [src/hotspot/share/interpreter/linkResolver.cpp, line 766]
Event: 0,803 Thread 0x00007f6ce4019800 Exception <a 'java/lang/NoSuchMethodError'{0x000000008e458000}: 'java.lang.Object java.lang.invoke.DirectMethodHandle$Holder.invokeStatic(java.lang.Object, java.lang.Object, java.lang.Object, java.lang.Object, java.lang.Object, java.lang.Object, java.lang.Object, java.lang.Object, java.lang.Object, java.lang.Object, java.lang.Object, java.lang.Object, java.lang.Object, java.lang.Object, java.lang.Object, java.lang.Object)'> (0x000000008e458000) 
thrown [src/hotspot/share/interpreter/linkResolver.cpp, line 
Event: 0,806 Thread 0x00007f6ce4019800 Exception <a 'java/lang/NoSuchMethodError'{0x000000008e465248}: 'java.lang.Object java.lang.invoke.Invokers$Holder.linkToTargetMethod(java.lang.Object, java.lang.Object, java.lang.Object, java.lang.Object, java.lang.Object, java.lang.Object)'> (0x000000008e465248) 
thrown [src/hotspot/share/interpreter/linkResolver.cpp, line 766]
Event: 0,940 Thread 0x00007f6ce4019800 Exception <a 'java/lang/NoSuchMethodError'{0x000000008e27dd20}: 'java.lang.Object java.lang.invoke.DirectMethodHandle$Holder.invokeStaticInit(java.lang.Object, java.lang.Object, long, java.lang.Object)'> (0x000000008e27dd20) 
thrown [src/hotspot/share/interpreter/linkResolver.cpp, line 766]
Event: 0,941 Thread 0x00007f6ce4019800 Exception <a 'java/lang/NoSuchMethodError'{0x000000008e283600}: 'java.lang.Object java.lang.invoke.Invokers$Holder.linkToTargetMethod(java.lang.Object, long, java.lang.Object)'> (0x000000008e283600) 
thrown [src/hotspot/share/interpreter/linkResolver.cpp, line 766]
Event: 0,945 Thread 0x00007f6ce4019800 Exception <a 'java/lang/NoSuchMethodError'{0x000000008e289a90}: 'java.lang.Object java.lang.invoke.DirectMethodHandle$Holder.invokeStatic(java.lang.Object, java.lang.Object, java.lang.Object, int)'> (0x000000008e289a90) 
thrown [src/hotspot/share/interpreter/linkResolver.cpp, line 766]
Event: 0,945 Thread 0x00007f6ce4019800 Exception <a 'java/lang/NoSuchMethodError'{0x000000008e28d2d0}: 'java.lang.Object java.lang.invoke.DirectMethodHandle$Holder.invokeSpecial(java.lang.Object, java.lang.Object, java.lang.Object, java.lang.Object, int)'> (0x000000008e28d2d0) 
thrown [src/hotspot/share/interpreter/linkResolver.cpp, line 766]
Event: 0,946 Thread 0x00007f6ce4019800 Exception <a 'java/lang/NoSuchMethodError'{0x000000008e290490}: 'java.lang.Object java.lang.invoke.Invokers$Holder.linkToTargetMethod(java.lang.Object, java.lang.Object, int, java.lang.Object)'> (0x000000008e290490) 
thrown [src/hotspot/share/interpreter/linkResolver.cpp, line 766]

Events (20 events):
Event: 5,706 loading class java/lang/Class$AnnotationData
Event: 5,706 loading class java/lang/Class$AnnotationData done
Event: 5,707 loading class com/sun/jna/Structure$LayoutInfo
Event: 5,707 loading class com/sun/jna/Structure$LayoutInfo done
Event: 5,707 loading class com/sun/jna/Structure$StructField
Event: 5,707 loading class com/sun/jna/Structure$StructField done
Event: 5,708 loading class jdk/internal/reflect/UnsafeObjectFieldAccessorImpl
Event: 5,708 loading class jdk/internal/reflect/UnsafeObjectFieldAccessorImpl done
Event: 5,708 loading class jdk/internal/reflect/UnsafeIntegerFieldAccessorImpl
Event: 5,708 loading class jdk/internal/reflect/UnsafeIntegerFieldAccessorImpl done
Event: 5,709 loading class jdk/internal/reflect/UnsafeBooleanFieldAccessorImpl
Event: 5,710 loading class jdk/internal/reflect/UnsafeBooleanFieldAccessorImpl done
Event: 5,711 loading class com/sun/jna/Structure$StructureSet
Event: 5,711 loading class com/sun/jna/Structure$StructureSet done
Event: 5,712 loading class com/sun/jna/Structure$NativeStringTracking
Event: 5,712 loading class com/sun/jna/Structure$NativeStringTracking done
Event: 5,712 Executing VM operation: RevokeBias
Event: 5,712 Executing VM operation: RevokeBias done
Event: 5,713 Executing VM operation: RevokeBias
Event: 5,713 Executing VM operation: RevokeBias done


Dynamic libraries:
87000000-8ea00000 rw-p 00000000 00:00 0 
8ea00000-100000000 ---p 00000000 00:00 0 
100000000-100220000 rw-p 00000000 00:00 0 
100220000-140000000 ---p 00000000 00:00 0 
55e4bcc3f000-55e4bcc40000 r--p 00000000 08:05 4199159                    /usr/lib/jvm/java-13-openjdk-amd64/bin/java
55e4bcc40000-55e4bcc41000 r-xp 00001000 08:05 4199159                    /usr/lib/jvm/java-13-openjdk-amd64/bin/java
55e4bcc41000-55e4bcc42000 r--p 00002000 08:05 4199159                    /usr/lib/jvm/java-13-openjdk-amd64/bin/java
55e4bcc42000-55e4bcc43000 r--p 00002000 08:05 4199159                    /usr/lib/jvm/java-13-openjdk-amd64/bin/java
55e4bcc43000-55e4bcc44000 rw-p 00003000 08:05 4199159                    /usr/lib/jvm/java-13-openjdk-amd64/bin/java
55e4bcccf000-55e4bccf0000 rw-p 00000000 00:00 0                          [heap]
7f6c54000000-7f6c54021000 rw-p 00000000 00:00 0 
7f6c54021000-7f6c58000000 ---p 00000000 00:00 0 
7f6c58000000-7f6c58021000 rw-p 00000000 00:00 0 
7f6c58021000-7f6c5c000000 ---p 00000000 00:00 0 
7f6c5c000000-7f6c5c021000 rw-p 00000000 00:00 0 
7f6c5c021000-7f6c60000000 ---p 00000000 00:00 0 
7f6c634d9000-7f6c63619000 rw-p 00000000 00:00 0 
7f6c63619000-7f6c636d9000 ---p 00000000 00:00 0 
7f6c636d9000-7f6c636dd000 ---p 00000000 00:00 0 
7f6c636dd000-7f6c637da000 rw-p 00000000 00:00 0 
7f6c637da000-7f6c637e5000 r-xp 00000000 08:05 4195879                    /usr/lib/x86_64-linux-gnu/libxdo.so.3
7f6c637e5000-7f6c639e4000 ---p 0000b000 08:05 4195879                    /usr/lib/x86_64-linux-gnu/libxdo.so.3
7f6c639e4000-7f6c639e5000 r--p 0000a000 08:05 4195879                    /usr/lib/x86_64-linux-gnu/libxdo.so.3
7f6c639e5000-7f6c639e6000 rw-p 0000b000 08:05 4195879                    /usr/lib/x86_64-linux-gnu/libxdo.so.3
7f6c639e6000-7f6c639ff000 r-xp 00000000 08:03 4458934                    /home/miguel/.cache/JNA/temp/jna17293321372340880037.tmp (deleted)
7f6c639ff000-7f6c63bff000 ---p 00019000 08:03 4458934                    /home/miguel/.cache/JNA/temp/jna17293321372340880037.tmp (deleted)
7f6c63bff000-7f6c63c00000 rw-p 00019000 08:03 4458934                    /home/miguel/.cache/JNA/temp/jna17293321372340880037.tmp (deleted)
7f6c63c00000-7f6c63e00000 rw-p 00000000 00:00 0 
7f6c63e00000-7f6c64000000 rw-p 00000000 00:00 0 
7f6c64000000-7f6c640d2000 rw-p 00000000 00:00 0 
7f6c640d2000-7f6c68000000 ---p 00000000 00:00 0 
7f6c68000000-7f6c68021000 rw-p 00000000 00:00 0 
7f6c68021000-7f6c6c000000 ---p 00000000 00:00 0 
7f6c6c000000-7f6c6c021000 rw-p 00000000 00:00 0 
7f6c6c021000-7f6c70000000 ---p 00000000 00:00 0 
7f6c70000000-7f6c70021000 rw-p 00000000 00:00 0 
7f6c70021000-7f6c74000000 ---p 00000000 00:00 0 
7f6c74000000-7f6c74021000 rw-p 00000000 00:00 0 
7f6c74021000-7f6c78000000 ---p 00000000 00:00 0 
7f6c78000000-7f6c78021000 rw-p 00000000 00:00 0 
7f6c78021000-7f6c7c000000 ---p 00000000 00:00 0 
7f6c7c000000-7f6c7c021000 rw-p 00000000 00:00 0 
7f6c7c021000-7f6c80000000 ---p 00000000 00:00 0 
7f6c80000000-7f6c80021000 rw-p 00000000 00:00 0 
7f6c80021000-7f6c84000000 ---p 00000000 00:00 0 
7f6c84000000-7f6c84021000 rw-p 00000000 00:00 0 
7f6c84021000-7f6c88000000 ---p 00000000 00:00 0 
7f6c88000000-7f6c88021000 rw-p 00000000 00:00 0 
7f6c88021000-7f6c8c000000 ---p 00000000 00:00 0 
7f6c8c000000-7f6c8c1d3000 rw-p 00000000 00:00 0 
7f6c8c1d3000-7f6c90000000 ---p 00000000 00:00 0 
7f6c90000000-7f6c90021000 rw-p 00000000 00:00 0 
7f6c90021000-7f6c94000000 ---p 00000000 00:00 0 
7f6c94000000-7f6c94021000 rw-p 00000000 00:00 0 
7f6c94021000-7f6c98000000 ---p 00000000 00:00 0 
7f6c98000000-7f6c98350000 rw-p 00000000 00:00 0 
7f6c98350000-7f6c9c000000 ---p 00000000 00:00 0 
7f6c9c000000-7f6c9c021000 rw-p 00000000 00:00 0 
7f6c9c021000-7f6ca0000000 ---p 00000000 00:00 0 
7f6ca0000000-7f6ca0021000 rw-p 00000000 00:00 0 
7f6ca0021000-7f6ca4000000 ---p 00000000 00:00 0 
7f6ca4025000-7f6ca4029000 ---p 00000000 00:00 0 
7f6ca4029000-7f6ca4126000 rw-p 00000000 00:00 0 
7f6ca4126000-7f6ca412a000 r--p 00000000 08:05 4204509                    /usr/lib/x86_64-linux-gnu/libxkbcommon.so.0.0.0
7f6ca412a000-7f6ca4146000 r-xp 00004000 08:05 4204509                    /usr/lib/x86_64-linux-gnu/libxkbcommon.so.0.0.0
7f6ca4146000-7f6ca4165000 r--p 00020000 08:05 4204509                    /usr/lib/x86_64-linux-gnu/libxkbcommon.so.0.0.0
7f6ca4165000-7f6ca4167000 r--p 0003e000 08:05 4204509                    /usr/lib/x86_64-linux-gnu/libxkbcommon.so.0.0.0
7f6ca4167000-7f6ca4168000 rw-p 00040000 08:05 4204509                    /usr/lib/x86_64-linux-gnu/libxkbcommon.so.0.0.0
7f6ca4191000-7f6ca4193000 r--p 00000000 08:05 5120675                    /lib/x86_64-linux-gnu/libnss_dns-2.31.so
7f6ca4193000-7f6ca4197000 r-xp 00002000 08:05 5120675                    /lib/x86_64-linux-gnu/libnss_dns-2.31.so
7f6ca4197000-7f6ca4198000 r--p 00006000 08:05 5120675                    /lib/x86_64-linux-gnu/libnss_dns-2.31.so
7f6ca4198000-7f6ca4199000 r--p 00006000 08:05 5120675                    /lib/x86_64-linux-gnu/libnss_dns-2.31.so
7f6ca4199000-7f6ca419a000 rw-p 00007000 08:05 5120675                    /lib/x86_64-linux-gnu/libnss_dns-2.31.so
7f6ca419a000-7f6ca419b000 r--p 00000000 08:05 5113943                    /lib/x86_64-linux-gnu/libnss_mdns4_minimal.so.2
7f6ca419b000-7f6ca419d000 r-xp 00001000 08:05 5113943                    /lib/x86_64-linux-gnu/libnss_mdns4_minimal.so.2
7f6ca419d000-7f6ca419e000 r--p 00003000 08:05 5113943                    /lib/x86_64-linux-gnu/libnss_mdns4_minimal.so.2
7f6ca419e000-7f6ca419f000 r--p 00003000 08:05 5113943                    /lib/x86_64-linux-gnu/libnss_mdns4_minimal.so.2
7f6ca419f000-7f6ca41a0000 rw-p 00004000 08:05 5113943                    /lib/x86_64-linux-gnu/libnss_mdns4_minimal.so.2
7f6ca41a0000-7f6ca41a4000 ---p 00000000 00:00 0 
7f6ca41a4000-7f6ca44a1000 rw-p 00000000 00:00 0 
7f6ca44a1000-7f6ca44a5000 ---p 00000000 00:00 0 
7f6ca44a5000-7f6ca45a2000 rw-p 00000000 00:00 0 
7f6ca45a2000-7f6ca45a6000 ---p 00000000 00:00 0 
7f6ca45a6000-7f6ca46a3000 rw-p 00000000 00:00 0 
7f6ca46a3000-7f6ca46a7000 ---p 00000000 00:00 0 
7f6ca46a7000-7f6ca47a4000 rw-p 00000000 00:00 0 
7f6ca47a4000-7f6ca47a7000 r--p 00000000 08:05 4195424                    /usr/lib/x86_64-linux-gnu/libXcursor.so.1.0.2
7f6ca47a7000-7f6ca47ad000 r-xp 00003000 08:05 4195424                    /usr/lib/x86_64-linux-gnu/libXcursor.so.1.0.2
7f6ca47ad000-7f6ca47af000 r--p 00009000 08:05 4195424                    /usr/lib/x86_64-linux-gnu/libXcursor.so.1.0.2
7f6ca47af000-7f6ca47b0000 r--p 0000a000 08:05 4195424                    /usr/lib/x86_64-linux-gnu/libXcursor.so.1.0.2
7f6ca47b0000-7f6ca47b1000 rw-p 0000b000 08:05 4195424                    /usr/lib/x86_64-linux-gnu/libXcursor.so.1.0.2
7f6ca47b8000-7f6ca47bc000 ---p 00000000 00:00 0 
7f6ca47bc000-7f6ca47da000 rw-p 00000000 00:00 0 
7f6ca47da000-7f6ca47de000 ---p 00000000 00:00 0 
7f6ca47de000-7f6ca48db000 rw-p 00000000 00:00 0 
7f6ca48db000-7f6ca48dc000 ---p 00000000 00:00 0 
7f6ca48dc000-7f6ca50dc000 rw-p 00000000 00:00 0 
7f6ca50dc000-7f6ca50dd000 ---p 00000000 00:00 0 
7f6ca50dd000-7f6ca58dd000 rw-p 00000000 00:00 0 
7f6ca58dd000-7f6ca58de000 ---p 00000000 00:00 0 
7f6ca58de000-7f6ca60de000 rw-p 00000000 00:00 0 
7f6ca60de000-7f6ca60f5000 r--p 00000000 08:03 4457181                    /home/miguel/.config/dconf/user
7f6ca60f5000-7f6ca60f9000 r--p 00000000 08:05 4456552                    /usr/lib/x86_64-linux-gnu/gio/modules/libdconfsettings.so
7f6ca60f9000-7f6ca6101000 r-xp 00004000 08:05 4456552                    /usr/lib/x86_64-linux-gnu/gio/modules/libdconfsettings.so
7f6ca6101000-7f6ca6104000 r--p 0000c000 08:05 4456552                    /usr/lib/x86_64-linux-gnu/gio/modules/libdconfsettings.so
7f6ca6104000-7f6ca6105000 ---p 0000f000 08:05 4456552                    /usr/lib/x86_64-linux-gnu/gio/modules/libdconfsettings.so
7f6ca6105000-7f6ca6106000 r--p 0000f000 08:05 4456552                    /usr/lib/x86_64-linux-gnu/gio/modules/libdconfsettings.so
7f6ca6106000-7f6ca6107000 rw-p 00010000 08:05 4456552                    /usr/lib/x86_64-linux-gnu/gio/modules/libdconfsettings.so
7f6ca6107000-7f6ca617f000 r--p 00000000 08:05 5639559                    /usr/share/glib-2.0/schemas/gschemas.compiled
7f6ca617f000-7f6ca6181000 r--p 00000000 08:05 4194834                    /usr/lib/x86_64-linux-gnu/libpcre2-8.so.0.9.0
7f6ca6181000-7f6ca61e5000 r-xp 00002000 08:05 4194834                    /usr/lib/x86_64-linux-gnu/libpcre2-8.so.0.9.0
7f6ca61e5000-7f6ca620d000 r--p 00066000 08:05 4194834                    /usr/lib/x86_64-linux-gnu/libpcre2-8.so.0.9.0
7f6ca620d000-7f6ca620e000 r--p 0008d000 08:05 4194834                    /usr/lib/x86_64-linux-gnu/libpcre2-8.so.0.9.0
7f6ca620e000-7f6ca620f000 rw-p 0008e000 08:05 4194834                    /usr/lib/x86_64-linux-gnu/libpcre2-8.so.0.9.0
7f6ca620f000-7f6ca6219000 r--p 00000000 08:05 5120874                    /lib/x86_64-linux-gnu/libblkid.so.1.1.0
7f6ca6219000-7f6ca624f000 r-xp 0000a000 08:05 5120874                    /lib/x86_64-linux-gnu/libblkid.so.1.1.0
7f6ca624f000-7f6ca625f000 r--p 00040000 08:05 5120874                    /lib/x86_64-linux-gnu/libblkid.so.1.1.0
7f6ca625f000-7f6ca6260000 ---p 00050000 08:05 5120874                    /lib/x86_64-linux-gnu/libblkid.so.1.1.0
7f6ca6260000-7f6ca6265000 r--p 00050000 08:05 5120874                    /lib/x86_64-linux-gnu/libblkid.so.1.1.0
7f6ca6265000-7f6ca6266000 rw-p 00055000 08:05 5120874                    /lib/x86_64-linux-gnu/libblkid.so.1.1.0
7f6ca6266000-7f6ca6268000 r--p 00000000 08:05 4194536                    /usr/lib/x86_64-linux-gnu/libffi.so.7.1.0
7f6ca6268000-7f6ca626e000 r-xp 00002000 08:05 4194536                    /usr/lib/x86_64-linux-gnu/libffi.so.7.1.0
7f6ca626e000-7f6ca626f000 r--p 00008000 08:05 4194536                    /usr/lib/x86_64-linux-gnu/libffi.so.7.1.0
7f6ca626f000-7f6ca6270000 ---p 00009000 08:05 4194536                    /usr/lib/x86_64-linux-gnu/libffi.so.7.1.0
7f6ca6270000-7f6ca6271000 r--p 00009000 08:05 4194536                    /usr/lib/x86_64-linux-gnu/libffi.so.7.1.0
7f6ca6271000-7f6ca6272000 rw-p 0000a000 08:05 4194536                    /usr/lib/x86_64-linux-gnu/libffi.so.7.1.0
7f6ca6272000-7f6ca6274000 r--p 00000000 08:05 5112730                    /lib/x86_64-linux-gnu/libpcre.so.3.13.3
7f6ca6274000-7f6ca62c5000 r-xp 00002000 08:05 5112730                    /lib/x86_64-linux-gnu/libpcre.so.3.13.3
7f6ca62c5000-7f6ca62e3000 r--p 00053000 08:05 5112730                    /lib/x86_64-linux-gnu/libpcre.so.3.13.3
7f6ca62e3000-7f6ca62e4000 r--p 00070000 08:05 5112730                    /lib/x86_64-linux-gnu/libpcre.so.3.13.3
7f6ca62e4000-7f6ca62e5000 rw-p 00071000 08:05 5112730                    /lib/x86_64-linux-gnu/libpcre.so.3.13.3
7f6ca62e5000-7f6ca62e9000 r--p 00000000 08:05 5120682                    /lib/x86_64-linux-gnu/libresolv-2.31.so
7f6ca62e9000-7f6ca62f9000 r-xp 00004000 08:05 5120682                    /lib/x86_64-linux-gnu/libresolv-2.31.so
7f6ca62f9000-7f6ca62fc000 r--p 00014000 08:05 5120682                    /lib/x86_64-linux-gnu/libresolv-2.31.so
7f6ca62fc000-7f6ca62fd000 ---p 00017000 08:05 5120682                    /lib/x86_64-linux-gnu/libresolv-2.31.so
7f6ca62fd000-7f6ca62fe000 r--p 00017000 08:05 5120682                    /lib/x86_64-linux-gnu/libresolv-2.31.so
7f6ca62fe000-7f6ca62ff000 rw-p 00018000 08:05 5120682                    /lib/x86_64-linux-gnu/libresolv-2.31.so
7f6ca62ff000-7f6ca6301000 rw-p 00000000 00:00 0 
7f6ca6301000-7f6ca6307000 r--p 00000000 08:05 5112075                    /lib/x86_64-linux-gnu/libselinux.so.1
7f6ca6307000-7f6ca6320000 r-xp 00006000 08:05 5112075                    /lib/x86_64-linux-gnu/libselinux.so.1
7f6ca6320000-7f6ca6327000 r--p 0001f000 08:05 5112075                    /lib/x86_64-linux-gnu/libselinux.so.1
7f6ca6327000-7f6ca6328000 ---p 00026000 08:05 5112075                    /lib/x86_64-linux-gnu/libselinux.so.1
7f6ca6328000-7f6ca6329000 r--p 00026000 08:05 5112075                    /lib/x86_64-linux-gnu/libselinux.so.1
7f6ca6329000-7f6ca632a000 rw-p 00027000 08:05 5112075                    /lib/x86_64-linux-gnu/libselinux.so.1
7f6ca632a000-7f6ca632c000 rw-p 00000000 00:00 0 
7f6ca632c000-7f6ca6337000 r--p 00000000 08:05 5112070                    /lib/x86_64-linux-gnu/libmount.so.1.1.0
7f6ca6337000-7f6ca6375000 r-xp 0000b000 08:05 5112070                    /lib/x86_64-linux-gnu/libmount.so.1.1.0
7f6ca6375000-7f6ca6388000 r--p 00049000 08:05 5112070                    /lib/x86_64-linux-gnu/libmount.so.1.1.0
7f6ca6388000-7f6ca638b000 r--p 0005b000 08:05 5112070                    /lib/x86_64-linux-gnu/libmount.so.1.1.0
7f6ca638b000-7f6ca638c000 rw-p 0005e000 08:05 5112070                    /lib/x86_64-linux-gnu/libmount.so.1.1.0
7f6ca638c000-7f6ca638d000 r--p 00000000 08:05 4201982                    /usr/lib/x86_64-linux-gnu/libgmodule-2.0.so.0.6400.6
7f6ca638d000-7f6ca638f000 r-xp 00001000 08:05 4201982                    /usr/lib/x86_64-linux-gnu/libgmodule-2.0.so.0.6400.6
7f6ca638f000-7f6ca6390000 r--p 00003000 08:05 4201982                    /usr/lib/x86_64-linux-gnu/libgmodule-2.0.so.0.6400.6
7f6ca6390000-7f6ca6391000 r--p 00003000 08:05 4201982                    /usr/lib/x86_64-linux-gnu/libgmodule-2.0.so.0.6400.6
7f6ca6391000-7f6ca6392000 rw-p 00004000 08:05 4201982                    /usr/lib/x86_64-linux-gnu/libgmodule-2.0.so.0.6400.6
7f6ca6392000-7f6ca63a0000 r--p 00000000 08:05 4201988                    /usr/lib/x86_64-linux-gnu/libgobject-2.0.so.0.6400.6
7f6ca63a0000-7f6ca63d6000 r-xp 0000e000 08:05 4201988                    /usr/lib/x86_64-linux-gnu/libgobject-2.0.so.0.6400.6
7f6ca63d6000-7f6ca63ee000 r--p 00044000 08:05 4201988                    /usr/lib/x86_64-linux-gnu/libgobject-2.0.so.0.6400.6
7f6ca63ee000-7f6ca63f1000 r--p 0005b000 08:05 4201988                    /usr/lib/x86_64-linux-gnu/libgobject-2.0.so.0.6400.6
7f6ca63f1000-7f6ca63f2000 rw-p 0005e000 08:05 4201988                    /usr/lib/x86_64-linux-gnu/libgobject-2.0.so.0.6400.6
7f6ca63f2000-7f6ca640e000 r--p 00000000 08:05 4201978                    /usr/lib/x86_64-linux-gnu/libglib-2.0.so.0.6400.6
7f6ca640e000-7f6ca6492000 r-xp 0001c000 08:05 4201978                    /usr/lib/x86_64-linux-gnu/libglib-2.0.so.0.6400.6
7f6ca6492000-7f6ca6518000 r--p 000a0000 08:05 4201978                    /usr/lib/x86_64-linux-gnu/libglib-2.0.so.0.6400.6
7f6ca6518000-7f6ca6519000 r--p 00125000 08:05 4201978                    /usr/lib/x86_64-linux-gnu/libglib-2.0.so.0.6400.6
7f6ca6519000-7f6ca651a000 rw-p 00126000 08:05 4201978                    /usr/lib/x86_64-linux-gnu/libglib-2.0.so.0.6400.6
7f6ca651a000-7f6ca651b000 rw-p 00000000 00:00 0 
7f6ca651b000-7f6ca6553000 r--p 00000000 08:05 4201971                    /usr/lib/x86_64-linux-gnu/libgio-2.0.so.0.6400.6
7f6ca6553000-7f6ca6666000 r-xp 00038000 08:05 4201971                    /usr/lib/x86_64-linux-gnu/libgio-2.0.so.0.6400.6
7f6ca6666000-7f6ca66f0000 r--p 0014b000 08:05 4201971                    /usr/lib/x86_64-linux-gnu/libgio-2.0.so.0.6400.6
7f6ca66f0000-7f6ca66f9000 r--p 001d4000 08:05 4201971                    /usr/lib/x86_64-linux-gnu/libgio-2.0.so.0.6400.6
7f6ca66f9000-7f6ca66fa000 rw-p 001dd000 08:05 4201971                    /usr/lib/x86_64-linux-gnu/libgio-2.0.so.0.6400.6
7f6ca66fa000-7f6ca66fc000 rw-p 00000000 00:00 0 
7f6ca66fc000-7f6ca66fe000 r--p 00000000 08:05 4196931                    /usr/lib/x86_64-linux-gnu/libXrandr.so.2.2.0
7f6ca66fe000-7f6ca6705000 r-xp 00002000 08:05 4196931                    /usr/lib/x86_64-linux-gnu/libXrandr.so.2.2.0
7f6ca6705000-7f6ca6707000 r--p 00009000 08:05 4196931                    /usr/lib/x86_64-linux-gnu/libXrandr.so.2.2.0
7f6ca6707000-7f6ca6708000 r--p 0000a000 08:05 4196931                    /usr/lib/x86_64-linux-gnu/libXrandr.so.2.2.0
7f6ca6708000-7f6ca6709000 rw-p 0000b000 08:05 4196931                    /usr/lib/x86_64-linux-gnu/libXrandr.so.2.2.0
7f6ca6709000-7f6ca6909000 rw-p 00000000 00:00 0 
7f6ca6909000-7f6ca690e000 r--p 00000000 08:05 4200951                    /usr/lib/x86_64-linux-gnu/libpng16.so.16.37.0
7f6ca690e000-7f6ca6933000 r-xp 00005000 08:05 4200951                    /usr/lib/x86_64-linux-gnu/libpng16.so.16.37.0
7f6ca6933000-7f6ca693f000 r--p 0002a000 08:05 4200951                    /usr/lib/x86_64-linux-gnu/libpng16.so.16.37.0
7f6ca693f000-7f6ca6940000 r--p 00035000 08:05 4200951                    /usr/lib/x86_64-linux-gnu/libpng16.so.16.37.0
7f6ca6940000-7f6ca6941000 rw-p 00036000 08:05 4200951                    /usr/lib/x86_64-linux-gnu/libpng16.so.16.37.0
7f6ca6941000-7f6ca694d000 r--p 00000000 08:05 4212646                    /usr/lib/x86_64-linux-gnu/libfreetype.so.6.17.1
7f6ca694d000-7f6ca69cd000 r-xp 0000c000 08:05 4212646                    /usr/lib/x86_64-linux-gnu/libfreetype.so.6.17.1
7f6ca69cd000-7f6ca69f7000 r--p 0008c000 08:05 4212646                    /usr/lib/x86_64-linux-gnu/libfreetype.so.6.17.1
7f6ca69f7000-7f6ca69f8000 ---p 000b6000 08:05 4212646                    /usr/lib/x86_64-linux-gnu/libfreetype.so.6.17.1
7f6ca69f8000-7f6ca69ff000 r--p 000b6000 08:05 4212646                    /usr/lib/x86_64-linux-gnu/libfreetype.so.6.17.1
7f6ca69ff000-7f6ca6a00000 rw-p 000bd000 08:05 4212646                    /usr/lib/x86_64-linux-gnu/libfreetype.so.6.17.1
7f6ca6a01000-7f6ca6a03000 r--p 00000000 08:05 4200541                    /usr/lib/x86_64-linux-gnu/libXfixes.so.3.1.0
7f6ca6a03000-7f6ca6a06000 r-xp 00002000 08:05 4200541                    /usr/lib/x86_64-linux-gnu/libXfixes.so.3.1.0
7f6ca6a06000-7f6ca6a07000 r--p 00005000 08:05 4200541                    /usr/lib/x86_64-linux-gnu/libXfixes.so.3.1.0
7f6ca6a07000-7f6ca6a08000 r--p 00005000 08:05 4200541                    /usr/lib/x86_64-linux-gnu/libXfixes.so.3.1.0
7f6ca6a08000-7f6ca6a09000 rw-p 00006000 08:05 4200541                    /usr/lib/x86_64-linux-gnu/libXfixes.so.3.1.0
7f6ca6a09000-7f6ca6a29000 r--p 00000000 08:05 5511550                    /usr/share/locale-langpack/es/LC_MESSAGES/glib20.mo
7f6ca6a29000-7f6ca6a2d000 r--p 00000000 08:05 4206044                    /usr/lib/jvm/java-13-openjdk-amd64/lib/libfontmanager.so
7f6ca6a2d000-7f6ca6b18000 r-xp 00004000 08:05 4206044                    /usr/lib/jvm/java-13-openjdk-amd64/lib/libfontmanager.so
7f6ca6b18000-7f6ca6b58000 r--p 000ef000 08:05 4206044                    /usr/lib/jvm/java-13-openjdk-amd64/lib/libfontmanager.so
7f6ca6b58000-7f6ca6b59000 ---p 0012f000 08:05 4206044                    /usr/lib/jvm/java-13-openjdk-amd64/lib/libfontmanager.so
7f6ca6b59000-7f6ca6b5a000 r--p 0012f000 08:05 4206044                    /usr/lib/jvm/java-13-openjdk-amd64/lib/libfontmanager.so
7f6ca6b5a000-7f6ca6b5b000 rw-p 00130000 08:05 4206044                    /usr/lib/jvm/java-13-openjdk-amd64/lib/libfontmanager.so
7f6ca6b5b000-7f6ca6b5e000 rw-p 00000000 00:00 0 
7f6ca6b5e000-7f6ca6b62000 r--p 00000000 08:05 4196110                    /usr/lib/x86_64-linux-gnu/libbsd.so.0.10.0
7f6ca6b62000-7f6ca6b71000 r-xp 00004000 08:05 4196110                    /usr/lib/x86_64-linux-gnu/libbsd.so.0.10.0
7f6ca6b71000-7f6ca6b74000 r--p 00013000 08:05 4196110                    /usr/lib/x86_64-linux-gnu/libbsd.so.0.10.0
7f6ca6b74000-7f6ca6b75000 ---p 00016000 08:05 4196110                    /usr/lib/x86_64-linux-gnu/libbsd.so.0.10.0
7f6ca6b75000-7f6ca6b76000 r--p 00016000 08:05 4196110                    /usr/lib/x86_64-linux-gnu/libbsd.so.0.10.0
7f6ca6b76000-7f6ca6b77000 rw-p 00017000 08:05 4196110                    /usr/lib/x86_64-linux-gnu/libbsd.so.0.10.0
7f6ca6b77000-7f6ca6b78000 rw-p 00000000 00:00 0 
7f6ca6b78000-7f6ca6b83000 r--p 00000000 08:05 4201151                    /usr/lib/x86_64-linux-gnu/libxcb.so.1.1.0
7f6ca6b83000-7f6ca6b97000 r-xp 0000b000 08:05 4201151                    /usr/lib/x86_64-linux-gnu/libxcb.so.1.1.0
7f6ca6b97000-7f6ca6ba0000 r--p 0001f000 08:05 4201151                    /usr/lib/x86_64-linux-gnu/libxcb.so.1.1.0
7f6ca6ba0000-7f6ca6ba1000 r--p 00027000 08:05 4201151                    /usr/lib/x86_64-linux-gnu/libxcb.so.1.1.0
7f6ca6ba1000-7f6ca6ba2000 rw-p 00028000 08:05 4201151                    /usr/lib/x86_64-linux-gnu/libxcb.so.1.1.0
7f6ca6ba2000-7f6ca6ba4000 r--p 00000000 08:05 4200539                    /usr/lib/x86_64-linux-gnu/libXi.so.6.1.0
7f6ca6ba4000-7f6ca6baf000 r-xp 00002000 08:05 4200539                    /usr/lib/x86_64-linux-gnu/libXi.so.6.1.0
7f6ca6baf000-7f6ca6bb2000 r--p 0000d000 08:05 4200539                    /usr/lib/x86_64-linux-gnu/libXi.so.6.1.0
7f6ca6bb2000-7f6ca6bb3000 r--p 0000f000 08:05 4200539                    /usr/lib/x86_64-linux-gnu/libXi.so.6.1.0
7f6ca6bb3000-7f6ca6bb4000 rw-p 00010000 08:05 4200539                    /usr/lib/x86_64-linux-gnu/libXi.so.6.1.0
7f6ca6bb4000-7f6ca6bb9000 r-xp 00000000 08:05 4202265                    /usr/lib/x86_64-linux-gnu/libXtst.so.6.1.0
7f6ca6bb9000-7f6ca6db8000 ---p 00005000 08:05 4202265                    /usr/lib/x86_64-linux-gnu/libXtst.so.6.1.0
7f6ca6db8000-7f6ca6db9000 r--p 00004000 08:05 4202265                    /usr/lib/x86_64-linux-gnu/libXtst.so.6.1.0
7f6ca6db9000-7f6ca6dba000 rw-p 00005000 08:05 4202265                    /usr/lib/x86_64-linux-gnu/libXtst.so.6.1.0
7f6ca6dba000-7f6ca6dc3000 r-xp 00000000 08:05 4202259                    /usr/lib/x86_64-linux-gnu/libXrender.so.1.3.0
7f6ca6dc3000-7f6ca6fc2000 ---p 00009000 08:05 4202259                    /usr/lib/x86_64-linux-gnu/libXrender.so.1.3.0
7f6ca6fc2000-7f6ca6fc3000 r--p 00008000 08:05 4202259                    /usr/lib/x86_64-linux-gnu/libXrender.so.1.3.0
7f6ca6fc3000-7f6ca6fc4000 rw-p 00009000 08:05 4202259                    /usr/lib/x86_64-linux-gnu/libXrender.so.1.3.0
7f6ca6fc4000-7f6ca6fdc000 r--p 00000000 08:05 4202365                    /usr/lib/x86_64-linux-gnu/libX11.so.6.3.0
7f6ca6fdc000-7f6ca7067000 r-xp 00018000 08:05 4202365                    /usr/lib/x86_64-linux-gnu/libX11.so.6.3.0
7f6ca7067000-7f6ca70fb000 r--p 000a3000 08:05 4202365                    /usr/lib/x86_64-linux-gnu/libX11.so.6.3.0
7f6ca70fb000-7f6ca70fc000 ---p 00137000 08:05 4202365                    /usr/lib/x86_64-linux-gnu/libX11.so.6.3.0
7f6ca70fc000-7f6ca70fd000 r--p 00137000 08:05 4202365                    /usr/lib/x86_64-linux-gnu/libX11.so.6.3.0
7f6ca70fd000-7f6ca7101000 rw-p 00138000 08:05 4202365                    /usr/lib/x86_64-linux-gnu/libX11.so.6.3.0
7f6ca7106000-7f6ca712a000 r--p 00000000 08:05 5512240                    /usr/share/locale-langpack/es/LC_MESSAGES/libc.mo
7f6ca712a000-7f6ca7156000 r--p 00000000 08:05 4206039                    /usr/lib/jvm/java-13-openjdk-amd64/lib/libawt.so
7f6ca7156000-7f6ca71bf000 r-xp 0002c000 08:05 4206039                    /usr/lib/jvm/java-13-openjdk-amd64/lib/libawt.so
7f6ca71bf000-7f6ca71cb000 r--p 00095000 08:05 4206039                    /usr/lib/jvm/java-13-openjdk-amd64/lib/libawt.so
7f6ca71cb000-7f6ca71cc000 ---p 000a1000 08:05 4206039                    /usr/lib/jvm/java-13-openjdk-amd64/lib/libawt.so
7f6ca71cc000-7f6ca71cd000 r--p 000a1000 08:05 4206039                    /usr/lib/jvm/java-13-openjdk-amd64/lib/libawt.so
7f6ca71cd000-7f6ca71d8000 rw-p 000a2000 08:05 4206039                    /usr/lib/jvm/java-13-openjdk-amd64/lib/libawt.so
7f6ca71d8000-7f6ca71fd000 rw-p 00000000 00:00 0 
7f6ca71fd000-7f6ca7201000 ---p 00000000 00:00 0 
7f6ca7201000-7f6ca72fe000 rw-p 00000000 00:00 0 
7f6ca72fe000-7f6ca72ff000 ---p 00000000 00:00 0 
7f6ca72ff000-7f6ca7400000 rw-p 00000000 00:00 0 
7f6ca7400000-7f6ca7404000 ---p 00000000 00:00 0 
7f6ca7404000-7f6ca7501000 rw-p 00000000 00:00 0 
7f6ca7501000-7f6ca8000000 r--p 00000000 08:05 4195743                    /usr/lib/locale/locale-archive
7f6ca8000000-7f6ca8021000 rw-p 00000000 00:00 0 
7f6ca8021000-7f6cac000000 ---p 00000000 00:00 0 
7f6cac000000-7f6cac021000 rw-p 00000000 00:00 0 
7f6cac021000-7f6cb0000000 ---p 00000000 00:00 0 
7f6cb0000000-7f6cb0021000 rw-p 00000000 00:00 0 
7f6cb0021000-7f6cb4000000 ---p 00000000 00:00 0 
7f6cb4000000-7f6cb4021000 rw-p 00000000 00:00 0 
7f6cb4021000-7f6cb8000000 ---p 00000000 00:00 0 
7f6cb8000000-7f6cb8021000 rw-p 00000000 00:00 0 
7f6cb8021000-7f6cbc000000 ---p 00000000 00:00 0 
7f6cbc000000-7f6cbc021000 rw-p 00000000 00:00 0 
7f6cbc021000-7f6cc0000000 ---p 00000000 00:00 0 
7f6cc0000000-7f6cc0021000 rw-p 00000000 00:00 0 
7f6cc0021000-7f6cc4000000 ---p 00000000 00:00 0 
7f6cc4004000-7f6cc400b000 r--s 00000000 08:05 4460204                    /usr/lib/x86_64-linux-gnu/gconv/gconv-modules.cache
7f6cc400b000-7f6cc400f000 r--p 00000000 08:05 4201059                    /usr/lib/x86_64-linux-gnu/libXext.so.6.4.0
7f6cc400f000-7f6cc401a000 r-xp 00004000 08:05 4201059                    /usr/lib/x86_64-linux-gnu/libXext.so.6.4.0
7f6cc401a000-7f6cc401e000 r--p 0000f000 08:05 4201059                    /usr/lib/x86_64-linux-gnu/libXext.so.6.4.0
7f6cc401e000-7f6cc401f000 r--p 00012000 08:05 4201059                    /usr/lib/x86_64-linux-gnu/libXext.so.6.4.0
7f6cc401f000-7f6cc4020000 rw-p 00013000 08:05 4201059                    /usr/lib/x86_64-linux-gnu/libXext.so.6.4.0
7f6cc4020000-7f6cc4030000 r--p 00000000 08:05 4206041                    /usr/lib/jvm/java-13-openjdk-amd64/lib/libawt_xawt.so
7f6cc4030000-7f6cc406f000 r-xp 00010000 08:05 4206041                    /usr/lib/jvm/java-13-openjdk-amd64/lib/libawt_xawt.so
7f6cc406f000-7f6cc4080000 r--p 0004f000 08:05 4206041                    /usr/lib/jvm/java-13-openjdk-amd64/lib/libawt_xawt.so
7f6cc4080000-7f6cc4081000 ---p 00060000 08:05 4206041                    /usr/lib/jvm/java-13-openjdk-amd64/lib/libawt_xawt.so
7f6cc4081000-7f6cc4082000 r--p 00060000 08:05 4206041                    /usr/lib/jvm/java-13-openjdk-amd64/lib/libawt_xawt.so
7f6cc4082000-7f6cc4085000 rw-p 00061000 08:05 4206041                    /usr/lib/jvm/java-13-openjdk-amd64/lib/libawt_xawt.so
7f6cc4085000-7f6cc40b8000 rw-p 00000000 00:00 0 
7f6cc40b8000-7f6cc40bc000 r--p 00000000 08:05 4207247                    /usr/lib/jvm/java-13-openjdk-amd64/lib/libnet.so
7f6cc40bc000-7f6cc40ca000 r-xp 00004000 08:05 4207247                    /usr/lib/jvm/java-13-openjdk-amd64/lib/libnet.so
7f6cc40ca000-7f6cc40ce000 r--p 00012000 08:05 4207247                    /usr/lib/jvm/java-13-openjdk-amd64/lib/libnet.so
7f6cc40ce000-7f6cc40cf000 r--p 00015000 08:05 4207247                    /usr/lib/jvm/java-13-openjdk-amd64/lib/libnet.so
7f6cc40cf000-7f6cc40d0000 rw-p 00016000 08:05 4207247                    /usr/lib/jvm/java-13-openjdk-amd64/lib/libnet.so
7f6cc40d0000-7f6cc40d7000 r--p 00000000 08:05 4207249                    /usr/lib/jvm/java-13-openjdk-amd64/lib/libnio.so
7f6cc40d7000-7f6cc40e0000 r-xp 00007000 08:05 4207249                    /usr/lib/jvm/java-13-openjdk-amd64/lib/libnio.so
7f6cc40e0000-7f6cc40e4000 r--p 00010000 08:05 4207249                    /usr/lib/jvm/java-13-openjdk-amd64/lib/libnio.so
7f6cc40e4000-7f6cc40e5000 r--p 00013000 08:05 4207249                    /usr/lib/jvm/java-13-openjdk-amd64/lib/libnio.so
7f6cc40e5000-7f6cc40e6000 rw-p 00014000 08:05 4207249                    /usr/lib/jvm/java-13-openjdk-amd64/lib/libnio.so
7f6cc40e6000-7f6cc40ea000 ---p 00000000 00:00 0 
7f6cc40ea000-7f6cc41e7000 rw-p 00000000 00:00 0 
7f6cc41e7000-7f6cc41eb000 ---p 00000000 00:00 0 
7f6cc41eb000-7f6cc42e8000 rw-p 00000000 00:00 0 
7f6cc42e8000-7f6cc42ec000 ---p 00000000 00:00 0 
7f6cc42ec000-7f6cc43e9000 rw-p 00000000 00:00 0 
7f6cc43e9000-7f6cc43ed000 ---p 00000000 00:00 0 
7f6cc43ed000-7f6cc44ea000 rw-p 00000000 00:00 0 
7f6cc44ea000-7f6cc44ee000 ---p 00000000 00:00 0 
7f6cc44ee000-7f6cc45eb000 rw-p 00000000 00:00 0 
7f6cc45eb000-7f6cc45ef000 ---p 00000000 00:00 0 
7f6cc45ef000-7f6cc46ec000 rw-p 00000000 00:00 0 
7f6cc46ec000-7f6cc46ed000 ---p 00000000 00:00 0 
7f6cc46ed000-7f6cc50ca000 rw-p 00000000 00:00 0 
7f6cc50ca000-7f6cc50cb000 ---p 00000000 00:00 0 
7f6cc50cb000-7f6cc51cc000 rw-p 00000000 00:00 0 
7f6cc51cc000-7f6cc51cd000 ---p 00000000 00:00 0 
7f6cc51cd000-7f6cc76d2000 rw-p 00000000 00:00 0 
7f6cc76d2000-7f6cc76d3000 ---p 00000000 00:00 0 
7f6cc76d3000-7f6cc77d4000 rw-p 00000000 00:00 0 
7f6cc77d4000-7f6cc77d5000 ---p 00000000 00:00 0 
7f6cc77d5000-7f6cc78d6000 rw-p 00000000 00:00 0 
7f6cc78d6000-7f6cc78d7000 ---p 00000000 00:00 0 
7f6cc78d7000-7f6cc7bc0000 rw-p 00000000 00:00 0 
7f6cc7bc0000-7f6cc9818000 ---p 00000000 00:00 0 
7f6cc9818000-7f6cc9a00000 rw-p 00000000 00:00 0 
7f6cc9a00000-7f6ccb658000 ---p 00000000 00:00 0 
7f6ccb658000-7f6ccb695000 rw-p 00000000 00:00 0 
7f6ccb695000-7f6ccba20000 ---p 00000000 00:00 0 
7f6ccba20000-7f6ccba5d000 rw-p 00000000 00:00 0 
7f6ccba5d000-7f6ccbde8000 ---p 00000000 00:00 0 
7f6ccbde8000-7f6ccbe25000 rw-p 00000000 00:00 0 
7f6ccbe25000-7f6ccc1b0000 ---p 00000000 00:00 0 
7f6ccc1b0000-7f6ccc5b9000 rw-p 00000000 00:00 0 
7f6ccc5b9000-7f6ccc69f000 ---p 00000000 00:00 0 
7f6ccc69f000-7f6ccc6a4000 rw-p 00000000 00:00 0 
7f6ccc6a4000-7f6ccc78a000 ---p 00000000 00:00 0 
7f6ccc78a000-7f6ccc9fa000 rwxp 00000000 00:00 0 
7f6ccc9fa000-7f6cccd1b000 ---p 00000000 00:00 0 
7f6cccd1b000-7f6cccf8b000 rwxp 00000000 00:00 0 
7f6cccf8b000-7f6cd4252000 ---p 00000000 00:00 0 
7f6cd4252000-7f6cd44c2000 rwxp 00000000 00:00 0 
7f6cd44c2000-7f6cdb78a000 ---p 00000000 00:00 0 
7f6cdb78a000-7f6ce4000000 r--s 00000000 08:05 4207258                    /usr/lib/jvm/java-13-openjdk-amd64/lib/modules
7f6ce4000000-7f6ce46c9000 rw-p 00000000 00:00 0 
7f6ce46c9000-7f6ce8000000 ---p 00000000 00:00 0 
7f6ce8001000-7f6ce8002000 r--p 00000000 08:05 4201061                    /usr/lib/x86_64-linux-gnu/libXinerama.so.1.0.0
7f6ce8002000-7f6ce8003000 r-xp 00001000 08:05 4201061                    /usr/lib/x86_64-linux-gnu/libXinerama.so.1.0.0
7f6ce8003000-7f6ce8004000 r--p 00002000 08:05 4201061                    /usr/lib/x86_64-linux-gnu/libXinerama.so.1.0.0
7f6ce8004000-7f6ce8005000 r--p 00002000 08:05 4201061                    /usr/lib/x86_64-linux-gnu/libXinerama.so.1.0.0
7f6ce8005000-7f6ce8006000 rw-p 00003000 08:05 4201061                    /usr/lib/x86_64-linux-gnu/libXinerama.so.1.0.0
7f6ce8006000-7f6ce8008000 r--p 00000000 08:05 4201148                    /usr/lib/x86_64-linux-gnu/libXdmcp.so.6.0.0
7f6ce8008000-7f6ce800a000 r-xp 00002000 08:05 4201148                    /usr/lib/x86_64-linux-gnu/libXdmcp.so.6.0.0
7f6ce800a000-7f6ce800c000 r--p 00004000 08:05 4201148                    /usr/lib/x86_64-linux-gnu/libXdmcp.so.6.0.0
7f6ce800c000-7f6ce800d000 r--p 00005000 08:05 4201148                    /usr/lib/x86_64-linux-gnu/libXdmcp.so.6.0.0
7f6ce800d000-7f6ce800e000 rw-p 00006000 08:05 4201148                    /usr/lib/x86_64-linux-gnu/libXdmcp.so.6.0.0
7f6ce800e000-7f6ce80d2000 rw-p 00000000 00:00 0 
7f6ce80d2000-7f6ce80d5000 r--p 00000000 08:05 5120676                    /lib/x86_64-linux-gnu/libnss_files-2.31.so
7f6ce80d5000-7f6ce80dc000 r-xp 00003000 08:05 5120676                    /lib/x86_64-linux-gnu/libnss_files-2.31.so
7f6ce80dc000-7f6ce80de000 r--p 0000a000 08:05 5120676                    /lib/x86_64-linux-gnu/libnss_files-2.31.so
7f6ce80de000-7f6ce80df000 r--p 0000b000 08:05 5120676                    /lib/x86_64-linux-gnu/libnss_files-2.31.so
7f6ce80df000-7f6ce80e0000 rw-p 0000c000 08:05 5120676                    /lib/x86_64-linux-gnu/libnss_files-2.31.so
7f6ce80e0000-7f6ce80e6000 rw-p 00000000 00:00 0 
7f6ce80e6000-7f6ce80eb000 r--p 00000000 08:05 5120673                    /lib/x86_64-linux-gnu/libnsl-2.31.so
7f6ce80eb000-7f6ce80fb000 r-xp 00005000 08:05 5120673                    /lib/x86_64-linux-gnu/libnsl-2.31.so
7f6ce80fb000-7f6ce80ff000 r--p 00015000 08:05 5120673                    /lib/x86_64-linux-gnu/libnsl-2.31.so
7f6ce80ff000-7f6ce8100000 r--p 00018000 08:05 5120673                    /lib/x86_64-linux-gnu/libnsl-2.31.so
7f6ce8100000-7f6ce8101000 rw-p 00019000 08:05 5120673                    /lib/x86_64-linux-gnu/libnsl-2.31.so
7f6ce8101000-7f6ce8103000 rw-p 00000000 00:00 0 
7f6ce8103000-7f6ce8106000 r--p 00000000 08:05 5120678                    /lib/x86_64-linux-gnu/libnss_nis-2.31.so
7f6ce8106000-7f6ce810e000 r-xp 00003000 08:05 5120678                    /lib/x86_64-linux-gnu/libnss_nis-2.31.so
7f6ce810e000-7f6ce8110000 r--p 0000b000 08:05 5120678                    /lib/x86_64-linux-gnu/libnss_nis-2.31.so
7f6ce8110000-7f6ce8111000 r--p 0000c000 08:05 5120678                    /lib/x86_64-linux-gnu/libnss_nis-2.31.so
7f6ce8111000-7f6ce8112000 rw-p 0000d000 08:05 5120678                    /lib/x86_64-linux-gnu/libnss_nis-2.31.so
7f6ce8114000-7f6ce8115000 r--s 00000000 00:42 103                        /run/user/1000/dconf/user
7f6ce8115000-7f6ce8116000 r--p 00000000 08:05 4194943                    /usr/lib/x86_64-linux-gnu/libXau.so.6.0.0
7f6ce8116000-7f6ce8118000 r-xp 00001000 08:05 4194943                    /usr/lib/x86_64-linux-gnu/libXau.so.6.0.0
7f6ce8118000-7f6ce8119000 r--p 00003000 08:05 4194943                    /usr/lib/x86_64-linux-gnu/libXau.so.6.0.0
7f6ce8119000-7f6ce811a000 r--p 00003000 08:05 4194943                    /usr/lib/x86_64-linux-gnu/libXau.so.6.0.0
7f6ce811a000-7f6ce811b000 rw-p 00004000 08:05 4194943                    /usr/lib/x86_64-linux-gnu/libXau.so.6.0.0
7f6ce811b000-7f6ce8120000 rw-p 00000000 00:00 0 
7f6ce8120000-7f6ce8127000 ---p 00000000 00:00 0 
7f6ce8127000-7f6ce8129000 r--s 0000c000 08:05 4592162                    /usr/share/java/java-atk-wrapper.jar
7f6ce8129000-7f6ce812b000 r--p 00000000 08:05 4207257                    /usr/lib/jvm/java-13-openjdk-amd64/lib/libzip.so
7f6ce812b000-7f6ce812f000 r-xp 00002000 08:05 4207257                    /usr/lib/jvm/java-13-openjdk-amd64/lib/libzip.so
7f6ce812f000-7f6ce8131000 r--p 00006000 08:05 4207257                    /usr/lib/jvm/java-13-openjdk-amd64/lib/libzip.so
7f6ce8131000-7f6ce8132000 r--p 00007000 08:05 4207257                    /usr/lib/jvm/java-13-openjdk-amd64/lib/libzip.so
7f6ce8132000-7f6ce8133000 rw-p 00008000 08:05 4207257                    /usr/lib/jvm/java-13-openjdk-amd64/lib/libzip.so
7f6ce8133000-7f6ce813b000 rw-s 00000000 08:05 8915141                    /tmp/hsperfdata_miguel/40654
7f6ce813b000-7f6ce8148000 r--p 00000000 08:05 4206050                    /usr/lib/jvm/java-13-openjdk-amd64/lib/libjava.so
7f6ce8148000-7f6ce815d000 r-xp 0000d000 08:05 4206050                    /usr/lib/jvm/java-13-openjdk-amd64/lib/libjava.so
7f6ce815d000-7f6ce8163000 r--p 00022000 08:05 4206050                    /usr/lib/jvm/java-13-openjdk-amd64/lib/libjava.so
7f6ce8163000-7f6ce8164000 ---p 00028000 08:05 4206050                    /usr/lib/jvm/java-13-openjdk-amd64/lib/libjava.so
7f6ce8164000-7f6ce8165000 r--p 00028000 08:05 4206050                    /usr/lib/jvm/java-13-openjdk-amd64/lib/libjava.so
7f6ce8165000-7f6ce8167000 rw-p 00029000 08:05 4206050                    /usr/lib/jvm/java-13-openjdk-amd64/lib/libjava.so
7f6ce8167000-7f6ce816b000 ---p 00000000 00:00 0 
7f6ce816b000-7f6ce8268000 rw-p 00000000 00:00 0 
7f6ce8268000-7f6ce826b000 r--p 00000000 08:05 5112281                    /lib/x86_64-linux-gnu/libgcc_s.so.1
7f6ce826b000-7f6ce827d000 r-xp 00003000 08:05 5112281                    /lib/x86_64-linux-gnu/libgcc_s.so.1
7f6ce827d000-7f6ce8281000 r--p 00015000 08:05 5112281                    /lib/x86_64-linux-gnu/libgcc_s.so.1
7f6ce8281000-7f6ce8282000 r--p 00018000 08:05 5112281                    /lib/x86_64-linux-gnu/libgcc_s.so.1
7f6ce8282000-7f6ce8283000 rw-p 00019000 08:05 5112281                    /lib/x86_64-linux-gnu/libgcc_s.so.1
7f6ce8283000-7f6ce8292000 r--p 00000000 08:05 5120670                    /lib/x86_64-linux-gnu/libm-2.31.so
7f6ce8292000-7f6ce8339000 r-xp 0000f000 08:05 5120670                    /lib/x86_64-linux-gnu/libm-2.31.so
7f6ce8339000-7f6ce83d0000 r--p 000b6000 08:05 5120670                    /lib/x86_64-linux-gnu/libm-2.31.so
7f6ce83d0000-7f6ce83d1000 r--p 0014c000 08:05 5120670                    /lib/x86_64-linux-gnu/libm-2.31.so
7f6ce83d1000-7f6ce83d2000 rw-p 0014d000 08:05 5120670                    /lib/x86_64-linux-gnu/libm-2.31.so
7f6ce83d2000-7f6ce8468000 r--p 00000000 08:05 4195001                    /usr/lib/x86_64-linux-gnu/libstdc++.so.6.0.28
7f6ce8468000-7f6ce8559000 r-xp 00096000 08:05 4195001                    /usr/lib/x86_64-linux-gnu/libstdc++.so.6.0.28
7f6ce8559000-7f6ce85a2000 r--p 00187000 08:05 4195001                    /usr/lib/x86_64-linux-gnu/libstdc++.so.6.0.28
7f6ce85a2000-7f6ce85a3000 ---p 001d0000 08:05 4195001                    /usr/lib/x86_64-linux-gnu/libstdc++.so.6.0.28
7f6ce85a3000-7f6ce85ae000 r--p 001d0000 08:05 4195001                    /usr/lib/x86_64-linux-gnu/libstdc++.so.6.0.28
7f6ce85ae000-7f6ce85b1000 rw-p 001db000 08:05 4195001                    /usr/lib/x86_64-linux-gnu/libstdc++.so.6.0.28
7f6ce85b1000-7f6ce85b4000 rw-p 00000000 00:00 0 
7f6ce85b4000-7f6ce883a000 r--p 00000000 08:05 4207263                    /usr/lib/jvm/java-13-openjdk-amd64/lib/server/libjvm.so
7f6ce883a000-7f6ce95b7000 r-xp 00286000 08:05 4207263                    /usr/lib/jvm/java-13-openjdk-amd64/lib/server/libjvm.so
7f6ce95b7000-7f6ce9832000 r--p 01003000 08:05 4207263                    /usr/lib/jvm/java-13-openjdk-amd64/lib/server/libjvm.so
7f6ce9832000-7f6ce98f7000 r--p 0127d000 08:05 4207263                    /usr/lib/jvm/java-13-openjdk-amd64/lib/server/libjvm.so
7f6ce98f7000-7f6ce9932000 rw-p 01342000 08:05 4207263                    /usr/lib/jvm/java-13-openjdk-amd64/lib/server/libjvm.so
7f6ce9932000-7f6ce99b8000 rw-p 00000000 00:00 0 
7f6ce99b8000-7f6ce99bf000 r--p 00000000 08:05 5120681                    /lib/x86_64-linux-gnu/libpthread-2.31.so
7f6ce99bf000-7f6ce99d0000 r-xp 00007000 08:05 5120681                    /lib/x86_64-linux-gnu/libpthread-2.31.so
7f6ce99d0000-7f6ce99d5000 r--p 00018000 08:05 5120681                    /lib/x86_64-linux-gnu/libpthread-2.31.so
7f6ce99d5000-7f6ce99d6000 r--p 0001c000 08:05 5120681                    /lib/x86_64-linux-gnu/libpthread-2.31.so
7f6ce99d6000-7f6ce99d7000 rw-p 0001d000 08:05 5120681                    /lib/x86_64-linux-gnu/libpthread-2.31.so
7f6ce99d7000-7f6ce99db000 rw-p 00000000 00:00 0 
7f6ce99db000-7f6ce99dc000 r--p 00000000 08:05 5120669                    /lib/x86_64-linux-gnu/libdl-2.31.so
7f6ce99dc000-7f6ce99de000 r-xp 00001000 08:05 5120669                    /lib/x86_64-linux-gnu/libdl-2.31.so
7f6ce99de000-7f6ce99df000 r--p 00003000 08:05 5120669                    /lib/x86_64-linux-gnu/libdl-2.31.so
7f6ce99df000-7f6ce99e0000 r--p 00003000 08:05 5120669                    /lib/x86_64-linux-gnu/libdl-2.31.so
7f6ce99e0000-7f6ce99e1000 rw-p 00004000 08:05 5120669                    /lib/x86_64-linux-gnu/libdl-2.31.so
7f6ce99e1000-7f6ce99e3000 r--p 00000000 08:05 5116440                    /lib/x86_64-linux-gnu/libz.so.1.2.11
7f6ce99e3000-7f6ce99f4000 r-xp 00002000 08:05 5116440                    /lib/x86_64-linux-gnu/libz.so.1.2.11
7f6ce99f4000-7f6ce99fa000 r--p 00013000 08:05 5116440                    /lib/x86_64-linux-gnu/libz.so.1.2.11
7f6ce99fa000-7f6ce99fb000 ---p 00019000 08:05 5116440                    /lib/x86_64-linux-gnu/libz.so.1.2.11
7f6ce99fb000-7f6ce99fc000 r--p 00019000 08:05 5116440                    /lib/x86_64-linux-gnu/libz.so.1.2.11
7f6ce99fc000-7f6ce99fd000 rw-p 0001a000 08:05 5116440                    /lib/x86_64-linux-gnu/libz.so.1.2.11
7f6ce99fd000-7f6ce9a22000 r--p 00000000 08:05 5120667                    /lib/x86_64-linux-gnu/libc-2.31.so
7f6ce9a22000-7f6ce9b9a000 r-xp 00025000 08:05 5120667                    /lib/x86_64-linux-gnu/libc-2.31.so
7f6ce9b9a000-7f6ce9be4000 r--p 0019d000 08:05 5120667                    /lib/x86_64-linux-gnu/libc-2.31.so
7f6ce9be4000-7f6ce9be5000 ---p 001e7000 08:05 5120667                    /lib/x86_64-linux-gnu/libc-2.31.so
7f6ce9be5000-7f6ce9be8000 r--p 001e7000 08:05 5120667                    /lib/x86_64-linux-gnu/libc-2.31.so
7f6ce9be8000-7f6ce9beb000 rw-p 001ea000 08:05 5120667                    /lib/x86_64-linux-gnu/libc-2.31.so
7f6ce9beb000-7f6ce9bef000 rw-p 00000000 00:00 0 
7f6ce9bef000-7f6ce9bf1000 r--p 00000000 08:05 5120674                    /lib/x86_64-linux-gnu/libnss_compat-2.31.so
7f6ce9bf1000-7f6ce9bf8000 r-xp 00002000 08:05 5120674                    /lib/x86_64-linux-gnu/libnss_compat-2.31.so
7f6ce9bf8000-7f6ce9bf9000 r--p 00009000 08:05 5120674                    /lib/x86_64-linux-gnu/libnss_compat-2.31.so
7f6ce9bf9000-7f6ce9bfa000 r--p 00009000 08:05 5120674                    /lib/x86_64-linux-gnu/libnss_compat-2.31.so
7f6ce9bfa000-7f6ce9bfb000 rw-p 0000a000 08:05 5120674                    /lib/x86_64-linux-gnu/libnss_compat-2.31.so
7f6ce9bfb000-7f6ce9bfc000 ---p 00000000 00:00 0 
7f6ce9bfc000-7f6ce9bfd000 r--p 00000000 00:00 0 
7f6ce9bfd000-7f6ce9bff000 r--p 00000000 08:05 4206054                    /usr/lib/jvm/java-13-openjdk-amd64/lib/libjimage.so
7f6ce9bff000-7f6ce9c02000 r-xp 00002000 08:05 4206054                    /usr/lib/jvm/java-13-openjdk-amd64/lib/libjimage.so
7f6ce9c02000-7f6ce9c03000 r--p 00005000 08:05 4206054                    /usr/lib/jvm/java-13-openjdk-amd64/lib/libjimage.so
7f6ce9c03000-7f6ce9c04000 ---p 00006000 08:05 4206054                    /usr/lib/jvm/java-13-openjdk-amd64/lib/libjimage.so
7f6ce9c04000-7f6ce9c05000 r--p 00006000 08:05 4206054                    /usr/lib/jvm/java-13-openjdk-amd64/lib/libjimage.so
7f6ce9c05000-7f6ce9c06000 rw-p 00007000 08:05 4206054                    /usr/lib/jvm/java-13-openjdk-amd64/lib/libjimage.so
7f6ce9c06000-7f6ce9c0b000 r--p 00000000 08:05 4207256                    /usr/lib/jvm/java-13-openjdk-amd64/lib/libverify.so
7f6ce9c0b000-7f6ce9c12000 r-xp 00005000 08:05 4207256                    /usr/lib/jvm/java-13-openjdk-amd64/lib/libverify.so
7f6ce9c12000-7f6ce9c14000 r--p 0000c000 08:05 4207256                    /usr/lib/jvm/java-13-openjdk-amd64/lib/libverify.so
7f6ce9c14000-7f6ce9c15000 ---p 0000e000 08:05 4207256                    /usr/lib/jvm/java-13-openjdk-amd64/lib/libverify.so
7f6ce9c15000-7f6ce9c17000 r--p 0000e000 08:05 4207256                    /usr/lib/jvm/java-13-openjdk-amd64/lib/libverify.so
7f6ce9c17000-7f6ce9c18000 rw-p 00010000 08:05 4207256                    /usr/lib/jvm/java-13-openjdk-amd64/lib/libverify.so
7f6ce9c18000-7f6ce9c1b000 r--p 00000000 08:05 4206055                    /usr/lib/jvm/java-13-openjdk-amd64/lib/libjli.so
7f6ce9c1b000-7f6ce9c25000 r-xp 00003000 08:05 4206055                    /usr/lib/jvm/java-13-openjdk-amd64/lib/libjli.so
7f6ce9c25000-7f6ce9c28000 r--p 0000d000 08:05 4206055                    /usr/lib/jvm/java-13-openjdk-amd64/lib/libjli.so
7f6ce9c28000-7f6ce9c29000 r--p 0000f000 08:05 4206055                    /usr/lib/jvm/java-13-openjdk-amd64/lib/libjli.so
7f6ce9c29000-7f6ce9c2a000 rw-p 00010000 08:05 4206055                    /usr/lib/jvm/java-13-openjdk-amd64/lib/libjli.so
7f6ce9c2a000-7f6ce9c2c000 rw-p 00000000 00:00 0 
7f6ce9c2c000-7f6ce9c2d000 r--p 00000000 08:05 5118249                    /lib/x86_64-linux-gnu/ld-2.31.so
7f6ce9c2d000-7f6ce9c50000 r-xp 00001000 08:05 5118249                    /lib/x86_64-linux-gnu/ld-2.31.so
7f6ce9c50000-7f6ce9c58000 r--p 00024000 08:05 5118249                    /lib/x86_64-linux-gnu/ld-2.31.so
7f6ce9c58000-7f6ce9c59000 ---p 00000000 00:00 0 
7f6ce9c59000-7f6ce9c5a000 r--p 0002c000 08:05 5118249                    /lib/x86_64-linux-gnu/ld-2.31.so
7f6ce9c5a000-7f6ce9c5b000 rw-p 0002d000 08:05 5118249                    /lib/x86_64-linux-gnu/ld-2.31.so
7f6ce9c5b000-7f6ce9c5c000 rw-p 00000000 00:00 0 
7ffc42a0c000-7ffc42a2d000 rw-p 00000000 00:00 0                          [stack]
7ffc42b42000-7ffc42b45000 r--p 00000000 00:00 0                          [vvar]
7ffc42b45000-7ffc42b46000 r-xp 00000000 00:00 0                          [vdso]
ffffffffff600000-ffffffffff601000 --xp 00000000 00:00 0                  [vsyscall]


VM Arguments:
java_command: devs.mrp.turkeydesktop.Runner
java_class_path (initial): /home/miguel/NetBeansProjects/TurkeyDesktop/target/classes:/home/miguel/.m2/repository/net/java/dev/jna/jna/5.9.0/jna-5.9.0.jar:/home/miguel/.m2/repository/net/java/dev/jna/jna-platform/5.9.0/jna-platform-5.9.0.jar:/home/miguel/.m2/repository/io/github/kingpulse/xdotool-java/1.1/xdotool-java-1.1.jar
Launcher Type: SUN_STANDARD

[Global flags]
     intx CICompilerCount                          = 3                                         {product} {ergonomic}
     uint ConcGCThreads                            = 1                                         {product} {ergonomic}
     uint G1ConcRefinementThreads                  = 4                                         {product} {ergonomic}
   size_t G1HeapRegionSize                         = 1048576                                   {product} {ergonomic}
    uintx GCDrainStackTargetSize                   = 64                                        {product} {ergonomic}
   size_t InitialHeapSize                          = 127926272                                 {product} {ergonomic}
   size_t MarkStackSize                            = 4194304                                   {product} {ergonomic}
   size_t MaxHeapSize                              = 2030043136                                {product} {ergonomic}
   size_t MaxNewSize                               = 1217396736                                {product} {ergonomic}
   size_t MinHeapDeltaBytes                        = 1048576                                   {product} {ergonomic}
   size_t MinHeapSize                              = 8388608                                   {product} {ergonomic}
    uintx NonNMethodCodeHeapSize                   = 5832780                                {pd product} {ergonomic}
    uintx NonProfiledCodeHeapSize                  = 122912730                              {pd product} {ergonomic}
    uintx ProfiledCodeHeapSize                     = 122912730                              {pd product} {ergonomic}
    uintx ReservedCodeCacheSize                    = 251658240                              {pd product} {ergonomic}
     bool SegmentedCodeCache                       = true                                      {product} {ergonomic}
   size_t SoftMaxHeapSize                          = 2030043136                             {manageable} {ergonomic}
     bool UseCompressedClassPointers               = true                                 {lp64_product} {ergonomic}
     bool UseCompressedOops                        = true                                 {lp64_product} {ergonomic}
     bool UseG1GC                                  = true                                      {product} {ergonomic}

Logging:
Log output configuration:
 #0: stdout all=warning uptime,level,tags
 #1: stderr all=off uptime,level,tags

Environment Variables:
JAVA_HOME=/usr/lib/jvm/java-13-openjdk-amd64
PATH=/home/miguel/.cargo/bin:/home/miguel/.local/bin:/usr/local/sbin:/usr/local/bin:/usr/sbin:/usr/bin:/sbin:/bin:/usr/games:/usr/local/games:/snap/bin
USERNAME=miguel
SHELL=/bin/bash
DISPLAY=:1

Signal Handlers:
SIGSEGV: [libjvm.so+0xf8fcf0], sa_mask[0]=11111111011111111101111111111110, sa_flags=SA_RESTART|SA_SIGINFO
SIGBUS: [libjvm.so+0xf8fcf0], sa_mask[0]=11111111011111111101111111111110, sa_flags=SA_RESTART|SA_SIGINFO
SIGFPE: [libjvm.so+0xf8fcf0], sa_mask[0]=11111111011111111101111111111110, sa_flags=SA_RESTART|SA_SIGINFO
SIGPIPE: SIG_IGN, sa_mask[0]=00000000000010000000000000000000, sa_flags=SA_RESTART
SIGXFSZ: [libjvm.so+0xc3ffa0], sa_mask[0]=11111111011111111101111111111110, sa_flags=SA_RESTART|SA_SIGINFO
SIGILL: [libjvm.so+0xf8fcf0], sa_mask[0]=11111111011111111101111111111110, sa_flags=SA_RESTART|SA_SIGINFO
SIGUSR2: [libjvm.so+0xc3fe40], sa_mask[0]=00100000000000000000000000000000, sa_flags=SA_RESTART|SA_SIGINFO
SIGHUP: [libjvm.so+0xc40580], sa_mask[0]=11111111011111111101111111111110, sa_flags=SA_RESTART|SA_SIGINFO
SIGINT: SIG_IGN, sa_mask[0]=00000000000000000000000000000000, sa_flags=none
SIGTERM: [libjvm.so+0xc40580], sa_mask[0]=11111111011111111101111111111110, sa_flags=SA_RESTART|SA_SIGINFO
SIGQUIT: [libjvm.so+0xc40580], sa_mask[0]=11111111011111111101111111111110, sa_flags=SA_RESTART|SA_SIGINFO


---------------  S Y S T E M  ---------------

OS:DISTRIB_ID=Ubuntu
DISTRIB_RELEASE=20.04
DISTRIB_CODENAME=focal
DISTRIB_DESCRIPTION="Ubuntu 20.04.3 LTS"
uname:Linux 5.4.0-90-generic #101-Ubuntu SMP Fri Oct 15 20:00:55 UTC 2021 x86_64
OS uptime: 0 days 4:47 hours
libc:glibc 2.31 NPTL 2.31 
rlimit (soft/hard): STACK 8192k/infinity , CORE 0k/infinity , NPROC 30718/30718 , NOFILE 1048576/1048576 , AS infinity/infinity , CPU infinity/infinity , DATA infinity/infinity , FSIZE infinity/infinity , MEMLOCK 65536k/65536k
load average:1,72 1,32 1,28

/proc/meminfo:
MemTotal:        7922788 kB
MemFree:          165040 kB
MemAvailable:    1843732 kB
Buffers:          439048 kB
Cached:          1338096 kB
SwapCached:         6564 kB
Active:          5271976 kB
Inactive:        1704036 kB
Active(anon):    4339156 kB
Inactive(anon):   916024 kB
Active(file):     932820 kB
Inactive(file):   788012 kB
Unevictable:         692 kB
Mlocked:              96 kB
SwapTotal:      10239996 kB
SwapFree:       10151164 kB
Dirty:               572 kB
Writeback:             0 kB
AnonPages:       5185376 kB
Mapped:           739804 kB
Shmem:             57908 kB
KReclaimable:     264088 kB
Slab:             525072 kB
SReclaimable:     264088 kB
SUnreclaim:       260984 kB
KernelStack:       22928 kB
PageTables:        46592 kB
NFS_Unstable:          0 kB
Bounce:                0 kB
WritebackTmp:          0 kB
CommitLimit:    14201388 kB
Committed_AS:   12676688 kB
VmallocTotal:   34359738367 kB
VmallocUsed:       70636 kB
VmallocChunk:          0 kB
Percpu:            25600 kB
HardwareCorrupted:     0 kB
AnonHugePages:      6144 kB
ShmemHugePages:        0 kB
ShmemPmdMapped:        0 kB
FileHugePages:         0 kB
FilePmdMapped:         0 kB
CmaTotal:              0 kB
CmaFree:               0 kB
HugePages_Total:       0
HugePages_Free:        0
HugePages_Rsvd:        0
HugePages_Surp:        0
Hugepagesize:       2048 kB
Hugetlb:               0 kB
DirectMap4k:      795080 kB
DirectMap2M:     7364608 kB

/sys/kernel/mm/transparent_hugepage/enabled:
always [madvise] never

/sys/kernel/mm/transparent_hugepage/defrag (defrag/compaction efforts parameter):
always defer defer+madvise [madvise] never


/proc/sys/kernel/threads-max (system-wide limit on the number of threads):
61437


/proc/sys/vm/max_map_count (maximum number of memory map areas a process may have):
65530


/proc/sys/kernel/pid_max (system-wide limit on number of process identifiers):
4194304



/etc/ld.so.preload:

container (cgroup) information:
container_type: cgroupv1
cpu_cpuset_cpus: 0-3
cpu_memory_nodes: 0
active_processor_count: 4
cpu_quota: no quota
cpu_period: 100000
cpu_shares: no shares
memory_limit_in_bytes: unlimited
memory_and_swap_limit_in_bytes: not supported
memory_soft_limit_in_bytes: unlimited
memory_usage_in_bytes: 6044303360
memory_max_usage_in_bytes: 6092386304

Steal ticks since vm start: 0
Steal ticks percentage since vm start:  0,000

CPU:total 4 (initial active 4) (2 cores per cpu, 2 threads per core) family 6 model 42 stepping 7, cmov, cx8, fxsr, mmx, sse, sse2, sse3, ssse3, sse4.1, sse4.2, popcnt, avx, aes, clmul, ht, tsc, tscinvbit
CPU Model and flags from /proc/cpuinfo:
model name	: Intel(R) Core(TM) i5-2450M CPU @ 2.50GHz
flags		: fpu vme de pse tsc msr pae mce cx8 apic sep mtrr pge mca cmov pat pse36 clflush dts acpi mmx fxsr sse sse2 ht tm pbe syscall nx rdtscp lm constant_tsc arch_perfmon pebs bts rep_good nopl xtopology nonstop_tsc cpuid aperfmperf pni pclmulqdq dtes64 monitor ds_cpl vmx est tm2 ssse3 cx16 xtpr pdcm pcid sse4_1 sse4_2 x2apic popcnt tsc_deadline_timer aes xsave avx lahf_lm epb pti ssbd ibrs ibpb stibp tpr_shadow vnmi flexpriority ept vpid xsaveopt dtherm ida arat pln pts md_clear flush_l1d
Online cpus:0-3
Offline cpus:4-15
BIOS frequency limitation:<Not Available>
Frequency switch latency (ns):0
Available cpu frequencies:<Not Available>
Current governor:powersave
Core performance/turbo boost:<Not Available>

Memory: 4k page, physical 7922788k(165040k free), swap 10239996k(10151164k free)

vm_info: OpenJDK 64-Bit Server VM (13.0.7+5-Ubuntu-0ubuntu120.04) for linux-amd64 JRE (13.0.7+5-Ubuntu-0ubuntu120.04), built on Apr 21 2021 05:36:19 by "unknown" with gcc 9.3.0

END.
