#
# A fatal error has been detected by the Java Runtime Environment:
#
#  SIGSEGV (0xb) at pc=0x00007f9024538b44, pid=30022, tid=30049
#
# JRE version: OpenJDK Runtime Environment (13.0.7+5) (build 13.0.7+5-Ubuntu-0ubuntu120.04)
# Java VM: OpenJDK 64-Bit Server VM (13.0.7+5-Ubuntu-0ubuntu120.04, mixed mode, tiered, compressed oops, g1 gc, linux-amd64)
# Problematic frame:
# C  [libX11.so.6+0x23b44]  XGetInputFocus+0x64
#
# Core dump will be written. Default location: Core dumps may be processed with "/usr/share/apport/apport %p %s %c %d %P %E" (or dumping to /home/miguel/NetBeansProjects/TurkeyDesktop/core.30022)
#
# If you would like to submit a bug report, please visit:
#   Unknown
# The crash happened outside the Java Virtual Machine in native code.
# See problematic frame for where to report the bug.
#

---------------  S U M M A R Y ------------

Command Line: devs.mrp.turkeydesktop.Runner

Host: Intel(R) Core(TM) i5-2450M CPU @ 2.50GHz, 4 cores, 7G, Ubuntu 20.04.3 LTS
Time: Mon Nov  8 21:45:10 2021 CET elapsed time: 4.255745 seconds (0d 0h 0m 4s)

---------------  T H R E A D  ---------------

Current thread (0x00007f905043a000):  JavaThread "AWT-EventQueue-0" [_thread_in_native, id=30049, stack(0x00007f8ff59e2000,0x00007f8ff5ae3000)]

Stack: [0x00007f8ff59e2000,0x00007f8ff5ae3000],  sp=0x00007f8ff5adff50,  free space=1015k
Native frames: (J=compiled Java code, A=aot compiled Java code, j=interpreted, Vv=VM code, C=native code)
C  [libX11.so.6+0x23b44]  XGetInputFocus+0x64

Java frames: (J=compiled Java code, j=interpreted, Vv=VM code)
j  com.sun.jna.Native.invokeInt(Lcom/sun/jna/Function;JI[Ljava/lang/Object;)I+0
j  com.sun.jna.Function.invoke([Ljava/lang/Object;Ljava/lang/Class;ZI)Ljava/lang/Object;+211
j  com.sun.jna.Function.invoke(Ljava/lang/reflect/Method;[Ljava/lang/Class;Ljava/lang/Class;[Ljava/lang/Object;Ljava/util/Map;)Ljava/lang/Object;+271
j  com.sun.jna.Library$Handler.invoke(Ljava/lang/Object;Ljava/lang/reflect/Method;[Ljava/lang/Object;)Ljava/lang/Object;+390
j  com.sun.proxy.$Proxy1.XGetInputFocus(Lcom/sun/jna/platform/unix/X11$Display;Lcom/sun/jna/platform/unix/X11$WindowByReference;I)I+27
j  devs.mrp.turkeydesktop.service.processchecker.CheckerChainHandlerLinux.handle(Ldevs/mrp/turkeydesktop/common/Dupla;)V+59
j  devs.mrp.turkeydesktop.service.processchecker.CheckerChainHandlerLinux.handle(Ljava/lang/Object;)V+5
j  devs.mrp.turkeydesktop.common.ChainHandler.receiveRequest(Ljava/lang/String;Ljava/lang/Object;)V+27
j  devs.mrp.turkeydesktop.service.processchecker.ProcessChecker.currentProcessName()Ljava/lang/String;+10
j  devs.mrp.turkeydesktop.service.watchdog.WatchDog.doLoopedStuff()V+57
j  devs.mrp.turkeydesktop.service.watchdog.WatchDog$1.process(Ljava/util/List;)V+4
j  javax.swing.SwingWorker$3.run(Ljava/util/List;)V+5 java.desktop@13.0.7
j  sun.swing.AccumulativeRunnable.run()V+5 java.desktop@13.0.7
j  javax.swing.SwingWorker$DoSubmitAccumulativeRunnable.run(Ljava/util/List;)V+27 java.desktop@13.0.7
j  sun.swing.AccumulativeRunnable.run()V+5 java.desktop@13.0.7
j  javax.swing.SwingWorker$DoSubmitAccumulativeRunnable.actionPerformed(Ljava/awt/event/ActionEvent;)V+1 java.desktop@13.0.7
j  javax.swing.Timer.fireActionPerformed(Ljava/awt/event/ActionEvent;)V+34 java.desktop@13.0.7
j  javax.swing.Timer$DoPostEvent.run()V+61 java.desktop@13.0.7
j  java.awt.event.InvocationEvent.dispatch()V+47 java.desktop@13.0.7
j  java.awt.EventQueue.dispatchEventImpl(Ljava/awt/AWTEvent;Ljava/lang/Object;)V+21 java.desktop@13.0.7
j  java.awt.EventQueue$4.run()Ljava/lang/Void;+32 java.desktop@13.0.7
j  java.awt.EventQueue$4.run()Ljava/lang/Object;+1 java.desktop@13.0.7
J 621 c1 java.security.AccessController.executePrivileged(Ljava/security/PrivilegedAction;Ljava/security/AccessControlContext;Ljava/lang/Class;)Ljava/lang/Object; java.base@13.0.7 (65 bytes) @ 0x00007f9038df7c94 [0x00007f9038df7b40+0x0000000000000154]
j  java.security.AccessController.doPrivileged(Ljava/security/PrivilegedAction;Ljava/security/AccessControlContext;)Ljava/lang/Object;+13 java.base@13.0.7
j  java.security.ProtectionDomain$JavaSecurityAccessImpl.doIntersectionPrivilege(Ljava/security/PrivilegedAction;Ljava/security/AccessControlContext;Ljava/security/AccessControlContext;)Ljava/lang/Object;+18 java.base@13.0.7
j  java.awt.EventQueue.dispatchEvent(Ljava/awt/AWTEvent;)V+46 java.desktop@13.0.7
j  java.awt.EventDispatchThread.pumpOneEventForFilters(I)V+78 java.desktop@13.0.7
j  java.awt.EventDispatchThread.pumpEventsForFilter(ILjava/awt/Conditional;Ljava/awt/EventFilter;)V+35 java.desktop@13.0.7
j  java.awt.EventDispatchThread.pumpEventsForHierarchy(ILjava/awt/Conditional;Ljava/awt/Component;)V+11 java.desktop@13.0.7
j  java.awt.EventDispatchThread.pumpEvents(ILjava/awt/Conditional;)V+4 java.desktop@13.0.7
j  java.awt.EventDispatchThread.pumpEvents(Ljava/awt/Conditional;)V+3 java.desktop@13.0.7
j  java.awt.EventDispatchThread.run()V+9 java.desktop@13.0.7
v  ~StubRoutines::call_stub

siginfo: si_signo: 11 (SIGSEGV), si_code: 1 (SEGV_MAPERR), si_addr: 0x0000000000000002

Register to memory mapping:

RAX=0x0000000000000001 is an unknown value
RBX=0x0000000000000002 is an unknown value
RCX=0x0 is NULL
RDX=0x0 is NULL
RSP=0x00007f8ff5adff50 is pointing into the stack for thread: 0x00007f905043a000
RBP=0x00007f8fd8112830 points into unknown readable memory: 00 00 00 00 00 00 00 00
RSI=0x00007f8fd8128b00 points into unknown readable memory: 00 00 00 00 00 00 00 00
RDI=0x00007f8fd80008d2 points into unknown readable memory: 01 00 02 00 01 00
R8 =0x0 is NULL
R9 =0x0000000000000001 is an unknown value
R10=0x00007f8fd80008d0 points into unknown readable memory: 01 00 01 00 02 00 01 00
R11=0x00007f8fd8000080 points into unknown readable memory: 10 43 15 d8 8f 7f 00 00
R12=0x00007f8fd810cda0 points into unknown readable memory: 1f 00 80 03 00 00 00 00
R13=0x0000000000000004 is an unknown value
R14=0x0000000000000003 is an unknown value
R15=0x00007f8ff5ae00c0 is pointing into the stack for thread: 0x00007f905043a000


Registers:
RAX=0x0000000000000001, RBX=0x0000000000000002, RCX=0x0000000000000000, RDX=0x0000000000000000
RSP=0x00007f8ff5adff50, RBP=0x00007f8fd8112830, RSI=0x00007f8fd8128b00, RDI=0x00007f8fd80008d2
R8 =0x0000000000000000, R9 =0x0000000000000001, R10=0x00007f8fd80008d0, R11=0x00007f8fd8000080
R12=0x00007f8fd810cda0, R13=0x0000000000000004, R14=0x0000000000000003, R15=0x00007f8ff5ae00c0
RIP=0x00007f9024538b44, EFLAGS=0x0000000000010206, CSGSFS=0x002b000000000033, ERR=0x0000000000000006
  TRAPNO=0x000000000000000e

Top of Stack: (sp=0x00007f8ff5adff50)
0x00007f8ff5adff50:   0000000000070101 000000000380001f
0x00007f8ff5adff60:   0000000000000000 0000000000000000
0x00007f8ff5adff70:   00007f8fd80a7750 a0355ad898ba1b00
0x00007f8ff5adff80:   0000000000000018 00007f8ff5adffa0 

Instructions: (pc=0x00007f9024538b44)
0x00007f9024538a44:   63 ff 48 0f 44 f8 e8 41 53 ff ff 48 89 03 49 89
0x00007f9024538a54:   c6 48 85 c0 74 7b 48 89 ee 48 89 c7 e8 0b 4f ff
0x00007f9024538a64:   ff 49 63 c5 48 3b 44 24 10 75 07 41 83 ed 01 49
0x00007f9024538a74:   63 c5 4c 8d 6c 05 01 4c 89 ef e8 1d 50 ff ff 8d
0x00007f9024538a84:   78 01 83 f8 ff b8 01 00 00 00 48 63 ff 48 0f 44
0x00007f9024538a94:   f8 e8 f6 52 ff ff 48 89 43 08 48 89 c7 48 85 c0
0x00007f9024538aa4:   74 20 4c 89 ee 41 bc 01 00 00 00 e8 bc 4e ff ff
0x00007f9024538ab4:   48 89 ef e8 14 4e ff ff e9 4a ff ff ff e8 fa 4f
0x00007f9024538ac4:   ff ff 4c 89 f7 e8 02 4e ff ff 48 c7 03 00 00 00
0x00007f9024538ad4:   00 48 89 ef e9 29 ff ff ff 0f 1f 00 f3 0f 1e fa
0x00007f9024538ae4:   41 54 49 89 f4 55 48 89 fd 53 48 89 d3 48 83 ec
0x00007f9024538af4:   30 64 48 8b 04 25 28 00 00 00 48 89 44 24 28 31
0x00007f9024538b04:   c0 48 8b 87 68 09 00 00 48 85 c0 74 02 ff 10 ba
0x00007f9024538b14:   04 00 00 00 be 2b 00 00 00 48 89 ef e8 5b de 01
0x00007f9024538b24:   00 48 89 e6 b9 01 00 00 00 31 d2 48 89 ef e8 a9
0x00007f9024538b34:   b2 01 00 8b 44 24 08 49 89 04 24 0f b6 44 24 01
0x00007f9024538b44:   89 03 48 8b 85 68 09 00 00 48 85 c0 74 06 48 89
0x00007f9024538b54:   ef ff 50 08 48 8b 85 d0 00 00 00 48 85 c0 74 05
0x00007f9024538b64:   48 89 ef ff d0 48 8b 44 24 28 64 48 33 04 25 28
0x00007f9024538b74:   00 00 00 75 0e 48 83 c4 30 b8 01 00 00 00 5b 5d
0x00007f9024538b84:   41 5c c3 e8 34 4f ff ff 0f 1f 40 00 f3 0f 1e fa
0x00007f9024538b94:   41 57 49 89 ff 41 56 49 89 f6 41 55 41 89 d5 41
0x00007f9024538ba4:   54 41 89 cc 55 44 89 cd 53 44 89 c3 48 83 ec 48
0x00007f9024538bb4:   64 48 8b 04 25 28 00 00 00 48 89 44 24 38 31 c0
0x00007f9024538bc4:   48 8b 87 68 09 00 00 48 85 c0 74 02 ff 10 ba 14
0x00007f9024538bd4:   00 00 00 be 49 00 00 00 4c 89 ff e8 9c dd 01 00
0x00007f9024538be4:   31 d2 48 8d 74 24 10 4c 89 ff 8b 8c 24 80 00 00
0x00007f9024538bf4:   00 44 89 70 04 66 44 89 68 08 89 48 10 0f b6 8c
0x00007f9024538c04:   24 88 00 00 00 66 44 89 60 0a 88 48 01 31 c9 66
0x00007f9024538c14:   89 58 0c 66 89 68 0e e8 c0 b1 01 00 85 c0 0f 84
0x00007f9024538c24:   08 02 00 00 8b 44 24 14 85 c0 0f 84 fc 01 00 00
0x00007f9024538c34:   41 89 c5 3d fe ff ff 1f 0f 87 af 56 ff ff 4e 8d 


Stack slot to memory mapping:
stack at sp + 0 slots: 0x0000000000070101 is an unknown value
stack at sp + 1 slots: 0x000000000380001f is an unknown value
stack at sp + 2 slots: 0x0 is NULL
stack at sp + 3 slots: 0x0 is NULL
stack at sp + 4 slots: 0x00007f8fd80a7750 points into unknown readable memory: 00 c0 eb f4 8f 7f 00 00
stack at sp + 5 slots: 0xa0355ad898ba1b00 is an unknown value
stack at sp + 6 slots: 0x0000000000000018 is an unknown value
stack at sp + 7 slots: 0x00007f8ff5adffa0 is pointing into the stack for thread: 0x00007f905043a000


---------------  P R O C E S S  ---------------

Threads class SMR info:
_java_thread_list=0x00007f8fd80d2e40, length=17, elements={
0x00007f9050162000, 0x00007f9050165800, 0x00007f905018a800, 0x00007f905018c800,
0x00007f905018e800, 0x00007f9050190800, 0x00007f9050192800, 0x00007f905021a000,
0x00007f90503a9800, 0x00007f90503da800, 0x00007f9050438800, 0x00007f905043a000,
0x00007f905043f000, 0x00007f90504cf800, 0x00007f9050019800, 0x00007f8fd0002800,
0x00007f8fd80d1800
}

Java Threads: ( => current thread )
  0x00007f9050162000 JavaThread "Reference Handler" daemon [_thread_blocked, id=30034, stack(0x00007f9034324000,0x00007f9034425000)]
  0x00007f9050165800 JavaThread "Finalizer" daemon [_thread_blocked, id=30035, stack(0x00007f9034223000,0x00007f9034324000)]
  0x00007f905018a800 JavaThread "Signal Dispatcher" daemon [_thread_blocked, id=30036, stack(0x00007f9034122000,0x00007f9034223000)]
  0x00007f905018c800 JavaThread "Service Thread" daemon [_thread_blocked, id=30037, stack(0x00007f9034021000,0x00007f9034122000)]
  0x00007f905018e800 JavaThread "C2 CompilerThread0" daemon [_thread_in_native, id=30038, stack(0x00007f9024c00000,0x00007f9024d01000)]
  0x00007f9050190800 JavaThread "C1 CompilerThread0" daemon [_thread_blocked, id=30039, stack(0x00007f9024aff000,0x00007f9024c00000)]
  0x00007f9050192800 JavaThread "Sweeper thread" daemon [_thread_blocked, id=30040, stack(0x00007f90249fe000,0x00007f9024aff000)]
  0x00007f905021a000 JavaThread "Common-Cleaner" daemon [_thread_blocked, id=30042, stack(0x00007f90247fb000,0x00007f90248fc000)]
  0x00007f90503a9800 JavaThread "Java2D Disposer" daemon [_thread_blocked, id=30046, stack(0x00007f8ff5d1b000,0x00007f8ff5e1c000)]
  0x00007f90503da800 JavaThread "AWT-XAWT" daemon [_thread_in_native, id=30047, stack(0x00007f8ff5be4000,0x00007f8ff5ce5000)]
  0x00007f9050438800 JavaThread "AWT-Shutdown" [_thread_blocked, id=30048, stack(0x00007f8ff5ae3000,0x00007f8ff5be4000)]
=>0x00007f905043a000 JavaThread "AWT-EventQueue-0" [_thread_in_native, id=30049, stack(0x00007f8ff59e2000,0x00007f8ff5ae3000)]
  0x00007f905043f000 JavaThread "Image Fetcher 0" daemon [_thread_blocked, id=30050, stack(0x00007f8ff56e1000,0x00007f8ff57e2000)]
  0x00007f90504cf800 JavaThread "SwingWorker-pool-1-thread-1" daemon [_thread_blocked, id=30054, stack(0x00007f8ff51d7000,0x00007f8ff52d8000)]
  0x00007f9050019800 JavaThread "DestroyJavaVM" [_thread_blocked, id=30023, stack(0x00007f90556ad000,0x00007f90557ae000)]
  0x00007f8fd0002800 JavaThread "TimerQueue" daemon [_thread_blocked, id=30055, stack(0x00007f8ff50d6000,0x00007f8ff51d7000)]
  0x00007f8fd80d1800 JavaThread "process reaper" daemon [_thread_blocked, id=30057, stack(0x00007f8ff5cf9000,0x00007f8ff5d1b000)]

Other Threads:
  0x00007f9050156000 VMThread "VM Thread" [stack: 0x00007f9034427000,0x00007f9034527000] [id=30033]
  0x00007f905020d800 WatcherThread [stack: 0x00007f90248fe000,0x00007f90249fe000] [id=30041]
  0x00007f905005a000 GCTaskThread "GC Thread#0" [stack: 0x00007f90543a5000,0x00007f90544a5000] [id=30024]
  0x00007f905006b800 ConcurrentGCThread "G1 Main Marker" [stack: 0x00007f90542a3000,0x00007f90543a3000] [id=30025]
  0x00007f905006d000 ConcurrentGCThread "G1 Conc#0" [stack: 0x00007f90541a1000,0x00007f90542a1000] [id=30026]
  0x00007f90500e4800 ConcurrentGCThread "G1 Refine#0" [stack: 0x00007f9034707000,0x00007f9034807000] [id=30027]
  0x00007f90500e6000 ConcurrentGCThread "G1 Young RemSet Sampling" [stack: 0x00007f9034605000,0x00007f9034705000] [id=30028]

Threads with active compile tasks:
C2 CompilerThread0     4264  992       4       java.lang.reflect.ProxyGenerator$ConstantPool::getValue (87 bytes)

VM state:not at safepoint (normal execution)

VM Mutex/Monitor currently owned by a thread: None

Heap address: 0x0000000087000000, size: 1936 MB, Compressed Oops mode: 32-bit
Narrow klass base: 0x0000000000000000, Narrow klass shift: 3
Compressed class space size: 1073741824 Address: 0x0000000100000000

Heap:
 garbage-first heap   total 124928K, used 11264K [0x0000000087000000, 0x0000000100000000)
  region size 1024K, 12 young (12288K), 0 survivors (0K)
 Metaspace       used 19098K, capacity 19497K, committed 19840K, reserved 1067008K
  class space    used 1962K, capacity 2099K, committed 2176K, reserved 1048576K
Heap Regions: E=young(eden), S=young(survivor), O=old, HS=humongous(starts), HC=humongous(continues), CS=collection set, F=free, A=archive, TAMS=top-at-mark-start (previous, next)
|   0|0x0000000087000000, 0x0000000087000000, 0x0000000087100000|  0%| F|  |TAMS 0x0000000087000000, 0x0000000087000000| Untracked 
|   1|0x0000000087100000, 0x0000000087100000, 0x0000000087200000|  0%| F|  |TAMS 0x0000000087100000, 0x0000000087100000| Untracked 
|   2|0x0000000087200000, 0x0000000087200000, 0x0000000087300000|  0%| F|  |TAMS 0x0000000087200000, 0x0000000087200000| Untracked 
|   3|0x0000000087300000, 0x0000000087300000, 0x0000000087400000|  0%| F|  |TAMS 0x0000000087300000, 0x0000000087300000| Untracked 
|   4|0x0000000087400000, 0x0000000087400000, 0x0000000087500000|  0%| F|  |TAMS 0x0000000087400000, 0x0000000087400000| Untracked 
|   5|0x0000000087500000, 0x0000000087500000, 0x0000000087600000|  0%| F|  |TAMS 0x0000000087500000, 0x0000000087500000| Untracked 
|   6|0x0000000087600000, 0x0000000087600000, 0x0000000087700000|  0%| F|  |TAMS 0x0000000087600000, 0x0000000087600000| Untracked 
|   7|0x0000000087700000, 0x0000000087700000, 0x0000000087800000|  0%| F|  |TAMS 0x0000000087700000, 0x0000000087700000| Untracked 
|   8|0x0000000087800000, 0x0000000087800000, 0x0000000087900000|  0%| F|  |TAMS 0x0000000087800000, 0x0000000087800000| Untracked 
|   9|0x0000000087900000, 0x0000000087900000, 0x0000000087a00000|  0%| F|  |TAMS 0x0000000087900000, 0x0000000087900000| Untracked 
|  10|0x0000000087a00000, 0x0000000087a00000, 0x0000000087b00000|  0%| F|  |TAMS 0x0000000087a00000, 0x0000000087a00000| Untracked 
|  11|0x0000000087b00000, 0x0000000087b00000, 0x0000000087c00000|  0%| F|  |TAMS 0x0000000087b00000, 0x0000000087b00000| Untracked 
|  12|0x0000000087c00000, 0x0000000087c00000, 0x0000000087d00000|  0%| F|  |TAMS 0x0000000087c00000, 0x0000000087c00000| Untracked 
|  13|0x0000000087d00000, 0x0000000087d00000, 0x0000000087e00000|  0%| F|  |TAMS 0x0000000087d00000, 0x0000000087d00000| Untracked 
|  14|0x0000000087e00000, 0x0000000087e00000, 0x0000000087f00000|  0%| F|  |TAMS 0x0000000087e00000, 0x0000000087e00000| Untracked 
|  15|0x0000000087f00000, 0x0000000087f00000, 0x0000000088000000|  0%| F|  |TAMS 0x0000000087f00000, 0x0000000087f00000| Untracked 
|  16|0x0000000088000000, 0x0000000088000000, 0x0000000088100000|  0%| F|  |TAMS 0x0000000088000000, 0x0000000088000000| Untracked 
|  17|0x0000000088100000, 0x0000000088100000, 0x0000000088200000|  0%| F|  |TAMS 0x0000000088100000, 0x0000000088100000| Untracked 
|  18|0x0000000088200000, 0x0000000088200000, 0x0000000088300000|  0%| F|  |TAMS 0x0000000088200000, 0x0000000088200000| Untracked 
|  19|0x0000000088300000, 0x0000000088300000, 0x0000000088400000|  0%| F|  |TAMS 0x0000000088300000, 0x0000000088300000| Untracked 
|  20|0x0000000088400000, 0x0000000088400000, 0x0000000088500000|  0%| F|  |TAMS 0x0000000088400000, 0x0000000088400000| Untracked 
|  21|0x0000000088500000, 0x0000000088500000, 0x0000000088600000|  0%| F|  |TAMS 0x0000000088500000, 0x0000000088500000| Untracked 
|  22|0x0000000088600000, 0x0000000088600000, 0x0000000088700000|  0%| F|  |TAMS 0x0000000088600000, 0x0000000088600000| Untracked 
|  23|0x0000000088700000, 0x0000000088700000, 0x0000000088800000|  0%| F|  |TAMS 0x0000000088700000, 0x0000000088700000| Untracked 
|  24|0x0000000088800000, 0x0000000088800000, 0x0000000088900000|  0%| F|  |TAMS 0x0000000088800000, 0x0000000088800000| Untracked 
|  25|0x0000000088900000, 0x0000000088900000, 0x0000000088a00000|  0%| F|  |TAMS 0x0000000088900000, 0x0000000088900000| Untracked 
|  26|0x0000000088a00000, 0x0000000088a00000, 0x0000000088b00000|  0%| F|  |TAMS 0x0000000088a00000, 0x0000000088a00000| Untracked 
|  27|0x0000000088b00000, 0x0000000088b00000, 0x0000000088c00000|  0%| F|  |TAMS 0x0000000088b00000, 0x0000000088b00000| Untracked 
|  28|0x0000000088c00000, 0x0000000088c00000, 0x0000000088d00000|  0%| F|  |TAMS 0x0000000088c00000, 0x0000000088c00000| Untracked 
|  29|0x0000000088d00000, 0x0000000088d00000, 0x0000000088e00000|  0%| F|  |TAMS 0x0000000088d00000, 0x0000000088d00000| Untracked 
|  30|0x0000000088e00000, 0x0000000088e00000, 0x0000000088f00000|  0%| F|  |TAMS 0x0000000088e00000, 0x0000000088e00000| Untracked 
|  31|0x0000000088f00000, 0x0000000088f00000, 0x0000000089000000|  0%| F|  |TAMS 0x0000000088f00000, 0x0000000088f00000| Untracked 
|  32|0x0000000089000000, 0x0000000089000000, 0x0000000089100000|  0%| F|  |TAMS 0x0000000089000000, 0x0000000089000000| Untracked 
|  33|0x0000000089100000, 0x0000000089100000, 0x0000000089200000|  0%| F|  |TAMS 0x0000000089100000, 0x0000000089100000| Untracked 
|  34|0x0000000089200000, 0x0000000089200000, 0x0000000089300000|  0%| F|  |TAMS 0x0000000089200000, 0x0000000089200000| Untracked 
|  35|0x0000000089300000, 0x0000000089300000, 0x0000000089400000|  0%| F|  |TAMS 0x0000000089300000, 0x0000000089300000| Untracked 
|  36|0x0000000089400000, 0x0000000089400000, 0x0000000089500000|  0%| F|  |TAMS 0x0000000089400000, 0x0000000089400000| Untracked 
|  37|0x0000000089500000, 0x0000000089500000, 0x0000000089600000|  0%| F|  |TAMS 0x0000000089500000, 0x0000000089500000| Untracked 
|  38|0x0000000089600000, 0x0000000089600000, 0x0000000089700000|  0%| F|  |TAMS 0x0000000089600000, 0x0000000089600000| Untracked 
|  39|0x0000000089700000, 0x0000000089700000, 0x0000000089800000|  0%| F|  |TAMS 0x0000000089700000, 0x0000000089700000| Untracked 
|  40|0x0000000089800000, 0x0000000089800000, 0x0000000089900000|  0%| F|  |TAMS 0x0000000089800000, 0x0000000089800000| Untracked 
|  41|0x0000000089900000, 0x0000000089900000, 0x0000000089a00000|  0%| F|  |TAMS 0x0000000089900000, 0x0000000089900000| Untracked 
|  42|0x0000000089a00000, 0x0000000089a00000, 0x0000000089b00000|  0%| F|  |TAMS 0x0000000089a00000, 0x0000000089a00000| Untracked 
|  43|0x0000000089b00000, 0x0000000089b00000, 0x0000000089c00000|  0%| F|  |TAMS 0x0000000089b00000, 0x0000000089b00000| Untracked 
|  44|0x0000000089c00000, 0x0000000089c00000, 0x0000000089d00000|  0%| F|  |TAMS 0x0000000089c00000, 0x0000000089c00000| Untracked 
|  45|0x0000000089d00000, 0x0000000089d00000, 0x0000000089e00000|  0%| F|  |TAMS 0x0000000089d00000, 0x0000000089d00000| Untracked 
|  46|0x0000000089e00000, 0x0000000089e00000, 0x0000000089f00000|  0%| F|  |TAMS 0x0000000089e00000, 0x0000000089e00000| Untracked 
|  47|0x0000000089f00000, 0x0000000089f00000, 0x000000008a000000|  0%| F|  |TAMS 0x0000000089f00000, 0x0000000089f00000| Untracked 
|  48|0x000000008a000000, 0x000000008a000000, 0x000000008a100000|  0%| F|  |TAMS 0x000000008a000000, 0x000000008a000000| Untracked 
|  49|0x000000008a100000, 0x000000008a100000, 0x000000008a200000|  0%| F|  |TAMS 0x000000008a100000, 0x000000008a100000| Untracked 
|  50|0x000000008a200000, 0x000000008a200000, 0x000000008a300000|  0%| F|  |TAMS 0x000000008a200000, 0x000000008a200000| Untracked 
|  51|0x000000008a300000, 0x000000008a300000, 0x000000008a400000|  0%| F|  |TAMS 0x000000008a300000, 0x000000008a300000| Untracked 
|  52|0x000000008a400000, 0x000000008a400000, 0x000000008a500000|  0%| F|  |TAMS 0x000000008a400000, 0x000000008a400000| Untracked 
|  53|0x000000008a500000, 0x000000008a500000, 0x000000008a600000|  0%| F|  |TAMS 0x000000008a500000, 0x000000008a500000| Untracked 
|  54|0x000000008a600000, 0x000000008a600000, 0x000000008a700000|  0%| F|  |TAMS 0x000000008a600000, 0x000000008a600000| Untracked 
|  55|0x000000008a700000, 0x000000008a700000, 0x000000008a800000|  0%| F|  |TAMS 0x000000008a700000, 0x000000008a700000| Untracked 
|  56|0x000000008a800000, 0x000000008a800000, 0x000000008a900000|  0%| F|  |TAMS 0x000000008a800000, 0x000000008a800000| Untracked 
|  57|0x000000008a900000, 0x000000008a900000, 0x000000008aa00000|  0%| F|  |TAMS 0x000000008a900000, 0x000000008a900000| Untracked 
|  58|0x000000008aa00000, 0x000000008aa00000, 0x000000008ab00000|  0%| F|  |TAMS 0x000000008aa00000, 0x000000008aa00000| Untracked 
|  59|0x000000008ab00000, 0x000000008ab00000, 0x000000008ac00000|  0%| F|  |TAMS 0x000000008ab00000, 0x000000008ab00000| Untracked 
|  60|0x000000008ac00000, 0x000000008ac00000, 0x000000008ad00000|  0%| F|  |TAMS 0x000000008ac00000, 0x000000008ac00000| Untracked 
|  61|0x000000008ad00000, 0x000000008ad00000, 0x000000008ae00000|  0%| F|  |TAMS 0x000000008ad00000, 0x000000008ad00000| Untracked 
|  62|0x000000008ae00000, 0x000000008ae00000, 0x000000008af00000|  0%| F|  |TAMS 0x000000008ae00000, 0x000000008ae00000| Untracked 
|  63|0x000000008af00000, 0x000000008af00000, 0x000000008b000000|  0%| F|  |TAMS 0x000000008af00000, 0x000000008af00000| Untracked 
|  64|0x000000008b000000, 0x000000008b000000, 0x000000008b100000|  0%| F|  |TAMS 0x000000008b000000, 0x000000008b000000| Untracked 
|  65|0x000000008b100000, 0x000000008b100000, 0x000000008b200000|  0%| F|  |TAMS 0x000000008b100000, 0x000000008b100000| Untracked 
|  66|0x000000008b200000, 0x000000008b200000, 0x000000008b300000|  0%| F|  |TAMS 0x000000008b200000, 0x000000008b200000| Untracked 
|  67|0x000000008b300000, 0x000000008b300000, 0x000000008b400000|  0%| F|  |TAMS 0x000000008b300000, 0x000000008b300000| Untracked 
|  68|0x000000008b400000, 0x000000008b400000, 0x000000008b500000|  0%| F|  |TAMS 0x000000008b400000, 0x000000008b400000| Untracked 
|  69|0x000000008b500000, 0x000000008b500000, 0x000000008b600000|  0%| F|  |TAMS 0x000000008b500000, 0x000000008b500000| Untracked 
|  70|0x000000008b600000, 0x000000008b600000, 0x000000008b700000|  0%| F|  |TAMS 0x000000008b600000, 0x000000008b600000| Untracked 
|  71|0x000000008b700000, 0x000000008b700000, 0x000000008b800000|  0%| F|  |TAMS 0x000000008b700000, 0x000000008b700000| Untracked 
|  72|0x000000008b800000, 0x000000008b800000, 0x000000008b900000|  0%| F|  |TAMS 0x000000008b800000, 0x000000008b800000| Untracked 
|  73|0x000000008b900000, 0x000000008b900000, 0x000000008ba00000|  0%| F|  |TAMS 0x000000008b900000, 0x000000008b900000| Untracked 
|  74|0x000000008ba00000, 0x000000008ba00000, 0x000000008bb00000|  0%| F|  |TAMS 0x000000008ba00000, 0x000000008ba00000| Untracked 
|  75|0x000000008bb00000, 0x000000008bb00000, 0x000000008bc00000|  0%| F|  |TAMS 0x000000008bb00000, 0x000000008bb00000| Untracked 
|  76|0x000000008bc00000, 0x000000008bc00000, 0x000000008bd00000|  0%| F|  |TAMS 0x000000008bc00000, 0x000000008bc00000| Untracked 
|  77|0x000000008bd00000, 0x000000008bd00000, 0x000000008be00000|  0%| F|  |TAMS 0x000000008bd00000, 0x000000008bd00000| Untracked 
|  78|0x000000008be00000, 0x000000008be00000, 0x000000008bf00000|  0%| F|  |TAMS 0x000000008be00000, 0x000000008be00000| Untracked 
|  79|0x000000008bf00000, 0x000000008bf00000, 0x000000008c000000|  0%| F|  |TAMS 0x000000008bf00000, 0x000000008bf00000| Untracked 
|  80|0x000000008c000000, 0x000000008c000000, 0x000000008c100000|  0%| F|  |TAMS 0x000000008c000000, 0x000000008c000000| Untracked 
|  81|0x000000008c100000, 0x000000008c100000, 0x000000008c200000|  0%| F|  |TAMS 0x000000008c100000, 0x000000008c100000| Untracked 
|  82|0x000000008c200000, 0x000000008c200000, 0x000000008c300000|  0%| F|  |TAMS 0x000000008c200000, 0x000000008c200000| Untracked 
|  83|0x000000008c300000, 0x000000008c300000, 0x000000008c400000|  0%| F|  |TAMS 0x000000008c300000, 0x000000008c300000| Untracked 
|  84|0x000000008c400000, 0x000000008c400000, 0x000000008c500000|  0%| F|  |TAMS 0x000000008c400000, 0x000000008c400000| Untracked 
|  85|0x000000008c500000, 0x000000008c500000, 0x000000008c600000|  0%| F|  |TAMS 0x000000008c500000, 0x000000008c500000| Untracked 
|  86|0x000000008c600000, 0x000000008c600000, 0x000000008c700000|  0%| F|  |TAMS 0x000000008c600000, 0x000000008c600000| Untracked 
|  87|0x000000008c700000, 0x000000008c700000, 0x000000008c800000|  0%| F|  |TAMS 0x000000008c700000, 0x000000008c700000| Untracked 
|  88|0x000000008c800000, 0x000000008c800000, 0x000000008c900000|  0%| F|  |TAMS 0x000000008c800000, 0x000000008c800000| Untracked 
|  89|0x000000008c900000, 0x000000008c900000, 0x000000008ca00000|  0%| F|  |TAMS 0x000000008c900000, 0x000000008c900000| Untracked 
|  90|0x000000008ca00000, 0x000000008ca00000, 0x000000008cb00000|  0%| F|  |TAMS 0x000000008ca00000, 0x000000008ca00000| Untracked 
|  91|0x000000008cb00000, 0x000000008cb00000, 0x000000008cc00000|  0%| F|  |TAMS 0x000000008cb00000, 0x000000008cb00000| Untracked 
|  92|0x000000008cc00000, 0x000000008cc00000, 0x000000008cd00000|  0%| F|  |TAMS 0x000000008cc00000, 0x000000008cc00000| Untracked 
|  93|0x000000008cd00000, 0x000000008cd00000, 0x000000008ce00000|  0%| F|  |TAMS 0x000000008cd00000, 0x000000008cd00000| Untracked 
|  94|0x000000008ce00000, 0x000000008ce00000, 0x000000008cf00000|  0%| F|  |TAMS 0x000000008ce00000, 0x000000008ce00000| Untracked 
|  95|0x000000008cf00000, 0x000000008cf00000, 0x000000008d000000|  0%| F|  |TAMS 0x000000008cf00000, 0x000000008cf00000| Untracked 
|  96|0x000000008d000000, 0x000000008d000000, 0x000000008d100000|  0%| F|  |TAMS 0x000000008d000000, 0x000000008d000000| Untracked 
|  97|0x000000008d100000, 0x000000008d100000, 0x000000008d200000|  0%| F|  |TAMS 0x000000008d100000, 0x000000008d100000| Untracked 
|  98|0x000000008d200000, 0x000000008d200000, 0x000000008d300000|  0%| F|  |TAMS 0x000000008d200000, 0x000000008d200000| Untracked 
|  99|0x000000008d300000, 0x000000008d300000, 0x000000008d400000|  0%| F|  |TAMS 0x000000008d300000, 0x000000008d300000| Untracked 
| 100|0x000000008d400000, 0x000000008d400000, 0x000000008d500000|  0%| F|  |TAMS 0x000000008d400000, 0x000000008d400000| Untracked 
| 101|0x000000008d500000, 0x000000008d500000, 0x000000008d600000|  0%| F|  |TAMS 0x000000008d500000, 0x000000008d500000| Untracked 
| 102|0x000000008d600000, 0x000000008d600000, 0x000000008d700000|  0%| F|  |TAMS 0x000000008d600000, 0x000000008d600000| Untracked 
| 103|0x000000008d700000, 0x000000008d700000, 0x000000008d800000|  0%| F|  |TAMS 0x000000008d700000, 0x000000008d700000| Untracked 
| 104|0x000000008d800000, 0x000000008d800000, 0x000000008d900000|  0%| F|  |TAMS 0x000000008d800000, 0x000000008d800000| Untracked 
| 105|0x000000008d900000, 0x000000008d900000, 0x000000008da00000|  0%| F|  |TAMS 0x000000008d900000, 0x000000008d900000| Untracked 
| 106|0x000000008da00000, 0x000000008da00000, 0x000000008db00000|  0%| F|  |TAMS 0x000000008da00000, 0x000000008da00000| Untracked 
| 107|0x000000008db00000, 0x000000008db00000, 0x000000008dc00000|  0%| F|  |TAMS 0x000000008db00000, 0x000000008db00000| Untracked 
| 108|0x000000008dc00000, 0x000000008dc00000, 0x000000008dd00000|  0%| F|  |TAMS 0x000000008dc00000, 0x000000008dc00000| Untracked 
| 109|0x000000008dd00000, 0x000000008dd00000, 0x000000008de00000|  0%| F|  |TAMS 0x000000008dd00000, 0x000000008dd00000| Untracked 
| 110|0x000000008de00000, 0x000000008deda108, 0x000000008df00000| 85%| E|  |TAMS 0x000000008de00000, 0x000000008de00000| Complete 
| 111|0x000000008df00000, 0x000000008e000000, 0x000000008e000000|100%| E|CS|TAMS 0x000000008df00000, 0x000000008df00000| Complete 
| 112|0x000000008e000000, 0x000000008e100000, 0x000000008e100000|100%| E|CS|TAMS 0x000000008e000000, 0x000000008e000000| Complete 
| 113|0x000000008e100000, 0x000000008e200000, 0x000000008e200000|100%| E|CS|TAMS 0x000000008e100000, 0x000000008e100000| Complete 
| 114|0x000000008e200000, 0x000000008e300000, 0x000000008e300000|100%| E|CS|TAMS 0x000000008e200000, 0x000000008e200000| Complete 
| 115|0x000000008e300000, 0x000000008e400000, 0x000000008e400000|100%| E|CS|TAMS 0x000000008e300000, 0x000000008e300000| Complete 
| 116|0x000000008e400000, 0x000000008e500000, 0x000000008e500000|100%| E|CS|TAMS 0x000000008e400000, 0x000000008e400000| Complete 
| 117|0x000000008e500000, 0x000000008e600000, 0x000000008e600000|100%| E|CS|TAMS 0x000000008e500000, 0x000000008e500000| Complete 
| 118|0x000000008e600000, 0x000000008e700000, 0x000000008e700000|100%| E|CS|TAMS 0x000000008e600000, 0x000000008e600000| Complete 
| 119|0x000000008e700000, 0x000000008e800000, 0x000000008e800000|100%| E|CS|TAMS 0x000000008e700000, 0x000000008e700000| Complete 
| 120|0x000000008e800000, 0x000000008e900000, 0x000000008e900000|100%| E|CS|TAMS 0x000000008e800000, 0x000000008e800000| Complete 
| 121|0x000000008e900000, 0x000000008ea00000, 0x000000008ea00000|100%| E|CS|TAMS 0x000000008e900000, 0x000000008e900000| Complete 

Card table byte_map: [0x00007f90548ae000,0x00007f9054c76000] _byte_map_base: 0x00007f9054476000

Marking Bits (Prev, Next): (CMBitMap*) 0x00007f905005b508, (CMBitMap*) 0x00007f905005b548
 Prev Bits: [0x00007f903694a000, 0x00007f903878a000)
 Next Bits: [0x00007f9034b0a000, 0x00007f903694a000)

Polling page: 0x00007f9057141000

Metaspace:

Usage:
  Non-class:     16,99 MB capacity,    16,73 MB ( 98%) used,   228,40 KB (  1%) free+waste,    34,00 KB ( <1%) overhead. 
      Class:      2,05 MB capacity,     1,92 MB ( 94%) used,   118,70 KB (  6%) free+waste,    17,69 KB ( <1%) overhead. 
       Both:     19,04 MB capacity,    18,65 MB ( 98%) used,   347,09 KB (  2%) free+waste,    51,69 KB ( <1%) overhead. 

Virtual space:
  Non-class space:       18,00 MB reserved,      17,25 MB ( 96%) committed 
      Class space:        1,00 GB reserved,       2,12 MB ( <1%) committed 
             Both:        1,02 GB reserved,      19,38 MB (  2%) committed 

Chunk freelists:
   Non-Class:  154,00 KB
       Class:  13,00 KB
        Both:  167,00 KB

MaxMetaspaceSize: unlimited
CompressedClassSpaceSize: 1,00 GB

CodeHeap 'non-profiled nmethods': size=120032Kb used=301Kb max_used=301Kb free=119730Kb
 bounds [0x00007f9040252000, 0x00007f90404c2000, 0x00007f904778a000]
CodeHeap 'profiled nmethods': size=120028Kb used=1697Kb max_used=1697Kb free=118331Kb
 bounds [0x00007f9038d1b000, 0x00007f9038f8b000, 0x00007f9040252000]
CodeHeap 'non-nmethods': size=5700Kb used=1342Kb max_used=1360Kb free=4357Kb
 bounds [0x00007f903878a000, 0x00007f90389fa000, 0x00007f9038d1b000]
 total_blobs=1650 nmethods=992 adapters=572
 compilation: enabled
              stopped_count=0, restarted_count=0
 full_count=0

Compilation events (20 events):
Event: 4,227 Thread 0x00007f9050190800 nmethod 981 0x00007f9038ebb710 code [0x00007f9038ebb8a0, 0x00007f9038ebba60]
Event: 4,227 Thread 0x00007f9050190800  982       3       jdk.internal.loader.BuiltinClassLoader::loadClass (22 bytes)
Event: 4,227 Thread 0x00007f905018e800 nmethod 917 0x00007f904029ad90 code [0x00007f904029af00, 0x00007f904029af78]
Event: 4,227 Thread 0x00007f9050190800 nmethod 982 0x00007f9038ebbb10 code [0x00007f9038ebbcc0, 0x00007f9038ebbf70]
Event: 4,227 Thread 0x00007f905018e800  968       4       java.io.DataOutputStream::writeByte (14 bytes)
Event: 4,228 Thread 0x00007f9050190800  983       3       java.util.zip.ZipFile$Source::getEntryPos (208 bytes)
Event: 4,229 Thread 0x00007f9050190800 nmethod 983 0x00007f9038ebc090 code [0x00007f9038ebc300, 0x00007f9038ebd080]
Event: 4,229 Thread 0x00007f9050190800  985       3       java.lang.String::toLowerCase (8 bytes)
Event: 4,229 Thread 0x00007f9050190800 nmethod 985 0x00007f9038ebd710 code [0x00007f9038ebd8e0, 0x00007f9038ebdc30]
Event: 4,231 Thread 0x00007f9050190800  987       3       java.lang.ClassLoader::findLoadedClass (16 bytes)
Event: 4,231 Thread 0x00007f9050190800 nmethod 987 0x00007f9038ebdd90 code [0x00007f9038ebdf40, 0x00007f9038ebe110]
Event: 4,231 Thread 0x00007f9050190800  989       3       jdk.internal.loader.BuiltinClassLoader::findLoadedModule (33 bytes)
Event: 4,232 Thread 0x00007f9050190800 nmethod 989 0x00007f9038ebe210 code [0x00007f9038ebe420, 0x00007f9038ebea10]
Event: 4,234 Thread 0x00007f9050190800  990       3       java.util.LinkedHashMap$LinkedHashIterator::nextNode (54 bytes)
Event: 4,235 Thread 0x00007f9050190800 nmethod 990 0x00007f9038ebec90 code [0x00007f9038ebee60, 0x00007f9038ebf190]
Event: 4,235 Thread 0x00007f9050190800  991       3       java.lang.AbstractStringBuilder::<init> (63 bytes)
Event: 4,235 Thread 0x00007f9050190800 nmethod 991 0x00007f9038ebf310 code [0x00007f9038ebf500, 0x00007f9038ebfa70]
Event: 4,236 Thread 0x00007f9050190800  994   !   3       jdk.internal.loader.BuiltinClassLoader::loadClassOrNull (143 bytes)
Event: 4,239 Thread 0x00007f9050190800 nmethod 994 0x00007f9038ebfc90 code [0x00007f9038ec0020, 0x00007f9038ec1b10]
Event: 4,239 Thread 0x00007f9050190800  997       3       java.lang.ref.Reference::<init> (25 bytes)

GC Heap History (0 events):
No events

Deoptimization events (20 events):
Event: 0,089 Thread 0x00007f9050019800 DEOPT PACKING pc=0x00007f904025651c sp=0x00007f90557ab2f0
Event: 0,089 Thread 0x00007f9050019800 DEOPT UNPACKING pc=0x00007f90387d2e25 sp=0x00007f90557ab2a8 mode 2
Event: 4,016 Thread 0x00007f905043a000 Uncommon trap: trap_request=0xffffff45 fr.pc=0x00007f904025cc58 relative=0x0000000000000058
Event: 4,016 Thread 0x00007f905043a000 Uncommon trap: reason=unstable_if action=reinterpret pc=0x00007f904025cc58 method=java.lang.String.isLatin1()Z @ 10 c2
Event: 4,016 Thread 0x00007f905043a000 DEOPT PACKING pc=0x00007f904025cc58 sp=0x00007f8ff5ae0be0
Event: 4,016 Thread 0x00007f905043a000 DEOPT UNPACKING pc=0x00007f90387d2e25 sp=0x00007f8ff5ae0b90 mode 2
Event: 4,104 Thread 0x00007f905043a000 Uncommon trap: trap_request=0xffffff45 fr.pc=0x00007f904028b1b4 relative=0x0000000000000494
Event: 4,104 Thread 0x00007f905043a000 Uncommon trap: reason=unstable_if action=reinterpret pc=0x00007f904028b1b4 method=java.lang.StringLatin1.replace([BCC)Ljava/lang/String; @ 19 c2
Event: 4,104 Thread 0x00007f905043a000 DEOPT PACKING pc=0x00007f904028b1b4 sp=0x00007f8ff5adec50
Event: 4,104 Thread 0x00007f905043a000 DEOPT UNPACKING pc=0x00007f90387d2e25 sp=0x00007f8ff5adebe0 mode 2
Event: 4,130 Thread 0x00007f905043a000 DEOPT PACKING pc=0x00007f9038e69d38 sp=0x00007f8ff5adf700
Event: 4,130 Thread 0x00007f905043a000 DEOPT UNPACKING pc=0x00007f90387d333a sp=0x00007f8ff5adece0 mode 0
Event: 4,131 Thread 0x00007f905043a000 DEOPT PACKING pc=0x00007f9038e69d38 sp=0x00007f8ff5adf700
Event: 4,131 Thread 0x00007f905043a000 DEOPT UNPACKING pc=0x00007f90387d333a sp=0x00007f8ff5adece0 mode 0
Event: 4,131 Thread 0x00007f905043a000 DEOPT PACKING pc=0x00007f9038e69d38 sp=0x00007f8ff5adf700
Event: 4,131 Thread 0x00007f905043a000 DEOPT UNPACKING pc=0x00007f90387d333a sp=0x00007f8ff5adece0 mode 0
Event: 4,159 Thread 0x00007f905043a000 Uncommon trap: trap_request=0xffffff45 fr.pc=0x00007f9040288ff0 relative=0x0000000000000a50
Event: 4,159 Thread 0x00007f905043a000 Uncommon trap: reason=unstable_if action=reinterpret pc=0x00007f9040288ff0 method=java.util.HashMap.putVal(ILjava/lang/Object;Ljava/lang/Object;ZZ)Ljava/lang/Object; @ 94 c2
Event: 4,159 Thread 0x00007f905043a000 DEOPT PACKING pc=0x00007f9040288ff0 sp=0x00007f8ff5adfd10
Event: 4,159 Thread 0x00007f905043a000 DEOPT UNPACKING pc=0x00007f90387d2e25 sp=0x00007f8ff5adfcb8 mode 2

Classes unloaded (0 events):
No events

Classes redefined (0 events):
No events

Internal exceptions (20 events):
Event: 0,157 Thread 0x00007f9050019800 Exception <a 'java/lang/ClassNotFoundException'{0x000000008e842da8}: sun/awt/resources/spi/awtProvider> (0x000000008e842da8) 
thrown [src/hotspot/share/classfile/systemDictionary.cpp, line 232]
Event: 0,212 Thread 0x00007f9050019800 Exception <a 'java/io/FileNotFoundException'{0x000000008e8a4ea0}> (0x000000008e8a4ea0) 
thrown [src/hotspot/share/prims/jni.cpp, line 598]
Event: 0,535 Thread 0x00007f9050019800 Exception <a 'java/lang/NoSuchMethodError'{0x000000008e7508b8}: 'void java.lang.invoke.DirectMethodHandle$Holder.invokeSpecial(java.lang.Object, java.lang.Object)'> (0x000000008e7508b8) 
thrown [src/hotspot/share/interpreter/linkResolver.cpp, line 766]
Event: 0,574 Thread 0x00007f9050019800 Exception <a 'java/lang/NoSuchMethodError'{0x000000008e610340}: 'java.lang.Object java.lang.invoke.DirectMethodHandle$Holder.invokeStatic(java.lang.Object, int, java.lang.Object, java.lang.Object, java.lang.Object, java.lang.Object)'> (0x000000008e610340) 
thrown [src/hotspot/share/interpreter/linkResolver.cpp, line 766]
Event: 0,575 Thread 0x00007f9050019800 Exception <a 'java/lang/NoSuchMethodError'{0x000000008e616ca0}: 'java.lang.Object java.lang.invoke.DirectMethodHandle$Holder.invokeStatic(java.lang.Object, int, java.lang.Object, java.lang.Object, java.lang.Object)'> (0x000000008e616ca0) 
thrown [src/hotspot/share/interpreter/linkResolver.cpp, line 766]
Event: 0,575 Thread 0x00007f9050019800 Exception <a 'java/lang/NoSuchMethodError'{0x000000008e61a508}: 'java.lang.Object java.lang.invoke.DirectMethodHandle$Holder.invokeSpecial(java.lang.Object, java.lang.Object, int, java.lang.Object, java.lang.Object, java.lang.Object)'> (0x000000008e61a508) 
thrown [src/hotspot/share/interpreter/linkResolver.cpp, line 766]
Event: 0,578 Thread 0x00007f9050019800 Exception <a 'java/lang/NoSuchMethodError'{0x000000008e630830}: 'java.lang.Object java.lang.invoke.DirectMethodHandle$Holder.invokeStatic(java.lang.Object, int, java.lang.Object)'> (0x000000008e630830) 
thrown [src/hotspot/share/interpreter/linkResolver.cpp, line 766]
Event: 0,605 Thread 0x00007f9050019800 Exception <a 'java/lang/NoSuchMethodError'{0x000000008e6eb1c8}: 'java.lang.Object java.lang.invoke.Invokers$Holder.linkToTargetMethod(java.lang.Object, int, java.lang.Object)'> (0x000000008e6eb1c8) 
thrown [src/hotspot/share/interpreter/linkResolver.cpp, line 766]
Event: 0,614 Thread 0x00007f9050019800 Exception <a 'java/lang/ClassNotFoundException'{0x000000008e6fe7f0}: com/sun/swing/internal/plaf/metal/resources/spi/metalProvider> (0x000000008e6fe7f0) 
thrown [src/hotspot/share/classfile/systemDictionary.cpp, line 232]
Event: 0,616 Thread 0x00007f9050019800 Exception <a 'java/lang/ClassNotFoundException'{0x000000008e5039f0}: com/sun/swing/internal/plaf/basic/resources/spi/basicProvider> (0x000000008e5039f0) 
thrown [src/hotspot/share/classfile/systemDictionary.cpp, line 232]
Event: 0,642 Thread 0x00007f9050019800 Exception <a 'java/lang/NoSuchMethodError'{0x000000008e52a5c0}: 'void java.lang.invoke.DirectMethodHandle$Holder.invokeStaticInit(java.lang.Object)'> (0x000000008e52a5c0) 
thrown [src/hotspot/share/interpreter/linkResolver.cpp, line 766]
Event: 0,694 Thread 0x00007f905043f000 Exception <a 'java/io/FileNotFoundException'{0x000000008e5d7a78}> (0x000000008e5d7a78) 
thrown [src/hotspot/share/prims/jni.cpp, line 598]
Event: 0,812 Thread 0x00007f9050019800 Exception <a 'java/lang/NoSuchMethodError'{0x000000008e44e548}: 'java.lang.Object java.lang.invoke.DirectMethodHandle$Holder.invokeStatic(java.lang.Object, java.lang.Object, java.lang.Object, java.lang.Object, java.lang.Object, java.lang.Object, java.lang.Object, java.lang.Object, java.lang.Object, java.lang.Object, java.lang.Object, java.lang.Object, java.lang.Object, java.lang.Object, java.lang.Object)'> (0x000000008e44e548) 
thrown [src/hotspot/share/interpreter/linkResolver.cpp, line 766]
Event: 0,814 Thread 0x00007f9050019800 Exception <a 'java/lang/NoSuchMethodError'{0x000000008e45b000}: 'java.lang.Object java.lang.invoke.DirectMethodHandle$Holder.invokeStatic(java.lang.Object, java.lang.Object, java.lang.Object, java.lang.Object, java.lang.Object, java.lang.Object, java.lang.Object, java.lang.Object, java.lang.Object, java.lang.Object, java.lang.Object, java.lang.Object, java.lang.Object, java.lang.Object, java.lang.Object, java.lang.Object)'> (0x000000008e45b000) 
thrown [src/hotspot/share/interpreter/linkResolver.cpp, line 
Event: 0,816 Thread 0x00007f9050019800 Exception <a 'java/lang/NoSuchMethodError'{0x000000008e468248}: 'java.lang.Object java.lang.invoke.Invokers$Holder.linkToTargetMethod(java.lang.Object, java.lang.Object, java.lang.Object, java.lang.Object, java.lang.Object, java.lang.Object)'> (0x000000008e468248) 
thrown [src/hotspot/share/interpreter/linkResolver.cpp, line 766]
Event: 4,103 Thread 0x00007f905043a000 Exception <a 'java/lang/NoSuchMethodError'{0x000000008e158bd0}: 'java.lang.Object java.lang.invoke.DirectMethodHandle$Holder.invokeStaticInit(java.lang.Object, java.lang.Object, long, java.lang.Object)'> (0x000000008e158bd0) 
thrown [src/hotspot/share/interpreter/linkResolver.cpp, line 766]
Event: 4,103 Thread 0x00007f905043a000 Exception <a 'java/lang/NoSuchMethodError'{0x000000008e15e470}: 'java.lang.Object java.lang.invoke.Invokers$Holder.linkToTargetMethod(java.lang.Object, long, java.lang.Object)'> (0x000000008e15e470) 
thrown [src/hotspot/share/interpreter/linkResolver.cpp, line 766]
Event: 4,105 Thread 0x00007f905043a000 Exception <a 'java/lang/NoSuchMethodError'{0x000000008e164488}: 'java.lang.Object java.lang.invoke.DirectMethodHandle$Holder.invokeStatic(java.lang.Object, java.lang.Object, java.lang.Object, int)'> (0x000000008e164488) 
thrown [src/hotspot/share/interpreter/linkResolver.cpp, line 766]
Event: 4,105 Thread 0x00007f905043a000 Exception <a 'java/lang/NoSuchMethodError'{0x000000008e167cc8}: 'java.lang.Object java.lang.invoke.DirectMethodHandle$Holder.invokeSpecial(java.lang.Object, java.lang.Object, java.lang.Object, java.lang.Object, int)'> (0x000000008e167cc8) 
thrown [src/hotspot/share/interpreter/linkResolver.cpp, line 766]
Event: 4,106 Thread 0x00007f905043a000 Exception <a 'java/lang/NoSuchMethodError'{0x000000008e16ae88}: 'java.lang.Object java.lang.invoke.Invokers$Holder.linkToTargetMethod(java.lang.Object, java.lang.Object, int, java.lang.Object)'> (0x000000008e16ae88) 
thrown [src/hotspot/share/interpreter/linkResolver.cpp, line 766]

Events (20 events):
Event: 4,231 loading class sun/reflect/annotation/AnnotationTypeMismatchExceptionProxy
Event: 4,232 loading class sun/reflect/annotation/ExceptionProxy
Event: 4,232 loading class sun/reflect/annotation/ExceptionProxy done
Event: 4,232 loading class sun/reflect/annotation/AnnotationTypeMismatchExceptionProxy done
Event: 4,232 loading class sun/reflect/annotation/AnnotationParser$1
Event: 4,232 loading class sun/reflect/annotation/AnnotationParser$1 done
Event: 4,232 loading class sun/reflect/annotation/AnnotationInvocationHandler
Event: 4,232 loading class sun/reflect/annotation/AnnotationInvocationHandler done
Event: 4,234 loading class java/lang/annotation/Target
Event: 4,234 loading class java/lang/annotation/Target done
Event: 4,236 loading class java/lang/Class$AnnotationData
Event: 4,236 loading class java/lang/Class$AnnotationData done
Event: 4,236 loading class com/sun/jna/Structure$LayoutInfo
Event: 4,236 loading class com/sun/jna/Structure$LayoutInfo done
Event: 4,237 loading class com/sun/jna/Structure$StructField
Event: 4,237 loading class com/sun/jna/Structure$StructField done
Event: 4,237 loading class jdk/internal/reflect/UnsafeObjectFieldAccessorImpl
Event: 4,237 loading class jdk/internal/reflect/UnsafeObjectFieldAccessorImpl done
Event: 4,238 loading class jdk/internal/reflect/UnsafeIntegerFieldAccessorImpl
Event: 4,238 loading class jdk/internal/reflect/UnsafeIntegerFieldAccessorImpl done


Dynamic libraries:
87000000-8ea00000 rw-p 00000000 00:00 0 
8ea00000-100000000 ---p 00000000 00:00 0 
100000000-100220000 rw-p 00000000 00:00 0 
100220000-140000000 ---p 00000000 00:00 0 
5646b09d2000-5646b09d3000 r--p 00000000 08:05 4199159                    /usr/lib/jvm/java-13-openjdk-amd64/bin/java
5646b09d3000-5646b09d4000 r-xp 00001000 08:05 4199159                    /usr/lib/jvm/java-13-openjdk-amd64/bin/java
5646b09d4000-5646b09d5000 r--p 00002000 08:05 4199159                    /usr/lib/jvm/java-13-openjdk-amd64/bin/java
5646b09d5000-5646b09d6000 r--p 00002000 08:05 4199159                    /usr/lib/jvm/java-13-openjdk-amd64/bin/java
5646b09d6000-5646b09d7000 rw-p 00003000 08:05 4199159                    /usr/lib/jvm/java-13-openjdk-amd64/bin/java
5646b288f000-5646b28b0000 rw-p 00000000 00:00 0                          [heap]
7f8fc4000000-7f8fc4021000 rw-p 00000000 00:00 0 
7f8fc4021000-7f8fc8000000 ---p 00000000 00:00 0 
7f8fc8000000-7f8fc8021000 rw-p 00000000 00:00 0 
7f8fc8021000-7f8fcc000000 ---p 00000000 00:00 0 
7f8fcc000000-7f8fcc021000 rw-p 00000000 00:00 0 
7f8fcc021000-7f8fd0000000 ---p 00000000 00:00 0 
7f8fd0000000-7f8fd0021000 rw-p 00000000 00:00 0 
7f8fd0021000-7f8fd4000000 ---p 00000000 00:00 0 
7f8fd4000000-7f8fd4021000 rw-p 00000000 00:00 0 
7f8fd4021000-7f8fd8000000 ---p 00000000 00:00 0 
7f8fd8000000-7f8fd8194000 rw-p 00000000 00:00 0 
7f8fd8194000-7f8fdc000000 ---p 00000000 00:00 0 
7f8fdc000000-7f8fdc021000 rw-p 00000000 00:00 0 
7f8fdc021000-7f8fe0000000 ---p 00000000 00:00 0 
7f8fe0000000-7f8fe0021000 rw-p 00000000 00:00 0 
7f8fe0021000-7f8fe4000000 ---p 00000000 00:00 0 
7f8fe4000000-7f8fe4021000 rw-p 00000000 00:00 0 
7f8fe4021000-7f8fe8000000 ---p 00000000 00:00 0 
7f8fe8000000-7f8fe8021000 rw-p 00000000 00:00 0 
7f8fe8021000-7f8fec000000 ---p 00000000 00:00 0 
7f8fec000000-7f8fec021000 rw-p 00000000 00:00 0 
7f8fec021000-7f8ff0000000 ---p 00000000 00:00 0 
7f8ff0000000-7f8ff0021000 rw-p 00000000 00:00 0 
7f8ff0021000-7f8ff4000000 ---p 00000000 00:00 0 
7f8ff4cbc000-7f8ff4dfc000 rw-p 00000000 00:00 0 
7f8ff4dfc000-7f8ff4ebc000 ---p 00000000 00:00 0 
7f8ff4ebc000-7f8ff4ed5000 r-xp 00000000 08:03 4460686                    /home/miguel/.cache/JNA/temp/jna13862549479997652924.tmp (deleted)
7f8ff4ed5000-7f8ff50d5000 ---p 00019000 08:03 4460686                    /home/miguel/.cache/JNA/temp/jna13862549479997652924.tmp (deleted)
7f8ff50d5000-7f8ff50d6000 rw-p 00019000 08:03 4460686                    /home/miguel/.cache/JNA/temp/jna13862549479997652924.tmp (deleted)
7f8ff50d6000-7f8ff50da000 ---p 00000000 00:00 0 
7f8ff50da000-7f8ff51d7000 rw-p 00000000 00:00 0 
7f8ff51d7000-7f8ff51db000 ---p 00000000 00:00 0 
7f8ff51db000-7f8ff54d8000 rw-p 00000000 00:00 0 
7f8ff54d8000-7f8ff54da000 r--p 00000000 08:05 5120675                    /lib/x86_64-linux-gnu/libnss_dns-2.31.so
7f8ff54da000-7f8ff54de000 r-xp 00002000 08:05 5120675                    /lib/x86_64-linux-gnu/libnss_dns-2.31.so
7f8ff54de000-7f8ff54df000 r--p 00006000 08:05 5120675                    /lib/x86_64-linux-gnu/libnss_dns-2.31.so
7f8ff54df000-7f8ff54e0000 r--p 00006000 08:05 5120675                    /lib/x86_64-linux-gnu/libnss_dns-2.31.so
7f8ff54e0000-7f8ff54e1000 rw-p 00007000 08:05 5120675                    /lib/x86_64-linux-gnu/libnss_dns-2.31.so
7f8ff54e1000-7f8ff56e1000 rw-p 00000000 00:00 0 
7f8ff56e1000-7f8ff56e5000 ---p 00000000 00:00 0 
7f8ff56e5000-7f8ff59e2000 rw-p 00000000 00:00 0 
7f8ff59e2000-7f8ff59e6000 ---p 00000000 00:00 0 
7f8ff59e6000-7f8ff5ae3000 rw-p 00000000 00:00 0 
7f8ff5ae3000-7f8ff5ae7000 ---p 00000000 00:00 0 
7f8ff5ae7000-7f8ff5be4000 rw-p 00000000 00:00 0 
7f8ff5be4000-7f8ff5be8000 ---p 00000000 00:00 0 
7f8ff5be8000-7f8ff5ce5000 rw-p 00000000 00:00 0 
7f8ff5ce5000-7f8ff5ce8000 r--p 00000000 08:05 4195424                    /usr/lib/x86_64-linux-gnu/libXcursor.so.1.0.2
7f8ff5ce8000-7f8ff5cee000 r-xp 00003000 08:05 4195424                    /usr/lib/x86_64-linux-gnu/libXcursor.so.1.0.2
7f8ff5cee000-7f8ff5cf0000 r--p 00009000 08:05 4195424                    /usr/lib/x86_64-linux-gnu/libXcursor.so.1.0.2
7f8ff5cf0000-7f8ff5cf1000 r--p 0000a000 08:05 4195424                    /usr/lib/x86_64-linux-gnu/libXcursor.so.1.0.2
7f8ff5cf1000-7f8ff5cf2000 rw-p 0000b000 08:05 4195424                    /usr/lib/x86_64-linux-gnu/libXcursor.so.1.0.2
7f8ff5cf9000-7f8ff5cfd000 ---p 00000000 00:00 0 
7f8ff5cfd000-7f8ff5d1b000 rw-p 00000000 00:00 0 
7f8ff5d1b000-7f8ff5d1f000 ---p 00000000 00:00 0 
7f8ff5d1f000-7f8ff601c000 rw-p 00000000 00:00 0 
7f8ff601c000-7f8ff601d000 ---p 00000000 00:00 0 
7f8ff601d000-7f8ff681d000 rw-p 00000000 00:00 0 
7f8ff681d000-7f8ff681e000 ---p 00000000 00:00 0 
7f8ff681e000-7f8ff701e000 rw-p 00000000 00:00 0 
7f8ff701e000-7f8ff701f000 ---p 00000000 00:00 0 
7f8ff701f000-7f8ff781f000 rw-p 00000000 00:00 0 
7f8ff781f000-7f8ff7836000 r--p 00000000 08:03 4463058                    /home/miguel/.config/dconf/user
7f8ff7836000-7f8ff783a000 r--p 00000000 08:05 4456552                    /usr/lib/x86_64-linux-gnu/gio/modules/libdconfsettings.so
7f8ff783a000-7f8ff7842000 r-xp 00004000 08:05 4456552                    /usr/lib/x86_64-linux-gnu/gio/modules/libdconfsettings.so
7f8ff7842000-7f8ff7845000 r--p 0000c000 08:05 4456552                    /usr/lib/x86_64-linux-gnu/gio/modules/libdconfsettings.so
7f8ff7845000-7f8ff7846000 ---p 0000f000 08:05 4456552                    /usr/lib/x86_64-linux-gnu/gio/modules/libdconfsettings.so
7f8ff7846000-7f8ff7847000 r--p 0000f000 08:05 4456552                    /usr/lib/x86_64-linux-gnu/gio/modules/libdconfsettings.so
7f8ff7847000-7f8ff7848000 rw-p 00010000 08:05 4456552                    /usr/lib/x86_64-linux-gnu/gio/modules/libdconfsettings.so
7f8ff7848000-7f8ff78c0000 r--p 00000000 08:05 5638120                    /usr/share/glib-2.0/schemas/gschemas.compiled
7f8ff78c0000-7f8ff78c2000 r--p 00000000 08:05 4194834                    /usr/lib/x86_64-linux-gnu/libpcre2-8.so.0.9.0
7f8ff78c2000-7f8ff7926000 r-xp 00002000 08:05 4194834                    /usr/lib/x86_64-linux-gnu/libpcre2-8.so.0.9.0
7f8ff7926000-7f8ff794e000 r--p 00066000 08:05 4194834                    /usr/lib/x86_64-linux-gnu/libpcre2-8.so.0.9.0
7f8ff794e000-7f8ff794f000 r--p 0008d000 08:05 4194834                    /usr/lib/x86_64-linux-gnu/libpcre2-8.so.0.9.0
7f8ff794f000-7f8ff7950000 rw-p 0008e000 08:05 4194834                    /usr/lib/x86_64-linux-gnu/libpcre2-8.so.0.9.0
7f8ff7950000-7f8ff795a000 r--p 00000000 08:05 5120874                    /lib/x86_64-linux-gnu/libblkid.so.1.1.0
7f8ff795a000-7f8ff7990000 r-xp 0000a000 08:05 5120874                    /lib/x86_64-linux-gnu/libblkid.so.1.1.0
7f8ff7990000-7f8ff79a0000 r--p 00040000 08:05 5120874                    /lib/x86_64-linux-gnu/libblkid.so.1.1.0
7f8ff79a0000-7f8ff79a1000 ---p 00050000 08:05 5120874                    /lib/x86_64-linux-gnu/libblkid.so.1.1.0
7f8ff79a1000-7f8ff79a6000 r--p 00050000 08:05 5120874                    /lib/x86_64-linux-gnu/libblkid.so.1.1.0
7f8ff79a6000-7f8ff79a7000 rw-p 00055000 08:05 5120874                    /lib/x86_64-linux-gnu/libblkid.so.1.1.0
7f8ff79a7000-7f8ff79a9000 r--p 00000000 08:05 4194536                    /usr/lib/x86_64-linux-gnu/libffi.so.7.1.0
7f8ff79a9000-7f8ff79af000 r-xp 00002000 08:05 4194536                    /usr/lib/x86_64-linux-gnu/libffi.so.7.1.0
7f8ff79af000-7f8ff79b0000 r--p 00008000 08:05 4194536                    /usr/lib/x86_64-linux-gnu/libffi.so.7.1.0
7f8ff79b0000-7f8ff79b1000 ---p 00009000 08:05 4194536                    /usr/lib/x86_64-linux-gnu/libffi.so.7.1.0
7f8ff79b1000-7f8ff79b2000 r--p 00009000 08:05 4194536                    /usr/lib/x86_64-linux-gnu/libffi.so.7.1.0
7f8ff79b2000-7f8ff79b3000 rw-p 0000a000 08:05 4194536                    /usr/lib/x86_64-linux-gnu/libffi.so.7.1.0
7f8ff79b3000-7f8ff79b5000 r--p 00000000 08:05 5112730                    /lib/x86_64-linux-gnu/libpcre.so.3.13.3
7f8ff79b5000-7f8ff7a06000 r-xp 00002000 08:05 5112730                    /lib/x86_64-linux-gnu/libpcre.so.3.13.3
7f8ff7a06000-7f8ff7a24000 r--p 00053000 08:05 5112730                    /lib/x86_64-linux-gnu/libpcre.so.3.13.3
7f8ff7a24000-7f8ff7a25000 r--p 00070000 08:05 5112730                    /lib/x86_64-linux-gnu/libpcre.so.3.13.3
7f8ff7a25000-7f8ff7a26000 rw-p 00071000 08:05 5112730                    /lib/x86_64-linux-gnu/libpcre.so.3.13.3
7f8ff7a26000-7f8ff7a2a000 r--p 00000000 08:05 5120682                    /lib/x86_64-linux-gnu/libresolv-2.31.so
7f8ff7a2a000-7f8ff7a3a000 r-xp 00004000 08:05 5120682                    /lib/x86_64-linux-gnu/libresolv-2.31.so
7f8ff7a3a000-7f8ff7a3d000 r--p 00014000 08:05 5120682                    /lib/x86_64-linux-gnu/libresolv-2.31.so
7f8ff7a3d000-7f8ff7a3e000 ---p 00017000 08:05 5120682                    /lib/x86_64-linux-gnu/libresolv-2.31.so
7f8ff7a3e000-7f8ff7a3f000 r--p 00017000 08:05 5120682                    /lib/x86_64-linux-gnu/libresolv-2.31.so
7f8ff7a3f000-7f8ff7a40000 rw-p 00018000 08:05 5120682                    /lib/x86_64-linux-gnu/libresolv-2.31.so
7f8ff7a40000-7f8ff7a42000 rw-p 00000000 00:00 0 
7f8ff7a42000-7f8ff7a4d000 r--p 00000000 08:05 5112070                    /lib/x86_64-linux-gnu/libmount.so.1.1.0
7f8ff7a4d000-7f8ff7a8b000 r-xp 0000b000 08:05 5112070                    /lib/x86_64-linux-gnu/libmount.so.1.1.0
7f8ff7a8b000-7f8ff7a9e000 r--p 00049000 08:05 5112070                    /lib/x86_64-linux-gnu/libmount.so.1.1.0
7f8ff7a9e000-7f8ff7aa1000 r--p 0005b000 08:05 5112070                    /lib/x86_64-linux-gnu/libmount.so.1.1.0
7f8ff7aa1000-7f8ff7aa2000 rw-p 0005e000 08:05 5112070                    /lib/x86_64-linux-gnu/libmount.so.1.1.0
7f8ff7aa2000-7f8ff7ab0000 r--p 00000000 08:05 4201988                    /usr/lib/x86_64-linux-gnu/libgobject-2.0.so.0.6400.6
7f8ff7ab0000-7f8ff7ae6000 r-xp 0000e000 08:05 4201988                    /usr/lib/x86_64-linux-gnu/libgobject-2.0.so.0.6400.6
7f8ff7ae6000-7f8ff7afe000 r--p 00044000 08:05 4201988                    /usr/lib/x86_64-linux-gnu/libgobject-2.0.so.0.6400.6
7f8ff7afe000-7f8ff7b01000 r--p 0005b000 08:05 4201988                    /usr/lib/x86_64-linux-gnu/libgobject-2.0.so.0.6400.6
7f8ff7b01000-7f8ff7b02000 rw-p 0005e000 08:05 4201988                    /usr/lib/x86_64-linux-gnu/libgobject-2.0.so.0.6400.6
7f8ff7b02000-7f8ff7b1e000 r--p 00000000 08:05 4201978                    /usr/lib/x86_64-linux-gnu/libglib-2.0.so.0.6400.6
7f8ff7b1e000-7f8ff7ba2000 r-xp 0001c000 08:05 4201978                    /usr/lib/x86_64-linux-gnu/libglib-2.0.so.0.6400.6
7f8ff7ba2000-7f8ff7c28000 r--p 000a0000 08:05 4201978                    /usr/lib/x86_64-linux-gnu/libglib-2.0.so.0.6400.6
7f8ff7c28000-7f8ff7c29000 r--p 00125000 08:05 4201978                    /usr/lib/x86_64-linux-gnu/libglib-2.0.so.0.6400.6
7f8ff7c29000-7f8ff7c2a000 rw-p 00126000 08:05 4201978                    /usr/lib/x86_64-linux-gnu/libglib-2.0.so.0.6400.6
7f8ff7c2a000-7f8ff7c2b000 rw-p 00000000 00:00 0 
7f8ff7c2b000-7f8ff7c63000 r--p 00000000 08:05 4201971                    /usr/lib/x86_64-linux-gnu/libgio-2.0.so.0.6400.6
7f8ff7c63000-7f8ff7d76000 r-xp 00038000 08:05 4201971                    /usr/lib/x86_64-linux-gnu/libgio-2.0.so.0.6400.6
7f8ff7d76000-7f8ff7e00000 r--p 0014b000 08:05 4201971                    /usr/lib/x86_64-linux-gnu/libgio-2.0.so.0.6400.6
7f8ff7e00000-7f8ff7e09000 r--p 001d4000 08:05 4201971                    /usr/lib/x86_64-linux-gnu/libgio-2.0.so.0.6400.6
7f8ff7e09000-7f8ff7e0a000 rw-p 001dd000 08:05 4201971                    /usr/lib/x86_64-linux-gnu/libgio-2.0.so.0.6400.6
7f8ff7e0a000-7f8ff7e0c000 rw-p 00000000 00:00 0 
7f8ff7e0c000-7f8ff7e18000 r--p 00000000 08:05 4212646                    /usr/lib/x86_64-linux-gnu/libfreetype.so.6.17.1
7f8ff7e18000-7f8ff7e98000 r-xp 0000c000 08:05 4212646                    /usr/lib/x86_64-linux-gnu/libfreetype.so.6.17.1
7f8ff7e98000-7f8ff7ec2000 r--p 0008c000 08:05 4212646                    /usr/lib/x86_64-linux-gnu/libfreetype.so.6.17.1
7f8ff7ec2000-7f8ff7ec3000 ---p 000b6000 08:05 4212646                    /usr/lib/x86_64-linux-gnu/libfreetype.so.6.17.1
7f8ff7ec3000-7f8ff7eca000 r--p 000b6000 08:05 4212646                    /usr/lib/x86_64-linux-gnu/libfreetype.so.6.17.1
7f8ff7eca000-7f8ff7ecb000 rw-p 000bd000 08:05 4212646                    /usr/lib/x86_64-linux-gnu/libfreetype.so.6.17.1
7f8ff7ecb000-7f8ff7ecf000 r--p 00000000 08:05 4206044                    /usr/lib/jvm/java-13-openjdk-amd64/lib/libfontmanager.so
7f8ff7ecf000-7f8ff7fba000 r-xp 00004000 08:05 4206044                    /usr/lib/jvm/java-13-openjdk-amd64/lib/libfontmanager.so
7f8ff7fba000-7f8ff7ffa000 r--p 000ef000 08:05 4206044                    /usr/lib/jvm/java-13-openjdk-amd64/lib/libfontmanager.so
7f8ff7ffa000-7f8ff7ffb000 ---p 0012f000 08:05 4206044                    /usr/lib/jvm/java-13-openjdk-amd64/lib/libfontmanager.so
7f8ff7ffb000-7f8ff7ffc000 r--p 0012f000 08:05 4206044                    /usr/lib/jvm/java-13-openjdk-amd64/lib/libfontmanager.so
7f8ff7ffc000-7f8ff7ffd000 rw-p 00130000 08:05 4206044                    /usr/lib/jvm/java-13-openjdk-amd64/lib/libfontmanager.so
7f8ff7ffd000-7f8ff8000000 rw-p 00000000 00:00 0 
7f8ff8000000-7f8ff8021000 rw-p 00000000 00:00 0 
7f8ff8021000-7f8ffc000000 ---p 00000000 00:00 0 
7f8ffc000000-7f8ffc021000 rw-p 00000000 00:00 0 
7f8ffc021000-7f9000000000 ---p 00000000 00:00 0 
7f9000000000-7f9000427000 rw-p 00000000 00:00 0 
7f9000427000-7f9004000000 ---p 00000000 00:00 0 
7f9004000000-7f90042d9000 rw-p 00000000 00:00 0 
7f90042d9000-7f9008000000 ---p 00000000 00:00 0 
7f9008000000-7f9008021000 rw-p 00000000 00:00 0 
7f9008021000-7f900c000000 ---p 00000000 00:00 0 
7f900c000000-7f900c021000 rw-p 00000000 00:00 0 
7f900c021000-7f9010000000 ---p 00000000 00:00 0 
7f9010000000-7f9010021000 rw-p 00000000 00:00 0 
7f9010021000-7f9014000000 ---p 00000000 00:00 0 
7f9014000000-7f9014021000 rw-p 00000000 00:00 0 
7f9014021000-7f9018000000 ---p 00000000 00:00 0 
7f9018000000-7f9018021000 rw-p 00000000 00:00 0 
7f9018021000-7f901c000000 ---p 00000000 00:00 0 
7f901c000000-7f901c021000 rw-p 00000000 00:00 0 
7f901c021000-7f9020000000 ---p 00000000 00:00 0 
7f9020000000-7f9020021000 rw-p 00000000 00:00 0 
7f9020021000-7f9024000000 ---p 00000000 00:00 0 
7f9024003000-7f9024004000 r--p 00000000 08:05 5113943                    /lib/x86_64-linux-gnu/libnss_mdns4_minimal.so.2
7f9024004000-7f9024006000 r-xp 00001000 08:05 5113943                    /lib/x86_64-linux-gnu/libnss_mdns4_minimal.so.2
7f9024006000-7f9024007000 r--p 00003000 08:05 5113943                    /lib/x86_64-linux-gnu/libnss_mdns4_minimal.so.2
7f9024007000-7f9024008000 r--p 00003000 08:05 5113943                    /lib/x86_64-linux-gnu/libnss_mdns4_minimal.so.2
7f9024008000-7f9024009000 rw-p 00004000 08:05 5113943                    /lib/x86_64-linux-gnu/libnss_mdns4_minimal.so.2
7f9024009000-7f902400f000 r--p 00000000 08:05 5112075                    /lib/x86_64-linux-gnu/libselinux.so.1
7f902400f000-7f9024028000 r-xp 00006000 08:05 5112075                    /lib/x86_64-linux-gnu/libselinux.so.1
7f9024028000-7f902402f000 r--p 0001f000 08:05 5112075                    /lib/x86_64-linux-gnu/libselinux.so.1
7f902402f000-7f9024030000 ---p 00026000 08:05 5112075                    /lib/x86_64-linux-gnu/libselinux.so.1
7f9024030000-7f9024031000 r--p 00026000 08:05 5112075                    /lib/x86_64-linux-gnu/libselinux.so.1
7f9024031000-7f9024032000 rw-p 00027000 08:05 5112075                    /lib/x86_64-linux-gnu/libselinux.so.1
7f9024032000-7f9024034000 rw-p 00000000 00:00 0 
7f9024034000-7f9024035000 r--p 00000000 08:05 4201982                    /usr/lib/x86_64-linux-gnu/libgmodule-2.0.so.0.6400.6
7f9024035000-7f9024037000 r-xp 00001000 08:05 4201982                    /usr/lib/x86_64-linux-gnu/libgmodule-2.0.so.0.6400.6
7f9024037000-7f9024038000 r--p 00003000 08:05 4201982                    /usr/lib/x86_64-linux-gnu/libgmodule-2.0.so.0.6400.6
7f9024038000-7f9024039000 r--p 00003000 08:05 4201982                    /usr/lib/x86_64-linux-gnu/libgmodule-2.0.so.0.6400.6
7f9024039000-7f902403a000 rw-p 00004000 08:05 4201982                    /usr/lib/x86_64-linux-gnu/libgmodule-2.0.so.0.6400.6
7f902403a000-7f902403c000 r--p 00000000 08:05 4196931                    /usr/lib/x86_64-linux-gnu/libXrandr.so.2.2.0
7f902403c000-7f9024043000 r-xp 00002000 08:05 4196931                    /usr/lib/x86_64-linux-gnu/libXrandr.so.2.2.0
7f9024043000-7f9024045000 r--p 00009000 08:05 4196931                    /usr/lib/x86_64-linux-gnu/libXrandr.so.2.2.0
7f9024045000-7f9024046000 r--p 0000a000 08:05 4196931                    /usr/lib/x86_64-linux-gnu/libXrandr.so.2.2.0
7f9024046000-7f9024047000 rw-p 0000b000 08:05 4196931                    /usr/lib/x86_64-linux-gnu/libXrandr.so.2.2.0
7f9024047000-7f902404c000 r--p 00000000 08:05 4200951                    /usr/lib/x86_64-linux-gnu/libpng16.so.16.37.0
7f902404c000-7f9024071000 r-xp 00005000 08:05 4200951                    /usr/lib/x86_64-linux-gnu/libpng16.so.16.37.0
7f9024071000-7f902407d000 r--p 0002a000 08:05 4200951                    /usr/lib/x86_64-linux-gnu/libpng16.so.16.37.0
7f902407d000-7f902407e000 r--p 00035000 08:05 4200951                    /usr/lib/x86_64-linux-gnu/libpng16.so.16.37.0
7f902407e000-7f902407f000 rw-p 00036000 08:05 4200951                    /usr/lib/x86_64-linux-gnu/libpng16.so.16.37.0
7f9024080000-7f9024082000 r--p 00000000 08:05 4200541                    /usr/lib/x86_64-linux-gnu/libXfixes.so.3.1.0
7f9024082000-7f9024085000 r-xp 00002000 08:05 4200541                    /usr/lib/x86_64-linux-gnu/libXfixes.so.3.1.0
7f9024085000-7f9024086000 r--p 00005000 08:05 4200541                    /usr/lib/x86_64-linux-gnu/libXfixes.so.3.1.0
7f9024086000-7f9024087000 r--p 00005000 08:05 4200541                    /usr/lib/x86_64-linux-gnu/libXfixes.so.3.1.0
7f9024087000-7f9024088000 rw-p 00006000 08:05 4200541                    /usr/lib/x86_64-linux-gnu/libXfixes.so.3.1.0
7f9024088000-7f90240a8000 r--p 00000000 08:05 5511550                    /usr/share/locale-langpack/es/LC_MESSAGES/glib20.mo
7f90240a8000-7f90240af000 r--s 00000000 08:05 4460204                    /usr/lib/x86_64-linux-gnu/gconv/gconv-modules.cache
7f90240af000-7f90240b3000 r--p 00000000 08:05 4196110                    /usr/lib/x86_64-linux-gnu/libbsd.so.0.10.0
7f90240b3000-7f90240c2000 r-xp 00004000 08:05 4196110                    /usr/lib/x86_64-linux-gnu/libbsd.so.0.10.0
7f90240c2000-7f90240c5000 r--p 00013000 08:05 4196110                    /usr/lib/x86_64-linux-gnu/libbsd.so.0.10.0
7f90240c5000-7f90240c6000 ---p 00016000 08:05 4196110                    /usr/lib/x86_64-linux-gnu/libbsd.so.0.10.0
7f90240c6000-7f90240c7000 r--p 00016000 08:05 4196110                    /usr/lib/x86_64-linux-gnu/libbsd.so.0.10.0
7f90240c7000-7f90240c8000 rw-p 00017000 08:05 4196110                    /usr/lib/x86_64-linux-gnu/libbsd.so.0.10.0
7f90240c8000-7f90240c9000 rw-p 00000000 00:00 0 
7f90240c9000-7f90240d4000 r--p 00000000 08:05 4201151                    /usr/lib/x86_64-linux-gnu/libxcb.so.1.1.0
7f90240d4000-7f90240e8000 r-xp 0000b000 08:05 4201151                    /usr/lib/x86_64-linux-gnu/libxcb.so.1.1.0
7f90240e8000-7f90240f1000 r--p 0001f000 08:05 4201151                    /usr/lib/x86_64-linux-gnu/libxcb.so.1.1.0
7f90240f1000-7f90240f2000 r--p 00027000 08:05 4201151                    /usr/lib/x86_64-linux-gnu/libxcb.so.1.1.0
7f90240f2000-7f90240f3000 rw-p 00028000 08:05 4201151                    /usr/lib/x86_64-linux-gnu/libxcb.so.1.1.0
7f90240f3000-7f90240f5000 r--p 00000000 08:05 4200539                    /usr/lib/x86_64-linux-gnu/libXi.so.6.1.0
7f90240f5000-7f9024100000 r-xp 00002000 08:05 4200539                    /usr/lib/x86_64-linux-gnu/libXi.so.6.1.0
7f9024100000-7f9024103000 r--p 0000d000 08:05 4200539                    /usr/lib/x86_64-linux-gnu/libXi.so.6.1.0
7f9024103000-7f9024104000 r--p 0000f000 08:05 4200539                    /usr/lib/x86_64-linux-gnu/libXi.so.6.1.0
7f9024104000-7f9024105000 rw-p 00010000 08:05 4200539                    /usr/lib/x86_64-linux-gnu/libXi.so.6.1.0
7f9024105000-7f902410a000 r-xp 00000000 08:05 4202265                    /usr/lib/x86_64-linux-gnu/libXtst.so.6.1.0
7f902410a000-7f9024309000 ---p 00005000 08:05 4202265                    /usr/lib/x86_64-linux-gnu/libXtst.so.6.1.0
7f9024309000-7f902430a000 r--p 00004000 08:05 4202265                    /usr/lib/x86_64-linux-gnu/libXtst.so.6.1.0
7f902430a000-7f902430b000 rw-p 00005000 08:05 4202265                    /usr/lib/x86_64-linux-gnu/libXtst.so.6.1.0
7f902430b000-7f9024314000 r-xp 00000000 08:05 4202259                    /usr/lib/x86_64-linux-gnu/libXrender.so.1.3.0
7f9024314000-7f9024513000 ---p 00009000 08:05 4202259                    /usr/lib/x86_64-linux-gnu/libXrender.so.1.3.0
7f9024513000-7f9024514000 r--p 00008000 08:05 4202259                    /usr/lib/x86_64-linux-gnu/libXrender.so.1.3.0
7f9024514000-7f9024515000 rw-p 00009000 08:05 4202259                    /usr/lib/x86_64-linux-gnu/libXrender.so.1.3.0
7f9024515000-7f902452d000 r--p 00000000 08:05 4202365                    /usr/lib/x86_64-linux-gnu/libX11.so.6.3.0
7f902452d000-7f90245b8000 r-xp 00018000 08:05 4202365                    /usr/lib/x86_64-linux-gnu/libX11.so.6.3.0
7f90245b8000-7f902464c000 r--p 000a3000 08:05 4202365                    /usr/lib/x86_64-linux-gnu/libX11.so.6.3.0
7f902464c000-7f902464d000 ---p 00137000 08:05 4202365                    /usr/lib/x86_64-linux-gnu/libX11.so.6.3.0
7f902464d000-7f902464e000 r--p 00137000 08:05 4202365                    /usr/lib/x86_64-linux-gnu/libX11.so.6.3.0
7f902464e000-7f9024652000 rw-p 00138000 08:05 4202365                    /usr/lib/x86_64-linux-gnu/libX11.so.6.3.0
7f9024652000-7f9024656000 r--p 00000000 08:05 4201059                    /usr/lib/x86_64-linux-gnu/libXext.so.6.4.0
7f9024656000-7f9024661000 r-xp 00004000 08:05 4201059                    /usr/lib/x86_64-linux-gnu/libXext.so.6.4.0
7f9024661000-7f9024665000 r--p 0000f000 08:05 4201059                    /usr/lib/x86_64-linux-gnu/libXext.so.6.4.0
7f9024665000-7f9024666000 r--p 00012000 08:05 4201059                    /usr/lib/x86_64-linux-gnu/libXext.so.6.4.0
7f9024666000-7f9024667000 rw-p 00013000 08:05 4201059                    /usr/lib/x86_64-linux-gnu/libXext.so.6.4.0
7f902466c000-7f9024690000 r--p 00000000 08:05 5512240                    /usr/share/locale-langpack/es/LC_MESSAGES/libc.mo
7f9024690000-7f90246a0000 r--p 00000000 08:05 4206041                    /usr/lib/jvm/java-13-openjdk-amd64/lib/libawt_xawt.so
7f90246a0000-7f90246df000 r-xp 00010000 08:05 4206041                    /usr/lib/jvm/java-13-openjdk-amd64/lib/libawt_xawt.so
7f90246df000-7f90246f0000 r--p 0004f000 08:05 4206041                    /usr/lib/jvm/java-13-openjdk-amd64/lib/libawt_xawt.so
7f90246f0000-7f90246f1000 ---p 00060000 08:05 4206041                    /usr/lib/jvm/java-13-openjdk-amd64/lib/libawt_xawt.so
7f90246f1000-7f90246f2000 r--p 00060000 08:05 4206041                    /usr/lib/jvm/java-13-openjdk-amd64/lib/libawt_xawt.so
7f90246f2000-7f90246f5000 rw-p 00061000 08:05 4206041                    /usr/lib/jvm/java-13-openjdk-amd64/lib/libawt_xawt.so
7f90246f5000-7f90246f7000 rw-p 00000000 00:00 0 
7f90246f7000-7f9024723000 r--p 00000000 08:05 4206039                    /usr/lib/jvm/java-13-openjdk-amd64/lib/libawt.so
7f9024723000-7f902478c000 r-xp 0002c000 08:05 4206039                    /usr/lib/jvm/java-13-openjdk-amd64/lib/libawt.so
7f902478c000-7f9024798000 r--p 00095000 08:05 4206039                    /usr/lib/jvm/java-13-openjdk-amd64/lib/libawt.so
7f9024798000-7f9024799000 ---p 000a1000 08:05 4206039                    /usr/lib/jvm/java-13-openjdk-amd64/lib/libawt.so
7f9024799000-7f902479a000 r--p 000a1000 08:05 4206039                    /usr/lib/jvm/java-13-openjdk-amd64/lib/libawt.so
7f902479a000-7f90247a5000 rw-p 000a2000 08:05 4206039                    /usr/lib/jvm/java-13-openjdk-amd64/lib/libawt.so
7f90247a5000-7f90247fb000 rw-p 00000000 00:00 0 
7f90247fb000-7f90247ff000 ---p 00000000 00:00 0 
7f90247ff000-7f90248fc000 rw-p 00000000 00:00 0 
7f90248fc000-7f90248fd000 ---p 00000000 00:00 0 
7f90248fd000-7f90249fe000 rw-p 00000000 00:00 0 
7f90249fe000-7f9024a02000 ---p 00000000 00:00 0 
7f9024a02000-7f9024aff000 rw-p 00000000 00:00 0 
7f9024aff000-7f9024b03000 ---p 00000000 00:00 0 
7f9024b03000-7f9024c00000 rw-p 00000000 00:00 0 
7f9024c00000-7f9024c04000 ---p 00000000 00:00 0 
7f9024c04000-7f9024d01000 rw-p 00000000 00:00 0 
7f9024d01000-7f9025800000 r--p 00000000 08:05 4195743                    /usr/lib/locale/locale-archive
7f9025800000-7f9028000000 rw-p 00000000 00:00 0 
7f9028000000-7f9028021000 rw-p 00000000 00:00 0 
7f9028021000-7f902c000000 ---p 00000000 00:00 0 
7f902c000000-7f902c021000 rw-p 00000000 00:00 0 
7f902c021000-7f9030000000 ---p 00000000 00:00 0 
7f9030000000-7f9030021000 rw-p 00000000 00:00 0 
7f9030021000-7f9034000000 ---p 00000000 00:00 0 
7f9034001000-7f9034003000 r--p 00000000 08:05 4201148                    /usr/lib/x86_64-linux-gnu/libXdmcp.so.6.0.0
7f9034003000-7f9034005000 r-xp 00002000 08:05 4201148                    /usr/lib/x86_64-linux-gnu/libXdmcp.so.6.0.0
7f9034005000-7f9034007000 r--p 00004000 08:05 4201148                    /usr/lib/x86_64-linux-gnu/libXdmcp.so.6.0.0
7f9034007000-7f9034008000 r--p 00005000 08:05 4201148                    /usr/lib/x86_64-linux-gnu/libXdmcp.so.6.0.0
7f9034008000-7f9034009000 rw-p 00006000 08:05 4201148                    /usr/lib/x86_64-linux-gnu/libXdmcp.so.6.0.0
7f9034009000-7f903400d000 r--p 00000000 08:05 4207247                    /usr/lib/jvm/java-13-openjdk-amd64/lib/libnet.so
7f903400d000-7f903401b000 r-xp 00004000 08:05 4207247                    /usr/lib/jvm/java-13-openjdk-amd64/lib/libnet.so
7f903401b000-7f903401f000 r--p 00012000 08:05 4207247                    /usr/lib/jvm/java-13-openjdk-amd64/lib/libnet.so
7f903401f000-7f9034020000 r--p 00015000 08:05 4207247                    /usr/lib/jvm/java-13-openjdk-amd64/lib/libnet.so
7f9034020000-7f9034021000 rw-p 00016000 08:05 4207247                    /usr/lib/jvm/java-13-openjdk-amd64/lib/libnet.so
7f9034021000-7f9034025000 ---p 00000000 00:00 0 
7f9034025000-7f9034122000 rw-p 00000000 00:00 0 
7f9034122000-7f9034126000 ---p 00000000 00:00 0 
7f9034126000-7f9034223000 rw-p 00000000 00:00 0 
7f9034223000-7f9034227000 ---p 00000000 00:00 0 
7f9034227000-7f9034324000 rw-p 00000000 00:00 0 
7f9034324000-7f9034328000 ---p 00000000 00:00 0 
7f9034328000-7f9034425000 rw-p 00000000 00:00 0 
7f9034425000-7f9034426000 ---p 00000000 00:00 0 
7f9034426000-7f9034603000 rw-p 00000000 00:00 0 
7f9034603000-7f9034604000 ---p 00000000 00:00 0 
7f9034604000-7f9034705000 rw-p 00000000 00:00 0 
7f9034705000-7f9034706000 ---p 00000000 00:00 0 
7f9034706000-7f9034cf2000 rw-p 00000000 00:00 0 
7f9034cf2000-7f903694a000 ---p 00000000 00:00 0 
7f903694a000-7f9036b32000 rw-p 00000000 00:00 0 
7f9036b32000-7f903878a000 ---p 00000000 00:00 0 
7f903878a000-7f90389fa000 rwxp 00000000 00:00 0 
7f90389fa000-7f9038d1b000 ---p 00000000 00:00 0 
7f9038d1b000-7f9038f8b000 rwxp 00000000 00:00 0 
7f9038f8b000-7f9040252000 ---p 00000000 00:00 0 
7f9040252000-7f90404c2000 rwxp 00000000 00:00 0 
7f90404c2000-7f904778a000 ---p 00000000 00:00 0 
7f904778a000-7f9050000000 r--s 00000000 08:05 4207258                    /usr/lib/jvm/java-13-openjdk-amd64/lib/modules
7f9050000000-7f90504d3000 rw-p 00000000 00:00 0 
7f90504d3000-7f9054000000 ---p 00000000 00:00 0 
7f9054000000-7f9054001000 r--p 00000000 08:05 4201061                    /usr/lib/x86_64-linux-gnu/libXinerama.so.1.0.0
7f9054001000-7f9054002000 r-xp 00001000 08:05 4201061                    /usr/lib/x86_64-linux-gnu/libXinerama.so.1.0.0
7f9054002000-7f9054003000 r--p 00002000 08:05 4201061                    /usr/lib/x86_64-linux-gnu/libXinerama.so.1.0.0
7f9054003000-7f9054004000 r--p 00002000 08:05 4201061                    /usr/lib/x86_64-linux-gnu/libXinerama.so.1.0.0
7f9054004000-7f9054005000 rw-p 00003000 08:05 4201061                    /usr/lib/x86_64-linux-gnu/libXinerama.so.1.0.0
7f9054005000-7f905400c000 r--p 00000000 08:05 4207249                    /usr/lib/jvm/java-13-openjdk-amd64/lib/libnio.so
7f905400c000-7f9054015000 r-xp 00007000 08:05 4207249                    /usr/lib/jvm/java-13-openjdk-amd64/lib/libnio.so
7f9054015000-7f9054019000 r--p 00010000 08:05 4207249                    /usr/lib/jvm/java-13-openjdk-amd64/lib/libnio.so
7f9054019000-7f905401a000 r--p 00013000 08:05 4207249                    /usr/lib/jvm/java-13-openjdk-amd64/lib/libnio.so
7f905401a000-7f905401b000 rw-p 00014000 08:05 4207249                    /usr/lib/jvm/java-13-openjdk-amd64/lib/libnio.so
7f905401b000-7f905419f000 rw-p 00000000 00:00 0 
7f905419f000-7f90541a0000 ---p 00000000 00:00 0 
7f90541a0000-7f90542a1000 rw-p 00000000 00:00 0 
7f90542a1000-7f90542a2000 ---p 00000000 00:00 0 
7f90542a2000-7f90543a3000 rw-p 00000000 00:00 0 
7f90543a3000-7f90543a4000 ---p 00000000 00:00 0 
7f90543a4000-7f9054523000 rw-p 00000000 00:00 0 
7f9054523000-7f90548ae000 ---p 00000000 00:00 0 
7f90548ae000-7f90548eb000 rw-p 00000000 00:00 0 
7f90548eb000-7f9054c76000 ---p 00000000 00:00 0 
7f9054c76000-7f9054cb3000 rw-p 00000000 00:00 0 
7f9054cb3000-7f905503e000 ---p 00000000 00:00 0 
7f905503e000-7f9055447000 rw-p 00000000 00:00 0 
7f9055447000-7f905552d000 ---p 00000000 00:00 0 
7f905552d000-7f9055532000 rw-p 00000000 00:00 0 
7f9055532000-7f9055618000 ---p 00000000 00:00 0 
7f9055618000-7f905561b000 r--p 00000000 08:05 5120676                    /lib/x86_64-linux-gnu/libnss_files-2.31.so
7f905561b000-7f9055622000 r-xp 00003000 08:05 5120676                    /lib/x86_64-linux-gnu/libnss_files-2.31.so
7f9055622000-7f9055624000 r--p 0000a000 08:05 5120676                    /lib/x86_64-linux-gnu/libnss_files-2.31.so
7f9055624000-7f9055625000 r--p 0000b000 08:05 5120676                    /lib/x86_64-linux-gnu/libnss_files-2.31.so
7f9055625000-7f9055626000 rw-p 0000c000 08:05 5120676                    /lib/x86_64-linux-gnu/libnss_files-2.31.so
7f9055626000-7f905562c000 rw-p 00000000 00:00 0 
7f905562c000-7f9055631000 r--p 00000000 08:05 5120673                    /lib/x86_64-linux-gnu/libnsl-2.31.so
7f9055631000-7f9055641000 r-xp 00005000 08:05 5120673                    /lib/x86_64-linux-gnu/libnsl-2.31.so
7f9055641000-7f9055645000 r--p 00015000 08:05 5120673                    /lib/x86_64-linux-gnu/libnsl-2.31.so
7f9055645000-7f9055646000 r--p 00018000 08:05 5120673                    /lib/x86_64-linux-gnu/libnsl-2.31.so
7f9055646000-7f9055647000 rw-p 00019000 08:05 5120673                    /lib/x86_64-linux-gnu/libnsl-2.31.so
7f9055647000-7f9055649000 rw-p 00000000 00:00 0 
7f9055649000-7f905564c000 r--p 00000000 08:05 5120678                    /lib/x86_64-linux-gnu/libnss_nis-2.31.so
7f905564c000-7f9055654000 r-xp 00003000 08:05 5120678                    /lib/x86_64-linux-gnu/libnss_nis-2.31.so
7f9055654000-7f9055656000 r--p 0000b000 08:05 5120678                    /lib/x86_64-linux-gnu/libnss_nis-2.31.so
7f9055656000-7f9055657000 r--p 0000c000 08:05 5120678                    /lib/x86_64-linux-gnu/libnss_nis-2.31.so
7f9055657000-7f9055658000 rw-p 0000d000 08:05 5120678                    /lib/x86_64-linux-gnu/libnss_nis-2.31.so
7f905565a000-7f905565b000 r--s 00000000 00:40 134                        /run/user/1000/dconf/user
7f905565b000-7f905565c000 r--p 00000000 08:05 4194943                    /usr/lib/x86_64-linux-gnu/libXau.so.6.0.0
7f905565c000-7f905565e000 r-xp 00001000 08:05 4194943                    /usr/lib/x86_64-linux-gnu/libXau.so.6.0.0
7f905565e000-7f905565f000 r--p 00003000 08:05 4194943                    /usr/lib/x86_64-linux-gnu/libXau.so.6.0.0
7f905565f000-7f9055660000 r--p 00003000 08:05 4194943                    /usr/lib/x86_64-linux-gnu/libXau.so.6.0.0
7f9055660000-7f9055661000 rw-p 00004000 08:05 4194943                    /usr/lib/x86_64-linux-gnu/libXau.so.6.0.0
7f9055661000-7f9055666000 rw-p 00000000 00:00 0 
7f9055666000-7f905566d000 ---p 00000000 00:00 0 
7f905566d000-7f905566f000 r--s 0000c000 08:05 4592162                    /usr/share/java/java-atk-wrapper.jar
7f905566f000-7f9055671000 r--p 00000000 08:05 4207257                    /usr/lib/jvm/java-13-openjdk-amd64/lib/libzip.so
7f9055671000-7f9055675000 r-xp 00002000 08:05 4207257                    /usr/lib/jvm/java-13-openjdk-amd64/lib/libzip.so
7f9055675000-7f9055677000 r--p 00006000 08:05 4207257                    /usr/lib/jvm/java-13-openjdk-amd64/lib/libzip.so
7f9055677000-7f9055678000 r--p 00007000 08:05 4207257                    /usr/lib/jvm/java-13-openjdk-amd64/lib/libzip.so
7f9055678000-7f9055679000 rw-p 00008000 08:05 4207257                    /usr/lib/jvm/java-13-openjdk-amd64/lib/libzip.so
7f9055679000-7f9055681000 rw-s 00000000 08:05 9178118                    /tmp/hsperfdata_miguel/30022
7f9055681000-7f905568e000 r--p 00000000 08:05 4206050                    /usr/lib/jvm/java-13-openjdk-amd64/lib/libjava.so
7f905568e000-7f90556a3000 r-xp 0000d000 08:05 4206050                    /usr/lib/jvm/java-13-openjdk-amd64/lib/libjava.so
7f90556a3000-7f90556a9000 r--p 00022000 08:05 4206050                    /usr/lib/jvm/java-13-openjdk-amd64/lib/libjava.so
7f90556a9000-7f90556aa000 ---p 00028000 08:05 4206050                    /usr/lib/jvm/java-13-openjdk-amd64/lib/libjava.so
7f90556aa000-7f90556ab000 r--p 00028000 08:05 4206050                    /usr/lib/jvm/java-13-openjdk-amd64/lib/libjava.so
7f90556ab000-7f90556ad000 rw-p 00029000 08:05 4206050                    /usr/lib/jvm/java-13-openjdk-amd64/lib/libjava.so
7f90556ad000-7f90556b1000 ---p 00000000 00:00 0 
7f90556b1000-7f90557ae000 rw-p 00000000 00:00 0 
7f90557ae000-7f90557b1000 r--p 00000000 08:05 5112281                    /lib/x86_64-linux-gnu/libgcc_s.so.1
7f90557b1000-7f90557c3000 r-xp 00003000 08:05 5112281                    /lib/x86_64-linux-gnu/libgcc_s.so.1
7f90557c3000-7f90557c7000 r--p 00015000 08:05 5112281                    /lib/x86_64-linux-gnu/libgcc_s.so.1
7f90557c7000-7f90557c8000 r--p 00018000 08:05 5112281                    /lib/x86_64-linux-gnu/libgcc_s.so.1
7f90557c8000-7f90557c9000 rw-p 00019000 08:05 5112281                    /lib/x86_64-linux-gnu/libgcc_s.so.1
7f90557c9000-7f90557d8000 r--p 00000000 08:05 5120670                    /lib/x86_64-linux-gnu/libm-2.31.so
7f90557d8000-7f905587f000 r-xp 0000f000 08:05 5120670                    /lib/x86_64-linux-gnu/libm-2.31.so
7f905587f000-7f9055916000 r--p 000b6000 08:05 5120670                    /lib/x86_64-linux-gnu/libm-2.31.so
7f9055916000-7f9055917000 r--p 0014c000 08:05 5120670                    /lib/x86_64-linux-gnu/libm-2.31.so
7f9055917000-7f9055918000 rw-p 0014d000 08:05 5120670                    /lib/x86_64-linux-gnu/libm-2.31.so
7f9055918000-7f90559ae000 r--p 00000000 08:05 4195001                    /usr/lib/x86_64-linux-gnu/libstdc++.so.6.0.28
7f90559ae000-7f9055a9f000 r-xp 00096000 08:05 4195001                    /usr/lib/x86_64-linux-gnu/libstdc++.so.6.0.28
7f9055a9f000-7f9055ae8000 r--p 00187000 08:05 4195001                    /usr/lib/x86_64-linux-gnu/libstdc++.so.6.0.28
7f9055ae8000-7f9055ae9000 ---p 001d0000 08:05 4195001                    /usr/lib/x86_64-linux-gnu/libstdc++.so.6.0.28
7f9055ae9000-7f9055af4000 r--p 001d0000 08:05 4195001                    /usr/lib/x86_64-linux-gnu/libstdc++.so.6.0.28
7f9055af4000-7f9055af7000 rw-p 001db000 08:05 4195001                    /usr/lib/x86_64-linux-gnu/libstdc++.so.6.0.28
7f9055af7000-7f9055afa000 rw-p 00000000 00:00 0 
7f9055afa000-7f9055d80000 r--p 00000000 08:05 4207263                    /usr/lib/jvm/java-13-openjdk-amd64/lib/server/libjvm.so
7f9055d80000-7f9056afd000 r-xp 00286000 08:05 4207263                    /usr/lib/jvm/java-13-openjdk-amd64/lib/server/libjvm.so
7f9056afd000-7f9056d78000 r--p 01003000 08:05 4207263                    /usr/lib/jvm/java-13-openjdk-amd64/lib/server/libjvm.so
7f9056d78000-7f9056e3d000 r--p 0127d000 08:05 4207263                    /usr/lib/jvm/java-13-openjdk-amd64/lib/server/libjvm.so
7f9056e3d000-7f9056e78000 rw-p 01342000 08:05 4207263                    /usr/lib/jvm/java-13-openjdk-amd64/lib/server/libjvm.so
7f9056e78000-7f9056efe000 rw-p 00000000 00:00 0 
7f9056efe000-7f9056f05000 r--p 00000000 08:05 5120681                    /lib/x86_64-linux-gnu/libpthread-2.31.so
7f9056f05000-7f9056f16000 r-xp 00007000 08:05 5120681                    /lib/x86_64-linux-gnu/libpthread-2.31.so
7f9056f16000-7f9056f1b000 r--p 00018000 08:05 5120681                    /lib/x86_64-linux-gnu/libpthread-2.31.so
7f9056f1b000-7f9056f1c000 r--p 0001c000 08:05 5120681                    /lib/x86_64-linux-gnu/libpthread-2.31.so
7f9056f1c000-7f9056f1d000 rw-p 0001d000 08:05 5120681                    /lib/x86_64-linux-gnu/libpthread-2.31.so
7f9056f1d000-7f9056f21000 rw-p 00000000 00:00 0 
7f9056f21000-7f9056f22000 r--p 00000000 08:05 5120669                    /lib/x86_64-linux-gnu/libdl-2.31.so
7f9056f22000-7f9056f24000 r-xp 00001000 08:05 5120669                    /lib/x86_64-linux-gnu/libdl-2.31.so
7f9056f24000-7f9056f25000 r--p 00003000 08:05 5120669                    /lib/x86_64-linux-gnu/libdl-2.31.so
7f9056f25000-7f9056f26000 r--p 00003000 08:05 5120669                    /lib/x86_64-linux-gnu/libdl-2.31.so
7f9056f26000-7f9056f27000 rw-p 00004000 08:05 5120669                    /lib/x86_64-linux-gnu/libdl-2.31.so
7f9056f27000-7f9056f29000 r--p 00000000 08:05 5116440                    /lib/x86_64-linux-gnu/libz.so.1.2.11
7f9056f29000-7f9056f3a000 r-xp 00002000 08:05 5116440                    /lib/x86_64-linux-gnu/libz.so.1.2.11
7f9056f3a000-7f9056f40000 r--p 00013000 08:05 5116440                    /lib/x86_64-linux-gnu/libz.so.1.2.11
7f9056f40000-7f9056f41000 ---p 00019000 08:05 5116440                    /lib/x86_64-linux-gnu/libz.so.1.2.11
7f9056f41000-7f9056f42000 r--p 00019000 08:05 5116440                    /lib/x86_64-linux-gnu/libz.so.1.2.11
7f9056f42000-7f9056f43000 rw-p 0001a000 08:05 5116440                    /lib/x86_64-linux-gnu/libz.so.1.2.11
7f9056f43000-7f9056f68000 r--p 00000000 08:05 5120667                    /lib/x86_64-linux-gnu/libc-2.31.so
7f9056f68000-7f90570e0000 r-xp 00025000 08:05 5120667                    /lib/x86_64-linux-gnu/libc-2.31.so
7f90570e0000-7f905712a000 r--p 0019d000 08:05 5120667                    /lib/x86_64-linux-gnu/libc-2.31.so
7f905712a000-7f905712b000 ---p 001e7000 08:05 5120667                    /lib/x86_64-linux-gnu/libc-2.31.so
7f905712b000-7f905712e000 r--p 001e7000 08:05 5120667                    /lib/x86_64-linux-gnu/libc-2.31.so
7f905712e000-7f9057131000 rw-p 001ea000 08:05 5120667                    /lib/x86_64-linux-gnu/libc-2.31.so
7f9057131000-7f9057135000 rw-p 00000000 00:00 0 
7f9057135000-7f9057137000 r--p 00000000 08:05 5120674                    /lib/x86_64-linux-gnu/libnss_compat-2.31.so
7f9057137000-7f905713e000 r-xp 00002000 08:05 5120674                    /lib/x86_64-linux-gnu/libnss_compat-2.31.so
7f905713e000-7f905713f000 r--p 00009000 08:05 5120674                    /lib/x86_64-linux-gnu/libnss_compat-2.31.so
7f905713f000-7f9057140000 r--p 00009000 08:05 5120674                    /lib/x86_64-linux-gnu/libnss_compat-2.31.so
7f9057140000-7f9057141000 rw-p 0000a000 08:05 5120674                    /lib/x86_64-linux-gnu/libnss_compat-2.31.so
7f9057141000-7f9057142000 ---p 00000000 00:00 0 
7f9057142000-7f9057143000 r--p 00000000 00:00 0 
7f9057143000-7f9057145000 r--p 00000000 08:05 4206054                    /usr/lib/jvm/java-13-openjdk-amd64/lib/libjimage.so
7f9057145000-7f9057148000 r-xp 00002000 08:05 4206054                    /usr/lib/jvm/java-13-openjdk-amd64/lib/libjimage.so
7f9057148000-7f9057149000 r--p 00005000 08:05 4206054                    /usr/lib/jvm/java-13-openjdk-amd64/lib/libjimage.so
7f9057149000-7f905714a000 ---p 00006000 08:05 4206054                    /usr/lib/jvm/java-13-openjdk-amd64/lib/libjimage.so
7f905714a000-7f905714b000 r--p 00006000 08:05 4206054                    /usr/lib/jvm/java-13-openjdk-amd64/lib/libjimage.so
7f905714b000-7f905714c000 rw-p 00007000 08:05 4206054                    /usr/lib/jvm/java-13-openjdk-amd64/lib/libjimage.so
7f905714c000-7f9057151000 r--p 00000000 08:05 4207256                    /usr/lib/jvm/java-13-openjdk-amd64/lib/libverify.so
7f9057151000-7f9057158000 r-xp 00005000 08:05 4207256                    /usr/lib/jvm/java-13-openjdk-amd64/lib/libverify.so
7f9057158000-7f905715a000 r--p 0000c000 08:05 4207256                    /usr/lib/jvm/java-13-openjdk-amd64/lib/libverify.so
7f905715a000-7f905715b000 ---p 0000e000 08:05 4207256                    /usr/lib/jvm/java-13-openjdk-amd64/lib/libverify.so
7f905715b000-7f905715d000 r--p 0000e000 08:05 4207256                    /usr/lib/jvm/java-13-openjdk-amd64/lib/libverify.so
7f905715d000-7f905715e000 rw-p 00010000 08:05 4207256                    /usr/lib/jvm/java-13-openjdk-amd64/lib/libverify.so
7f905715e000-7f9057161000 r--p 00000000 08:05 4206055                    /usr/lib/jvm/java-13-openjdk-amd64/lib/libjli.so
7f9057161000-7f905716b000 r-xp 00003000 08:05 4206055                    /usr/lib/jvm/java-13-openjdk-amd64/lib/libjli.so
7f905716b000-7f905716e000 r--p 0000d000 08:05 4206055                    /usr/lib/jvm/java-13-openjdk-amd64/lib/libjli.so
7f905716e000-7f905716f000 r--p 0000f000 08:05 4206055                    /usr/lib/jvm/java-13-openjdk-amd64/lib/libjli.so
7f905716f000-7f9057170000 rw-p 00010000 08:05 4206055                    /usr/lib/jvm/java-13-openjdk-amd64/lib/libjli.so
7f9057170000-7f9057172000 rw-p 00000000 00:00 0 
7f9057172000-7f9057173000 r--p 00000000 08:05 5118249                    /lib/x86_64-linux-gnu/ld-2.31.so
7f9057173000-7f9057196000 r-xp 00001000 08:05 5118249                    /lib/x86_64-linux-gnu/ld-2.31.so
7f9057196000-7f905719e000 r--p 00024000 08:05 5118249                    /lib/x86_64-linux-gnu/ld-2.31.so
7f905719e000-7f905719f000 ---p 00000000 00:00 0 
7f905719f000-7f90571a0000 r--p 0002c000 08:05 5118249                    /lib/x86_64-linux-gnu/ld-2.31.so
7f90571a0000-7f90571a1000 rw-p 0002d000 08:05 5118249                    /lib/x86_64-linux-gnu/ld-2.31.so
7f90571a1000-7f90571a2000 rw-p 00000000 00:00 0 
7ffe05ac9000-7ffe05aea000 rw-p 00000000 00:00 0                          [stack]
7ffe05bc1000-7ffe05bc4000 r--p 00000000 00:00 0                          [vvar]
7ffe05bc4000-7ffe05bc5000 r-xp 00000000 00:00 0                          [vdso]
ffffffffff600000-ffffffffff601000 --xp 00000000 00:00 0                  [vsyscall]


VM Arguments:
java_command: devs.mrp.turkeydesktop.Runner
java_class_path (initial): /home/miguel/NetBeansProjects/TurkeyDesktop/target/classes:/home/miguel/.m2/repository/net/java/dev/jna/jna/5.9.0/jna-5.9.0.jar:/home/miguel/.m2/repository/net/java/dev/jna/jna-platform/5.9.0/jna-platform-5.9.0.jar
Launcher Type: SUN_STANDARD

[Global flags]
     intx CICompilerCount                          = 3                                         {product} {ergonomic}
     uint ConcGCThreads                            = 1                                         {product} {ergonomic}
     uint G1ConcRefinementThreads                  = 4                                         {product} {ergonomic}
   size_t G1HeapRegionSize                         = 1048576                                   {product} {ergonomic}
    uintx GCDrainStackTargetSize                   = 64                                        {product} {ergonomic}
   size_t InitialHeapSize                          = 127926272                                 {product} {ergonomic}
   size_t MarkStackSize                            = 4194304                                   {product} {ergonomic}
   size_t MaxHeapSize                              = 2030043136                                {product} {ergonomic}
   size_t MaxNewSize                               = 1217396736                                {product} {ergonomic}
   size_t MinHeapDeltaBytes                        = 1048576                                   {product} {ergonomic}
   size_t MinHeapSize                              = 8388608                                   {product} {ergonomic}
    uintx NonNMethodCodeHeapSize                   = 5832780                                {pd product} {ergonomic}
    uintx NonProfiledCodeHeapSize                  = 122912730                              {pd product} {ergonomic}
    uintx ProfiledCodeHeapSize                     = 122912730                              {pd product} {ergonomic}
    uintx ReservedCodeCacheSize                    = 251658240                              {pd product} {ergonomic}
     bool SegmentedCodeCache                       = true                                      {product} {ergonomic}
   size_t SoftMaxHeapSize                          = 2030043136                             {manageable} {ergonomic}
     bool UseCompressedClassPointers               = true                                 {lp64_product} {ergonomic}
     bool UseCompressedOops                        = true                                 {lp64_product} {ergonomic}
     bool UseG1GC                                  = true                                      {product} {ergonomic}

Logging:
Log output configuration:
 #0: stdout all=warning uptime,level,tags
 #1: stderr all=off uptime,level,tags

Environment Variables:
JAVA_HOME=/usr/lib/jvm/java-13-openjdk-amd64
PATH=/home/miguel/.cargo/bin:/home/miguel/.local/bin:/usr/local/sbin:/usr/local/bin:/usr/sbin:/usr/bin:/sbin:/bin:/usr/games:/usr/local/games:/snap/bin
USERNAME=miguel
SHELL=/bin/bash
DISPLAY=:1

Signal Handlers:
SIGSEGV: [libjvm.so+0xf8fcf0], sa_mask[0]=11111111011111111101111111111110, sa_flags=SA_RESTART|SA_SIGINFO
SIGBUS: [libjvm.so+0xf8fcf0], sa_mask[0]=11111111011111111101111111111110, sa_flags=SA_RESTART|SA_SIGINFO
SIGFPE: [libjvm.so+0xf8fcf0], sa_mask[0]=11111111011111111101111111111110, sa_flags=SA_RESTART|SA_SIGINFO
SIGPIPE: SIG_IGN, sa_mask[0]=00000000000010000000000000000000, sa_flags=SA_RESTART
SIGXFSZ: [libjvm.so+0xc3ffa0], sa_mask[0]=11111111011111111101111111111110, sa_flags=SA_RESTART|SA_SIGINFO
SIGILL: [libjvm.so+0xf8fcf0], sa_mask[0]=11111111011111111101111111111110, sa_flags=SA_RESTART|SA_SIGINFO
SIGUSR2: [libjvm.so+0xc3fe40], sa_mask[0]=00100000000000000000000000000000, sa_flags=SA_RESTART|SA_SIGINFO
SIGHUP: [libjvm.so+0xc40580], sa_mask[0]=11111111011111111101111111111110, sa_flags=SA_RESTART|SA_SIGINFO
SIGINT: SIG_IGN, sa_mask[0]=00000000000000000000000000000000, sa_flags=none
SIGTERM: [libjvm.so+0xc40580], sa_mask[0]=11111111011111111101111111111110, sa_flags=SA_RESTART|SA_SIGINFO
SIGQUIT: [libjvm.so+0xc40580], sa_mask[0]=11111111011111111101111111111110, sa_flags=SA_RESTART|SA_SIGINFO


---------------  S Y S T E M  ---------------

OS:DISTRIB_ID=Ubuntu
DISTRIB_RELEASE=20.04
DISTRIB_CODENAME=focal
DISTRIB_DESCRIPTION="Ubuntu 20.04.3 LTS"
uname:Linux 5.4.0-89-generic #100-Ubuntu SMP Fri Sep 24 14:50:10 UTC 2021 x86_64
OS uptime: 0 days 3:24 hours
libc:glibc 2.31 NPTL 2.31 
rlimit (soft/hard): STACK 8192k/infinity , CORE 0k/infinity , NPROC 30718/30718 , NOFILE 1048576/1048576 , AS infinity/infinity , CPU infinity/infinity , DATA infinity/infinity , FSIZE infinity/infinity , MEMLOCK 65536k/65536k
load average:0,85 0,82 0,87

/proc/meminfo:
MemTotal:        7922784 kB
MemFree:          147728 kB
MemAvailable:    1693772 kB
Buffers:          465780 kB
Cached:          1243488 kB
SwapCached:         5348 kB
Active:          5307044 kB
Inactive:        1722024 kB
Active(anon):    4477344 kB
Inactive(anon):   948512 kB
Active(file):     829700 kB
Inactive(file):   773512 kB
Unevictable:         692 kB
Mlocked:              96 kB
SwapTotal:      10239996 kB
SwapFree:       10172144 kB
Dirty:              2260 kB
Writeback:             0 kB
AnonPages:       5312152 kB
Mapped:           737744 kB
Shmem:            106072 kB
KReclaimable:     249060 kB
Slab:             491880 kB
SReclaimable:     249060 kB
SUnreclaim:       242820 kB
KernelStack:       22240 kB
PageTables:        47060 kB
NFS_Unstable:          0 kB
Bounce:                0 kB
WritebackTmp:          0 kB
CommitLimit:    14201388 kB
Committed_AS:   12866656 kB
VmallocTotal:   34359738367 kB
VmallocUsed:       69576 kB
VmallocChunk:          0 kB
Percpu:            21120 kB
HardwareCorrupted:     0 kB
AnonHugePages:     10240 kB
ShmemHugePages:        0 kB
ShmemPmdMapped:        0 kB
FileHugePages:         0 kB
FilePmdMapped:         0 kB
CmaTotal:              0 kB
CmaFree:               0 kB
HugePages_Total:       0
HugePages_Free:        0
HugePages_Rsvd:        0
HugePages_Surp:        0
Hugepagesize:       2048 kB
Hugetlb:               0 kB
DirectMap4k:      731592 kB
DirectMap2M:     7428096 kB

/sys/kernel/mm/transparent_hugepage/enabled:
always [madvise] never

/sys/kernel/mm/transparent_hugepage/defrag (defrag/compaction efforts parameter):
always defer defer+madvise [madvise] never


/proc/sys/kernel/threads-max (system-wide limit on the number of threads):
61437


/proc/sys/vm/max_map_count (maximum number of memory map areas a process may have):
65530


/proc/sys/kernel/pid_max (system-wide limit on number of process identifiers):
4194304



/etc/ld.so.preload:

container (cgroup) information:
container_type: cgroupv1
cpu_cpuset_cpus: 0-3
cpu_memory_nodes: 0
active_processor_count: 4
cpu_quota: no quota
cpu_period: 100000
cpu_shares: no shares
memory_limit_in_bytes: unlimited
memory_and_swap_limit_in_bytes: not supported
memory_soft_limit_in_bytes: unlimited
memory_usage_in_bytes: 6170230784
memory_max_usage_in_bytes: 6215557120

Steal ticks since vm start: 0
Steal ticks percentage since vm start:  0,000

CPU:total 4 (initial active 4) (2 cores per cpu, 2 threads per core) family 6 model 42 stepping 7, cmov, cx8, fxsr, mmx, sse, sse2, sse3, ssse3, sse4.1, sse4.2, popcnt, avx, aes, clmul, ht, tsc, tscinvbit
CPU Model and flags from /proc/cpuinfo:
model name	: Intel(R) Core(TM) i5-2450M CPU @ 2.50GHz
flags		: fpu vme de pse tsc msr pae mce cx8 apic sep mtrr pge mca cmov pat pse36 clflush dts acpi mmx fxsr sse sse2 ht tm pbe syscall nx rdtscp lm constant_tsc arch_perfmon pebs bts rep_good nopl xtopology nonstop_tsc cpuid aperfmperf pni pclmulqdq dtes64 monitor ds_cpl vmx est tm2 ssse3 cx16 xtpr pdcm pcid sse4_1 sse4_2 x2apic popcnt tsc_deadline_timer aes xsave avx lahf_lm epb pti ssbd ibrs ibpb stibp tpr_shadow vnmi flexpriority ept vpid xsaveopt dtherm ida arat pln pts md_clear flush_l1d
Online cpus:0-3
Offline cpus:4-15
BIOS frequency limitation:<Not Available>
Frequency switch latency (ns):0
Available cpu frequencies:<Not Available>
Current governor:powersave
Core performance/turbo boost:<Not Available>

Memory: 4k page, physical 7922784k(147728k free), swap 10239996k(10172144k free)

vm_info: OpenJDK 64-Bit Server VM (13.0.7+5-Ubuntu-0ubuntu120.04) for linux-amd64 JRE (13.0.7+5-Ubuntu-0ubuntu120.04), built on Apr 21 2021 05:36:19 by "unknown" with gcc 9.3.0

END.
